n = 5
Fixing: (0, 2, 4, 1, 3)
Cycle Type: (1, 4)
Seed: 640758327
0 1 2 3 4 
1 2 3 4 0 
2 3 4 0 1 
3 4 0 1 2 
4 0 1 2 3 

0 1 2 3 4 
2 3 4 0 1 
4 0 1 2 3 
1 2 3 4 0 
3 4 0 1 2 

Time elapsed: 2
Number of branches explored: 52
Number of conflicts: 0
---------------------------------
n = 5
Fixing: (0, 4, 1, 2, 3)
Cycle Type: (1, 4)
Seed: 686343806
0 1 2 3 4 
1 2 4 0 3 
2 4 3 1 0 
3 0 1 4 2 
4 3 0 2 1 

0 1 2 3 4 
4 3 0 2 1 
1 2 4 0 3 
2 4 3 1 0 
3 0 1 4 2 

Time elapsed: 3
Number of branches explored: 72
Number of conflicts: 19
---------------------------------
n = 5
Fixing: (0, 3, 1, 4, 2)
Cycle Type: (1, 4)
Seed: 991048411
0 1 2 3 4 
1 2 3 4 0 
2 3 4 0 1 
3 4 0 1 2 
4 0 1 2 3 

0 1 2 3 4 
3 4 0 1 2 
1 2 3 4 0 
4 0 1 2 3 
2 3 4 0 1 

Time elapsed: 2
Number of branches explored: 51
Number of conflicts: 0
---------------------------------
n = 5
Fixing: (0, 3, 4, 1, 2)
Cycle Type: (1, 2, 2)
Seed: 1949429255
0 1 2 3 4 
1 2 4 0 3 
2 4 3 1 0 
3 0 1 4 2 
4 3 0 2 1 

0 1 2 3 4 
3 0 1 4 2 
4 3 0 2 1 
1 2 4 0 3 
2 4 3 1 0 

Time elapsed: 3
Number of branches explored: 76
Number of conflicts: 22
---------------------------------
n = 5
Fixing: (0, 2, 1, 4, 3)
Cycle Type: (1, 2, 2)
Seed: 742092745
0 1 2 3 4 
1 3 0 4 2 
2 0 4 1 3 
3 4 1 2 0 
4 2 3 0 1 

0 1 2 3 4 
2 0 4 1 3 
1 3 0 4 2 
4 2 3 0 1 
3 4 1 2 0 

Time elapsed: 2
Number of branches explored: 54
Number of conflicts: 2
---------------------------------
n = 5
Fixing: (0, 2, 1, 4, 3)
Cycle Type: (1, 2, 2)
Seed: 1895788007
0 1 2 3 4 
1 3 0 4 2 
2 0 4 1 3 
3 4 1 2 0 
4 2 3 0 1 

0 1 2 3 4 
2 0 4 1 3 
1 3 0 4 2 
4 2 3 0 1 
3 4 1 2 0 

Time elapsed: 2
Number of branches explored: 54
Number of conflicts: 2
---------------------------------
n = 6
Fixing: (0, 5, 3, 4, 2, 1)
Cycle Type: (1, 2, 3)
Time elapsed: 444
Number of branches explored: 11314
Number of conflicts: 9706
---------------------------------
n = 6
Fixing: (0, 3, 4, 5, 2, 1)
Cycle Type: (1, 2, 3)
Time elapsed: 442
Number of branches explored: 11465
Number of conflicts: 9851
---------------------------------
n = 6
Fixing: (0, 3, 1, 2, 5, 4)
Cycle Type: (1, 2, 3)
Time elapsed: 328
Number of branches explored: 8930
Number of conflicts: 7581
---------------------------------
n = 6
Fixing: (0, 2, 3, 4, 5, 1)
Cycle Type: (1, 5)
Time elapsed: 367
Number of branches explored: 9977
Number of conflicts: 8440
---------------------------------
n = 6
Fixing: (0, 4, 3, 5, 2, 1)
Cycle Type: (1, 5)
Time elapsed: 425
Number of branches explored: 11374
Number of conflicts: 9723
---------------------------------
n = 6
Fixing: (0, 4, 5, 1, 2, 3)
Cycle Type: (1, 5)
Time elapsed: 411
Number of branches explored: 10864
Number of conflicts: 9168
---------------------------------
n = 7
Fixing: (0, 6, 5, 2, 1, 3, 4)
Cycle Type: (1, 3, 3)
Seed: 1427081753
0 1 2 3 4 5 6 
1 2 0 4 3 6 5 
2 6 3 5 0 1 4 
3 4 5 2 6 0 1 
4 5 6 1 2 3 0 
5 0 4 6 1 2 3 
6 3 1 0 5 4 2 

0 1 2 3 4 5 6 
6 3 4 0 5 2 1 
5 0 1 6 3 4 2 
2 5 0 4 1 6 3 
1 4 3 2 6 0 5 
3 2 6 5 0 1 4 
4 6 5 1 2 3 0 

Time elapsed: 5664
Number of branches explored: 109272
Number of conflicts: 86443
---------------------------------
n = 7
Fixing: (0, 2, 6, 5, 3, 4, 1)
Cycle Type: (1, 3, 3)
Seed: 1719524728
0 1 2 3 4 5 6 
1 4 3 0 2 6 5 
2 6 0 5 3 4 1 
3 5 4 1 6 2 0 
4 0 1 6 5 3 2 
5 3 6 2 0 1 4 
6 2 5 4 1 0 3 

0 1 2 3 4 5 6 
2 6 1 4 5 0 3 
6 4 3 0 2 1 5 
5 2 0 6 3 4 1 
3 5 4 2 1 6 0 
4 0 5 1 6 3 2 
1 3 6 5 0 2 4 

Time elapsed: 1850
Number of branches explored: 37039
Number of conflicts: 28211
---------------------------------
n = 7
Fixing: (0, 3, 5, 6, 2, 4, 1)
Cycle Type: (1, 3, 3)
Seed: 1812069384
0 1 2 3 4 5 6 
1 2 4 6 5 3 0 
2 3 0 5 6 1 4 
3 5 6 4 1 0 2 
4 6 3 1 0 2 5 
5 4 1 0 2 6 3 
6 0 5 2 3 4 1 

0 1 2 3 4 5 6 
3 6 0 4 1 2 5 
5 0 1 6 2 4 3 
6 2 5 1 0 3 4 
2 3 4 5 6 1 0 
4 5 6 2 3 0 1 
1 4 3 0 5 6 2 

Time elapsed: 909
Number of branches explored: 18655
Number of conflicts: 14424
---------------------------------
n = 7
Fixing: (0, 5, 3, 4, 6, 2, 1)
Cycle Type: (1, 6)
Seed: 79706355
0 1 2 3 4 5 6 
1 2 3 5 0 6 4 
2 5 1 6 3 4 0 
3 6 5 4 1 0 2 
4 0 6 2 5 1 3 
5 3 4 0 6 2 1 
6 4 0 1 2 3 5 

0 1 2 3 4 5 6 
5 0 1 6 3 4 2 
3 4 6 2 5 0 1 
4 3 0 1 2 6 5 
6 2 5 4 1 3 0 
2 6 3 5 0 1 4 
1 5 4 0 6 2 3 

Time elapsed: 3854
Number of branches explored: 79405
Number of conflicts: 60903
---------------------------------
n = 7
Fixing: (0, 4, 5, 6, 2, 3, 1)
Cycle Type: (1, 6)
Seed: 445214499
0 1 2 3 4 5 6 
1 5 6 0 3 4 2 
2 3 5 4 6 0 1 
3 2 0 1 5 6 4 
4 6 1 2 0 3 5 
5 0 4 6 2 1 3 
6 4 3 5 1 2 0 

0 1 2 3 4 5 6 
4 6 5 1 2 3 0 
5 4 1 0 3 6 2 
6 3 4 5 0 2 1 
2 0 3 6 5 1 4 
3 2 6 4 1 0 5 
1 5 0 2 6 4 3 

Time elapsed: 3084
Number of branches explored: 60392
Number of conflicts: 46782
---------------------------------
n = 7
Fixing: (0, 5, 4, 1, 6, 2, 3)
Cycle Type: (1, 6)
Seed: 1111664772
0 1 2 3 4 5 6 
1 0 3 4 2 6 5 
2 5 6 1 3 0 4 
3 4 1 5 6 2 0 
4 6 0 2 5 1 3 
5 2 4 6 0 3 1 
6 3 5 0 1 4 2 

0 1 2 3 4 5 6 
5 2 6 0 3 1 4 
4 3 0 2 5 6 1 
1 5 4 6 2 0 3 
6 4 5 1 0 3 2 
2 6 3 5 1 4 0 
3 0 1 4 6 2 5 

Time elapsed: 656
Number of branches explored: 13993
Number of conflicts: 10518
---------------------------------
n = 7
Fixing: (0, 6, 1, 2, 5, 4, 3)
Cycle Type: (1, 2, 4)
Seed: 1040066565
0 1 2 3 4 5 6 
1 0 3 2 6 4 5 
2 5 0 6 3 1 4 
3 4 6 5 2 0 1 
4 3 5 0 1 6 2 
5 6 4 1 0 2 3 
6 2 1 4 5 3 0 

0 1 2 3 4 5 6 
6 2 5 4 1 0 3 
1 6 3 5 0 4 2 
2 3 4 0 6 1 5 
5 4 1 6 3 2 0 
4 0 6 2 5 3 1 
3 5 0 1 2 6 4 

Time elapsed: 989
Number of branches explored: 18967
Number of conflicts: 14501
---------------------------------
n = 7
Fixing: (0, 5, 6, 2, 3, 1, 4)
Cycle Type: (1, 2, 4)
Seed: 647160958
0 1 2 3 4 5 6 
1 4 6 0 5 2 3 
2 5 0 6 3 1 4 
3 6 1 4 2 0 5 
4 3 5 2 0 6 1 
5 0 4 1 6 3 2 
6 2 3 5 1 4 0 

0 1 2 3 4 5 6 
5 6 3 1 2 4 0 
6 3 4 2 5 0 1 
2 5 6 0 1 3 4 
3 4 0 5 6 1 2 
1 2 5 4 0 6 3 
4 0 1 6 3 2 5 

Time elapsed: 4575
Number of branches explored: 84469
Number of conflicts: 68223
---------------------------------
n = 7
Fixing: (0, 2, 6, 1, 5, 4, 3)
Cycle Type: (1, 2, 4)
Seed: 747229111
0 1 2 3 4 5 6 
1 5 4 2 3 6 0 
2 6 0 1 5 4 3 
3 4 1 5 6 0 2 
4 2 3 6 0 1 5 
5 0 6 4 2 3 1 
6 3 5 0 1 2 4 

0 1 2 3 4 5 6 
2 6 3 5 0 4 1 
6 2 5 0 3 1 4 
1 0 4 2 5 6 3 
5 4 6 1 2 3 0 
4 3 0 6 1 2 5 
3 5 1 4 6 0 2 

Time elapsed: 30130
Number of branches explored: 555911
Number of conflicts: 447942
---------------------------------
n = 7
Fixing: (0, 3, 6, 1, 5, 4, 2)
Cycle Type: (1, 2, 2, 2)
Seed: 2050178072
0 1 2 3 4 5 6 
1 4 3 6 5 2 0 
2 6 0 4 3 1 5 
3 0 1 5 6 4 2 
4 5 6 1 2 0 3 
5 3 4 2 0 6 1 
6 2 5 0 1 3 4 

0 1 2 3 4 5 6 
3 2 0 5 6 4 1 
6 4 5 1 2 0 3 
1 6 4 2 0 3 5 
5 0 3 6 1 2 4 
4 5 6 0 3 1 2 
2 3 1 4 5 6 0 

Time elapsed: 1961
Number of branches explored: 41218
Number of conflicts: 31521
---------------------------------
n = 7
Fixing: (0, 4, 5, 6, 1, 2, 3)
Cycle Type: (1, 2, 2, 2)
Seed: 888965400
0 1 2 3 4 5 6 
1 0 3 4 2 6 5 
2 6 4 5 1 0 3 
3 5 1 6 0 4 2 
4 2 5 0 6 3 1 
5 4 6 2 3 1 0 
6 3 0 1 5 2 4 

0 1 2 3 4 5 6 
4 2 0 5 6 1 3 
5 0 3 1 2 6 4 
6 4 5 2 3 0 1 
1 3 6 4 5 2 0 
2 6 4 0 1 3 5 
3 5 1 6 0 4 2 

Time elapsed: 188
Number of branches explored: 3709
Number of conflicts: 2761
---------------------------------
n = 7
Fixing: (0, 6, 3, 2, 5, 4, 1)
Cycle Type: (1, 2, 2, 2)
Seed: 1544892637
0 1 2 3 4 5 6 
1 0 3 2 5 6 4 
2 3 1 5 6 4 0 
3 5 4 6 0 2 1 
4 6 5 1 3 0 2 
5 4 6 0 2 1 3 
6 2 0 4 1 3 5 

0 1 2 3 4 5 6 
6 4 5 1 2 0 3 
3 0 4 6 5 1 2 
2 3 0 4 1 6 5 
5 2 1 0 6 3 4 
4 6 3 5 0 2 1 
1 5 6 2 3 4 0 

Time elapsed: 3505
Number of branches explored: 69565
Number of conflicts: 54142
---------------------------------
n = 8
Fixing: (0, 2, 6, 7, 5, 3, 4, 1)
Cycle Type: (1, 7)
Seed: 106622026
0 1 2 3 4 5 6 7 
1 6 0 2 5 4 7 3 
2 4 3 5 0 7 1 6 
3 0 4 7 2 6 5 1 
4 7 1 0 6 2 3 5 
5 2 7 6 3 1 0 4 
6 3 5 1 7 0 4 2 
7 5 6 4 1 3 2 0 

0 1 2 3 4 5 6 7 
2 3 4 1 7 0 5 6 
6 7 5 0 1 3 4 2 
7 5 6 4 3 1 2 0 
5 2 3 6 0 7 1 4 
3 4 0 5 2 6 7 1 
4 0 1 7 6 2 3 5 
1 6 7 2 5 4 0 3 

Time elapsed: 368225
Number of branches explored: 4993371
Number of conflicts: 3740724
---------------------------------
n = 8
Fixing: (0, 7, 5, 6, 2, 1, 4, 3)
Cycle Type: (1, 7)
Seed: 2089567881
0 1 2 3 4 5 6 7 
1 3 4 0 5 6 7 2 
2 5 3 7 6 4 1 0 
3 0 6 4 1 7 2 5 
4 2 0 6 7 1 5 3 
5 6 7 1 0 2 3 4 
6 7 5 2 3 0 4 1 
7 4 1 5 2 3 0 6 

0 1 2 3 4 5 6 7 
7 0 1 4 6 2 5 3 
5 3 7 6 1 0 4 2 
6 5 3 7 2 1 0 4 
2 4 6 5 0 3 7 1 
1 7 4 0 3 6 2 5 
4 2 0 1 5 7 3 6 
3 6 5 2 7 4 1 0 

Time elapsed: 157017
Number of branches explored: 2193533
Number of conflicts: 1638320
---------------------------------
n = 8
Fixing: (0, 4, 7, 1, 2, 6, 3, 5)
Cycle Type: (1, 7)
Seed: 56920431
0 1 2 3 4 5 6 7 
1 5 0 6 7 2 3 4 
2 3 7 5 6 0 4 1 
3 6 5 4 2 7 1 0 
4 7 3 2 1 6 0 5 
5 4 1 7 0 3 2 6 
6 2 4 0 5 1 7 3 
7 0 6 1 3 4 5 2 

0 1 2 3 4 5 6 7 
4 2 1 7 0 6 5 3 
7 4 6 0 2 3 1 5 
1 5 7 6 3 4 0 2 
2 3 0 5 6 1 7 4 
6 7 3 1 5 2 4 0 
3 0 5 4 1 7 2 6 
5 6 4 2 7 0 3 1 

Time elapsed: 645773
Number of branches explored: 8929677
Number of conflicts: 6794785
---------------------------------
n = 8
Fixing: (0, 5, 6, 1, 3, 4, 7, 2)
Cycle Type: (1, 3, 4)
Seed: 1480578639
0 1 2 3 4 5 6 7 
1 2 6 5 7 4 0 3 
2 4 0 6 1 7 3 5 
3 0 4 7 5 6 2 1 
4 7 3 0 2 1 5 6 
5 3 7 1 6 0 4 2 
6 5 1 2 0 3 7 4 
7 6 5 4 3 2 1 0 

0 1 2 3 4 5 6 7 
5 0 1 6 3 2 7 4 
6 7 4 5 0 1 2 3 
1 6 5 0 7 4 3 2 
3 4 7 2 5 6 1 0 
4 5 6 7 2 3 0 1 
7 2 3 4 1 0 5 6 
2 3 0 1 6 7 4 5 

Time elapsed: 1282730
Number of branches explored: 17735804
Number of conflicts: 13484310
---------------------------------
n = 8
Fixing: (0, 3, 1, 5, 6, 2, 7, 4)
Cycle Type: (1, 3, 4)
Seed: 1097464725
0 1 2 3 4 5 6 7 
1 0 4 6 2 3 7 5 
2 7 0 5 3 1 4 6 
3 5 7 1 6 0 2 4 
4 6 1 7 5 2 0 3 
5 2 6 4 0 7 3 1 
6 3 5 0 7 4 1 2 
7 4 3 2 1 6 5 0 

0 1 2 3 4 5 6 7 
3 2 1 0 7 4 5 6 
1 0 5 7 2 6 3 4 
5 3 6 4 1 7 0 2 
6 5 7 2 0 3 4 1 
2 4 3 5 6 1 7 0 
7 6 4 1 3 0 2 5 
4 7 0 6 5 2 1 3 

Time elapsed: 1570305
Number of branches explored: 21468672
Number of conflicts: 16201881
---------------------------------
n = 8
Fixing: (0, 2, 7, 1, 6, 4, 5, 3)
Cycle Type: (1, 3, 4)
Seed: 993068718
0 1 2 3 4 5 6 7 
1 4 3 2 5 0 7 6 
2 6 4 1 3 7 0 5 
3 0 5 7 6 4 1 2 
4 3 0 6 7 2 5 1 
5 7 6 4 1 3 2 0 
6 2 7 5 0 1 4 3 
7 5 1 0 2 6 3 4 

0 1 2 3 4 5 6 7 
2 3 4 1 7 6 5 0 
7 2 5 6 0 1 4 3 
1 7 6 4 3 2 0 5 
6 5 3 7 2 0 1 4 
4 6 1 0 5 7 3 2 
5 4 0 2 1 3 7 6 
3 0 7 5 6 4 2 1 

Time elapsed: 490453
Number of branches explored: 6547323
Number of conflicts: 4974917
---------------------------------
n = 8
Fixing: (0, 4, 5, 6, 1, 2, 7, 3)
Cycle Type: (1, 2, 2, 3)
Seed: 1071927395
0 1 2 3 4 5 6 7 
1 2 4 5 6 3 7 0 
2 6 1 0 3 7 4 5 
3 7 5 6 0 1 2 4 
4 5 0 7 2 6 1 3 
5 4 6 1 7 0 3 2 
6 3 7 2 5 4 0 1 
7 0 3 4 1 2 5 6 

0 1 2 3 4 5 6 7 
4 3 0 1 5 7 2 6 
5 0 6 2 1 4 7 3 
6 5 7 4 3 0 1 2 
1 4 5 6 7 2 3 0 
2 6 3 7 0 1 5 4 
7 2 1 0 6 3 4 5 
3 7 4 5 2 6 0 1 

Time elapsed: 2397795
Number of branches explored: 33009259
Number of conflicts: 25370244
---------------------------------
n = 8
Fixing: (0, 5, 7, 4, 3, 6, 1, 2)
Cycle Type: (1, 2, 2, 3)
Seed: 869130931
0 1 2 3 4 5 6 7 
1 0 3 5 2 4 7 6 
2 3 0 6 7 1 5 4 
3 5 7 1 0 6 4 2 
4 2 6 0 1 7 3 5 
5 4 1 7 6 0 2 3 
6 7 5 4 3 2 1 0 
7 6 4 2 5 3 0 1 

0 1 2 3 4 5 6 7 
5 2 0 7 6 1 4 3 
7 6 1 4 3 0 2 5 
4 3 5 6 7 2 0 1 
3 4 7 5 2 6 1 0 
6 7 3 1 0 4 5 2 
1 0 4 2 5 3 7 6 
2 5 6 0 1 7 3 4 

Time elapsed: 41631
Number of branches explored: 603896
Number of conflicts: 453881
---------------------------------
n = 8
Fixing: (0, 4, 3, 6, 1, 7, 2, 5)
Cycle Type: (1, 2, 2, 3)
Seed: 1529028605
0 1 2 3 4 5 6 7 
1 3 7 0 6 4 5 2 
2 5 0 4 3 1 7 6 
3 7 1 6 0 2 4 5 
4 2 6 1 5 7 3 0 
5 6 3 7 2 0 1 4 
6 4 5 2 7 3 0 1 
7 0 4 5 1 6 2 3 

0 1 2 3 4 5 6 7 
4 7 6 5 1 2 3 0 
3 0 1 7 2 6 4 5 
6 2 5 4 3 7 0 1 
1 4 7 0 6 3 5 2 
7 3 0 1 5 4 2 6 
2 5 4 6 0 1 7 3 
5 6 3 2 7 0 1 4 

Time elapsed: 293673
Number of branches explored: 4305602
Number of conflicts: 3237087
---------------------------------
n = 8
Fixing: (0, 2, 4, 1, 6, 7, 3, 5)
Cycle Type: (1, 2, 5)
Seed: 266491934
0 1 2 3 4 5 6 7 
1 0 5 2 7 4 3 6 
2 3 4 0 1 6 7 5 
3 2 7 6 0 1 5 4 
4 6 0 5 3 7 1 2 
5 7 6 4 2 3 0 1 
6 4 1 7 5 0 2 3 
7 5 3 1 6 2 4 0 

0 1 2 3 4 5 6 7 
2 4 6 7 3 0 5 1 
4 0 3 5 6 7 1 2 
1 6 0 2 7 3 4 5 
6 5 1 0 2 4 7 3 
7 2 4 1 5 6 3 0 
3 7 5 6 1 2 0 4 
5 3 7 4 0 1 2 6 

Time elapsed: 1505940
Number of branches explored: 21043949
Number of conflicts: 15896205
---------------------------------
n = 8
Fixing: (0, 3, 5, 1, 2, 7, 4, 6)
Cycle Type: (1, 2, 5)
Seed: 1510716916
0 1 2 3 4 5 6 7 
1 0 3 2 5 4 7 6 
2 4 7 0 1 6 5 3 
3 5 1 6 7 0 4 2 
4 2 0 7 6 1 3 5 
5 3 6 1 0 7 2 4 
6 7 4 5 2 3 0 1 
7 6 5 4 3 2 1 0 

0 1 2 3 4 5 6 7 
3 2 0 7 6 1 4 5 
5 3 1 6 7 0 2 4 
1 0 5 2 3 4 7 6 
2 4 7 0 1 6 5 3 
7 6 3 4 5 2 1 0 
4 5 6 1 0 7 3 2 
6 7 4 5 2 3 0 1 

Time elapsed: 25005
Number of branches explored: 385882
Number of conflicts: 281205
---------------------------------
n = 8
Fixing: (0, 6, 1, 7, 5, 2, 4, 3)
Cycle Type: (1, 2, 5)
Seed: 2119002436
0 1 2 3 4 5 6 7 
1 0 5 4 7 6 2 3 
2 3 0 6 5 7 4 1 
3 2 1 5 6 4 7 0 
4 5 6 7 0 1 3 2 
5 7 4 1 3 2 0 6 
6 4 7 0 2 3 1 5 
7 6 3 2 1 0 5 4 

0 1 2 3 4 5 6 7 
6 7 0 1 2 3 4 5 
1 6 5 7 3 4 0 2 
7 0 3 6 5 2 1 4 
5 4 1 0 6 7 2 3 
2 5 7 4 1 6 3 0 
4 3 6 2 7 0 5 1 
3 2 4 5 0 1 7 6 

Time elapsed: 164489
Number of branches explored: 2235261
Number of conflicts: 1651565
---------------------------------
n = 9
Fixing: (0, 3, 5, 4, 8, 7, 2, 6, 1)
Cycle Type: (1, 4, 4)
Time elapsed: 60000000
Number of branches explored: 581891203
Number of conflicts: 428398758
---------------------------------