n = 5
Fixing: (0, 2, 4, 1, 3)
Cycle Type: (1, 4)
Seed: 184425401

0 1 2 3 4
1 2 3 4 0 
2 3 4 0 1 
3 4 0 1 2 
4 0 1 2 3 

0 1 2 3 4 
2 3 4 0 1 
4 0 1 2 3 
1 2 3 4 0 
3 4 0 1 2 

Time elapsed: 0.005
Number of branches explored: 13
Number of conflicts: 0
---------------------------------
n = 5
Fixing: (0, 4, 1, 2, 3)
Cycle Type: (1, 4)
Seed: 1648266734

0 1 2 3 4
1 4 3 0 2 
2 3 1 4 0 
3 0 4 2 1 
4 2 0 1 3 

0 1 2 3 4 
4 2 0 1 3 
1 4 3 0 2 
2 3 1 4 0 
3 0 4 2 1 

Time elapsed: 0.005
Number of branches explored: 13
Number of conflicts: 0
---------------------------------
n = 5
Fixing: (0, 3, 1, 4, 2)
Cycle Type: (1, 4)
Seed: 1210130005

0 1 2 3 4
1 3 4 2 0 
2 4 1 0 3 
3 2 0 4 1 
4 0 3 1 2 

0 1 2 3 4 
3 2 0 4 1 
1 3 4 2 0 
4 0 3 1 2 
2 4 1 0 3 

Time elapsed: 0.005
Number of branches explored: 13
Number of conflicts: 0
---------------------------------
n = 5
Fixing: (0, 3, 4, 1, 2)
Cycle Type: (1, 2, 2)
Seed: 716598335

0 1 2 3 4
1 4 3 0 2 
2 3 1 4 0 
3 0 4 2 1 
4 2 0 1 3 

0 1 2 3 4 
3 0 4 2 1 
4 2 0 1 3 
1 4 3 0 2 
2 3 1 4 0 

Time elapsed: 0.006
Number of branches explored: 13
Number of conflicts: 0
---------------------------------
n = 5
Fixing: (0, 2, 1, 4, 3)
Cycle Type: (1, 2, 2)
Seed: 992291485

0 1 2 3 4
1 4 0 2 3 
2 0 3 4 1 
3 2 4 1 0 
4 3 1 0 2 

0 1 2 3 4 
2 0 3 4 1 
1 4 0 2 3 
4 3 1 0 2 
3 2 4 1 0 

Time elapsed: 0.005
Number of branches explored: 13
Number of conflicts: 0
---------------------------------
n = 5
Fixing: (0, 2, 1, 4, 3)
Cycle Type: (1, 2, 2)
Seed: 1422920543

0 1 2 3 4
1 4 0 2 3 
2 0 3 4 1 
3 2 4 1 0 
4 3 1 0 2 

0 1 2 3 4 
2 0 3 4 1 
1 4 0 2 3 
4 3 1 0 2 
3 2 4 1 0 

Time elapsed: 0.005
Number of branches explored: 13
Number of conflicts: 0
---------------------------------
n = 6
Fixing: (0, 5, 3, 4, 2, 1)
Cycle Type: (1, 2, 3)

Time elapsed: 0.059
Number of branches explored: 1914
Number of conflicts: 963
---------------------------------
n = 6
Fixing: (0, 3, 4, 5, 2, 1)
Cycle Type: (1, 2, 3)

Time elapsed: 0.064
Number of branches explored: 2098
Number of conflicts: 1097
---------------------------------
n = 6
Fixing: (0, 3, 1, 2, 5, 4)
Cycle Type: (1, 2, 3)

Time elapsed: 0.07
Number of branches explored: 2309
Number of conflicts: 1304
---------------------------------
n = 6
Fixing: (0, 2, 3, 4, 5, 1)
Cycle Type: (1, 5)

Time elapsed: 0.064
Number of branches explored: 2128
Number of conflicts: 1080
---------------------------------
n = 6
Fixing: (0, 4, 3, 5, 2, 1)
Cycle Type: (1, 5)

Time elapsed: 0.062
Number of branches explored: 1998
Number of conflicts: 1041
---------------------------------
n = 6
Fixing: (0, 4, 5, 1, 2, 3)
Cycle Type: (1, 5)

Time elapsed: 0.091
Number of branches explored: 2949
Number of conflicts: 1766
---------------------------------
n = 7
Fixing: (0, 6, 5, 2, 1, 3, 4)
Cycle Type: (1, 3, 3)
Seed: 851865165

0 1 2 3 4 5 6
1 6 3 5 0 2 4 
2 0 6 1 5 4 3 
3 5 4 6 2 1 0 
4 2 1 0 6 3 5 
5 3 0 4 1 6 2 
6 4 5 2 3 0 1 

0 1 2 3 4 5 6 
6 5 1 4 2 3 0 
5 3 0 2 1 6 4 
2 0 3 1 6 4 5 
1 4 5 6 3 0 2 
3 6 4 5 0 2 1 
4 2 6 0 5 1 3 

Time elapsed: 0.235
Number of branches explored: 7093
Number of conflicts: 3648
---------------------------------
n = 7
Fixing: (0, 2, 6, 5, 3, 4, 1)
Cycle Type: (1, 3, 3)
Seed: 1729800313

0 1 2 3 4 5 6
1 4 6 2 3 0 5 
2 6 1 0 5 3 4 
3 2 0 5 6 4 1 
4 3 5 6 2 1 0 
5 0 3 4 1 6 2 
6 5 4 1 0 2 3 

0 1 2 3 4 5 6 
2 0 3 5 6 4 1 
6 5 4 1 3 0 2 
5 4 6 2 0 1 3 
3 2 0 4 1 6 5 
4 3 1 6 5 2 0 
1 6 5 0 2 3 4 

Time elapsed: 0.138
Number of branches explored: 4530
Number of conflicts: 1885
---------------------------------
n = 7
Fixing: (0, 3, 5, 6, 2, 4, 1)
Cycle Type: (1, 3, 3)
Seed: 1404484818

0 1 2 3 4 5 6
1 4 3 6 5 0 2 
2 6 1 5 3 4 0 
3 5 4 2 0 6 1 
4 2 5 0 6 1 3 
5 0 6 1 2 3 4 
6 3 0 4 1 2 5 

0 1 2 3 4 5 6 
3 6 5 2 0 1 4 
5 0 4 6 1 3 2 
6 2 0 1 3 4 5 
2 3 1 4 5 6 0 
4 5 3 0 6 2 1 
1 4 6 5 2 0 3 

Time elapsed: 0.333
Number of branches explored: 9826
Number of conflicts: 5331
---------------------------------
n = 7
Fixing: (0, 5, 3, 4, 6, 2, 1)
Cycle Type: (1, 6)
Seed: 1059438046

0 1 2 3 4 5 6
1 5 4 0 6 2 3 
2 4 3 5 0 6 1 
3 0 5 6 2 1 4 
4 6 0 2 1 3 5 
5 2 6 1 3 4 0 
6 3 1 4 5 0 2 

0 1 2 3 4 5 6 
5 4 3 1 0 6 2 
3 5 1 0 6 2 4 
4 2 6 5 1 3 0 
6 3 5 4 2 0 1 
2 0 4 6 5 1 3 
1 6 0 2 3 4 5 

Time elapsed: 0.667
Number of branches explored: 18056
Number of conflicts: 11206
---------------------------------
n = 7
Fixing: (0, 4, 5, 6, 2, 3, 1)
Cycle Type: (1, 6)
Seed: 1898339418

0 1 2 3 4 5 6
1 0 3 2 6 4 5 
2 6 4 1 5 3 0 
3 5 6 4 0 1 2 
4 2 0 5 3 6 1 
5 3 1 6 2 0 4 
6 4 5 0 1 2 3 

0 1 2 3 4 5 6 
4 3 5 0 2 6 1 
5 0 3 2 6 1 4 
6 2 4 1 5 0 3 
2 6 1 4 0 3 5 
3 4 6 5 1 2 0 
1 5 0 6 3 4 2 

Time elapsed: 0.062
Number of branches explored: 1985
Number of conflicts: 309
---------------------------------
n = 7
Fixing: (0, 5, 4, 1, 6, 2, 3)
Cycle Type: (1, 6)
Seed: 1995381788

0 1 2 3 4 5 6
1 6 5 2 0 4 3 
2 5 0 1 3 6 4 
3 4 1 6 2 0 5 
4 3 6 5 1 2 0 
5 2 4 0 6 3 1 
6 0 3 4 5 1 2 

0 1 2 3 4 5 6 
5 4 6 1 2 3 0 
4 0 3 6 5 1 2 
1 5 0 2 6 4 3 
6 2 5 4 3 0 1 
2 3 1 5 0 6 4 
3 6 4 0 1 2 5 

Time elapsed: 0.122
Number of branches explored: 4110
Number of conflicts: 1543
---------------------------------
n = 7
Fixing: (0, 6, 1, 2, 5, 4, 3)
Cycle Type: (1, 2, 4)
Seed: 1795207322

0 1 2 3 4 5 6
1 5 0 4 6 3 2 
2 6 3 0 5 4 1 
3 2 4 1 0 6 5 
4 3 6 5 2 1 0 
5 0 1 6 3 2 4 
6 4 5 2 1 0 3 

0 1 2 3 4 5 6 
6 2 4 1 5 0 3 
1 0 6 5 3 2 4 
2 5 3 0 6 4 1 
5 4 1 6 0 3 2 
4 3 5 2 1 6 0 
3 6 0 4 2 1 5 

Time elapsed: 0.233
Number of branches explored: 6675
Number of conflicts: 3429
---------------------------------
n = 7
Fixing: (0, 5, 6, 2, 3, 1, 4)
Cycle Type: (1, 2, 4)
Seed: 1212717775

0 1 2 3 4 5 6
1 4 0 2 3 6 5 
2 6 1 5 0 4 3 
3 2 6 4 5 1 0 
4 0 5 1 6 3 2 
5 3 4 6 2 0 1 
6 5 3 0 1 2 4 

0 1 2 3 4 5 6 
5 6 4 1 0 3 2 
6 0 3 4 1 2 5 
2 5 1 0 6 4 3 
3 2 0 6 5 1 4 
1 4 5 2 3 6 0 
4 3 6 5 2 0 1 

Time elapsed: 0.93
Number of branches explored: 23406
Number of conflicts: 15645
---------------------------------
n = 7
Fixing: (0, 2, 6, 1, 5, 4, 3)
Cycle Type: (1, 2, 4)
Seed: 667009089

0 1 2 3 4 5 6
1 4 6 5 2 0 3 
2 6 5 1 3 4 0 
3 5 1 2 0 6 4 
4 2 3 0 6 1 5 
5 0 4 6 1 3 2 
6 3 0 4 5 2 1 

0 1 2 3 4 5 6 
2 6 5 1 0 3 4 
6 4 3 5 2 0 1 
1 0 6 4 5 2 3 
5 3 0 6 1 4 2 
4 2 1 0 3 6 5 
3 5 4 2 6 1 0 

Time elapsed: 1.165
Number of branches explored: 29141
Number of conflicts: 19116
---------------------------------
n = 7
Fixing: (0, 3, 6, 1, 5, 4, 2)
Cycle Type: (1, 2, 2, 2)
Seed: 213264353

0 1 2 3 4 5 6
1 0 6 5 3 4 2 
2 3 5 4 6 0 1 
3 2 4 6 0 1 5 
4 6 1 0 5 2 3 
5 4 3 2 1 6 0 
6 5 0 1 2 3 4 

0 1 2 3 4 5 6 
3 5 4 6 0 2 1 
6 2 0 1 3 4 5 
1 4 3 5 6 0 2 
5 0 6 2 1 3 4 
4 6 5 0 2 1 3 
2 3 1 4 5 6 0 

Time elapsed: 0.142
Number of branches explored: 4240
Number of conflicts: 1860
---------------------------------
n = 7
Fixing: (0, 4, 5, 6, 1, 2, 3)
Cycle Type: (1, 2, 2, 2)
Seed: 2092738510

0 1 2 3 4 5 6
1 0 5 6 3 2 4 
2 6 1 4 5 0 3 
3 2 4 1 0 6 5 
4 5 3 2 6 1 0 
5 4 6 0 1 3 2 
6 3 0 5 2 4 1 

0 1 2 3 4 5 6 
4 3 1 5 2 6 0 
5 2 0 6 3 4 1 
6 0 3 2 5 1 4 
1 6 5 4 0 3 2 
2 5 4 1 6 0 3 
3 4 6 0 1 2 5 

Time elapsed: 0.107
Number of branches explored: 3486
Number of conflicts: 1308
---------------------------------
n = 7
Fixing: (0, 6, 3, 2, 5, 4, 1)
Cycle Type: (1, 2, 2, 2)
Seed: 1513098965

0 1 2 3 4 5 6
1 2 6 0 5 3 4 
2 6 4 1 3 0 5 
3 0 1 5 6 4 2 
4 5 3 6 1 2 0 
5 3 0 4 2 6 1 
6 4 5 2 0 1 3 

0 1 2 3 4 5 6 
6 5 3 2 0 4 1 
3 4 0 5 6 1 2 
2 6 4 1 5 3 0 
5 3 1 0 2 6 4 
4 0 5 6 1 2 3 
1 2 6 4 3 0 5 

Time elapsed: 0.124
Number of branches explored: 3662
Number of conflicts: 1509
---------------------------------
n = 8
Fixing: (0, 2, 6, 7, 5, 3, 4, 1)
Cycle Type: (1, 7)
Seed: 2042772302

0 1 2 3 4 5 6 7
1 5 4 6 7 2 0 3 
2 6 0 7 1 3 5 4 
3 4 7 2 5 6 1 0 
4 3 6 1 0 7 2 5 
5 2 1 4 3 0 7 6 
6 7 5 0 2 4 3 1 
7 0 3 5 6 1 4 2 

0 1 2 3 4 5 6 7 
2 0 1 5 6 3 7 4 
6 3 5 2 7 1 4 0 
7 2 3 4 1 0 5 6 
5 6 7 0 3 4 1 2 
3 7 4 6 5 2 0 1 
4 5 6 1 0 7 2 3 
1 4 0 7 2 6 3 5 

Time elapsed: 3.206
Number of branches explored: 88969
Number of conflicts: 49741
---------------------------------
n = 8
Fixing: (0, 7, 5, 6, 2, 1, 4, 3)
Cycle Type: (1, 7)
Seed: 1518287459

0 1 2 3 4 5 6 7
1 3 4 2 6 7 5 0 
2 4 6 1 7 0 3 5 
3 0 7 5 2 1 4 6 
4 7 5 6 0 3 1 2 
5 2 0 4 1 6 7 3 
6 5 1 7 3 2 0 4 
7 6 3 0 5 4 2 1 

0 1 2 3 4 5 6 7 
7 2 6 0 1 4 3 5 
5 0 3 4 2 1 7 6 
6 4 5 2 7 3 1 0 
2 6 4 7 3 0 5 1 
1 3 7 5 6 2 0 4 
4 7 0 1 5 6 2 3 
3 5 1 6 0 7 4 2 

Time elapsed: 19.489
Number of branches explored: 405536
Number of conflicts: 247011
---------------------------------
n = 8
Fixing: (0, 4, 7, 1, 2, 6, 3, 5)
Cycle Type: (1, 7)
Seed: 710597894

0 1 2 3 4 5 6 7
1 6 4 7 5 0 2 3 
2 7 3 1 0 4 5 6 
3 4 1 5 7 6 0 2 
4 2 6 0 3 7 1 5 
5 3 7 2 6 1 4 0 
6 5 0 4 2 3 7 1 
7 0 5 6 1 2 3 4 

0 1 2 3 4 5 6 7 
4 7 1 6 3 2 5 0 
7 4 5 0 6 3 1 2 
1 5 6 2 0 4 7 3 
2 6 0 5 7 1 3 4 
6 2 3 4 5 7 0 1 
3 0 4 7 1 6 2 5 
5 3 7 1 2 0 4 6 

Time elapsed: 10.794
Number of branches explored: 249041
Number of conflicts: 147521
---------------------------------
n = 8
Fixing: (0, 5, 6, 1, 3, 4, 7, 2)
Cycle Type: (1, 3, 4)
Seed: 1192717929

0 1 2 3 4 5 6 7
1 0 4 2 5 6 7 3 
2 6 3 0 7 1 5 4 
3 5 1 7 6 4 0 2 
4 7 6 5 1 3 2 0 
5 4 0 6 2 7 3 1 
6 2 7 1 3 0 4 5 
7 3 5 4 0 2 1 6 

0 1 2 3 4 5 6 7 
5 3 7 0 2 1 4 6 
6 2 5 4 1 7 3 0 
1 0 4 6 3 2 7 5 
3 5 0 7 6 4 1 2 
4 6 1 5 7 0 2 3 
7 4 3 2 0 6 5 1 
2 7 6 1 5 3 0 4 

Time elapsed: 1.442
Number of branches explored: 42570
Number of conflicts: 23472
---------------------------------
n = 8
Fixing: (0, 3, 1, 5, 6, 2, 7, 4)
Cycle Type: (1, 3, 4)
Seed: 727939280

0 1 2 3 4 5 6 7
1 4 7 5 3 0 2 6 
2 6 4 7 1 3 0 5 
3 5 6 1 2 7 4 0 
4 0 3 2 7 6 5 1 
5 3 1 6 0 4 7 2 
6 7 0 4 5 2 1 3 
7 2 5 0 6 1 3 4 

0 1 2 3 4 5 6 7 
3 7 5 4 6 1 0 2 
1 5 3 6 2 7 4 0 
5 6 4 0 7 2 1 3 
6 2 0 5 1 3 7 4 
2 4 7 1 5 0 3 6 
7 0 6 2 3 4 5 1 
4 3 1 7 0 6 2 5 

Time elapsed: 5.634
Number of branches explored: 143400
Number of conflicts: 84044
---------------------------------
n = 8
Fixing: (0, 2, 7, 1, 6, 4, 5, 3)
Cycle Type: (1, 3, 4)
Seed: 393470710

0 1 2 3 4 5 6 7
1 5 6 2 0 7 4 3 
2 3 5 4 7 6 1 0 
3 4 7 0 5 1 2 6 
4 2 1 7 6 3 0 5 
5 0 3 6 2 4 7 1 
6 7 4 5 1 0 3 2 
7 6 0 1 3 2 5 4 

0 1 2 3 4 5 6 7 
2 7 4 1 6 0 3 5 
7 6 1 0 2 3 5 4 
1 5 6 2 3 7 4 0 
6 0 3 5 1 4 7 2 
4 3 0 7 5 2 1 6 
5 4 7 6 0 1 2 3 
3 2 5 4 7 6 0 1 

Time elapsed: 23.149
Number of branches explored: 455970
Number of conflicts: 284063
---------------------------------
n = 8
Fixing: (0, 4, 5, 6, 1, 2, 7, 3)
Cycle Type: (1, 2, 2, 3)
Seed: 1751469160

0 1 2 3 4 5 6 7
1 7 3 6 5 4 0 2 
2 4 6 1 0 7 3 5 
3 0 5 2 7 1 4 6 
4 6 1 5 2 3 7 0 
5 3 7 0 6 2 1 4 
6 5 4 7 3 0 2 1 
7 2 0 4 1 6 5 3 

0 1 2 3 4 5 6 7 
4 2 5 0 1 7 3 6 
5 6 3 2 7 4 1 0 
6 5 4 7 0 3 2 1 
1 4 7 6 3 0 5 2 
2 7 6 4 5 1 0 3 
7 3 0 1 2 6 4 5 
3 0 1 5 6 2 7 4 

Time elapsed: 7.212
Number of branches explored: 178098
Number of conflicts: 102984
---------------------------------
n = 8
Fixing: (0, 5, 7, 4, 3, 6, 1, 2)
Cycle Type: (1, 2, 2, 3)
Seed: 585176985

0 1 2 3 4 5 6 7
1 3 5 4 0 6 7 2 
2 6 4 0 3 7 5 1 
3 5 6 7 2 1 4 0 
4 7 0 5 1 3 2 6 
5 0 1 6 7 2 3 4 
6 2 7 1 5 4 0 3 
7 4 3 2 6 0 1 5 

0 1 2 3 4 5 6 7 
5 2 1 7 6 0 4 3 
7 4 6 5 1 3 2 0 
4 3 7 1 0 6 5 2 
3 6 4 0 2 7 1 5 
6 7 3 2 5 4 0 1 
1 5 0 4 7 2 3 6 
2 0 5 6 3 1 7 4 

Time elapsed: 15.462
Number of branches explored: 339496
Number of conflicts: 200276
---------------------------------
n = 8
Fixing: (0, 4, 3, 6, 1, 7, 2, 5)
Cycle Type: (1, 2, 2, 3)
Seed: 1336373550

0 1 2 3 4 5 6 7
1 2 7 6 5 0 4 3 
2 3 5 4 0 7 1 6 
3 6 1 7 2 4 5 0 
4 0 6 5 7 3 2 1 
5 4 3 0 1 6 7 2 
6 7 4 2 3 1 0 5 
7 5 0 1 6 2 3 4 

0 1 2 3 4 5 6 7 
4 7 0 1 6 3 5 2 
3 4 1 7 5 6 2 0 
6 5 7 4 0 2 3 1 
1 6 3 0 2 7 4 5 
7 0 5 2 3 4 1 6 
2 3 6 5 1 0 7 4 
5 2 4 6 7 1 0 3 

Time elapsed: 3.619
Number of branches explored: 98145
Number of conflicts: 55403
---------------------------------
n = 8
Fixing: (0, 2, 4, 1, 6, 7, 3, 5)
Cycle Type: (1, 2, 5)
Seed: 463204325

0 1 2 3 4 5 6 7
1 7 0 5 3 6 4 2 
2 3 6 1 7 0 5 4 
3 4 5 6 1 2 7 0 
4 0 3 2 6 7 1 5 
5 6 7 4 0 3 2 1 
6 5 1 7 2 4 0 3 
7 2 4 0 5 1 3 6 

0 1 2 3 4 5 6 7 
2 3 6 4 7 0 5 1 
4 6 7 5 0 3 1 2 
1 7 0 2 3 6 4 5 
6 4 5 7 1 2 0 3 
7 5 1 0 2 4 3 6 
3 2 4 6 5 1 7 0 
5 0 3 1 6 7 2 4 

Time elapsed: 8.844
Number of branches explored: 209527
Number of conflicts: 121973
---------------------------------
n = 8
Fixing: (0, 3, 5, 1, 2, 7, 4, 6)
Cycle Type: (1, 2, 5)
Seed: 571873881

0 1 2 3 4 5 6 7
1 7 6 4 0 2 3 5 
2 5 0 1 3 7 4 6 
3 6 1 2 5 4 7 0 
4 2 7 6 1 0 5 3 
5 3 4 7 2 6 0 1 
6 0 3 5 7 1 2 4 
7 4 5 0 6 3 1 2 

0 1 2 3 4 5 6 7 
3 2 1 7 5 6 4 0 
5 4 7 6 2 1 0 3 
1 7 4 0 6 3 5 2 
2 3 0 5 7 4 1 6 
7 0 6 4 1 2 3 5 
4 6 5 2 3 0 7 1 
6 5 3 1 0 7 2 4 

Time elapsed: 16.262
Number of branches explored: 339032
Number of conflicts: 206792
---------------------------------
n = 8
Fixing: (0, 6, 1, 7, 5, 2, 4, 3)
Cycle Type: (1, 2, 5)
Seed: 822780197

0 1 2 3 4 5 6 7
1 2 7 4 3 6 5 0 
2 7 5 6 1 0 4 3 
3 0 4 1 6 7 2 5 
4 6 3 0 5 2 7 1 
5 3 1 7 2 4 0 6 
6 5 0 2 7 3 1 4 
7 4 6 5 0 1 3 2 

0 1 2 3 4 5 6 7 
6 5 4 1 2 7 0 3 
1 6 7 2 0 4 3 5 
7 2 0 5 3 1 4 6 
5 0 6 7 1 3 2 4 
2 4 3 0 7 6 5 1 
4 3 1 6 5 0 7 2 
3 7 5 4 6 2 1 0 

Time elapsed: 13.059
Number of branches explored: 294401
Number of conflicts: 172702
---------------------------------
n = 9
Fixing: (0, 3, 5, 4, 8, 7, 2, 6, 1)
Cycle Type: (1, 4, 4)
Seed: 1721577750

0 1 2 3 4 5 6 7 8
1 7 6 4 8 3 5 2 0 
2 4 0 6 3 1 7 8 5 
3 5 1 2 7 8 0 6 4 
4 6 3 0 1 7 8 5 2 
5 3 8 7 2 6 4 0 1 
6 8 4 1 5 0 2 3 7 
7 0 5 8 6 2 1 4 3 
8 2 7 5 0 4 3 1 6 

0 1 2 3 4 5 6 7 8 
3 8 5 6 7 1 0 4 2 
5 7 1 8 0 6 2 3 4 
4 6 8 7 5 2 3 0 1 
8 3 7 5 2 0 4 1 6 
7 2 6 1 3 4 5 8 0 
2 5 0 4 8 7 1 6 3 
6 4 3 0 1 8 7 2 5 
1 0 4 2 6 3 8 5 7 

Time elapsed: 35.089
Number of branches explored: 867970
Number of conflicts: 465498
---------------------------------
n = 9
Fixing: (0, 6, 1, 7, 8, 2, 5, 4, 3)
Cycle Type: (1, 4, 4)
Seed: 589886348

0 1 2 3 4 5 6 7 8
1 5 3 7 8 6 0 2 4 
2 7 8 6 0 4 1 5 3 
3 0 4 5 7 8 2 6 1 
4 3 1 8 6 2 7 0 5 
5 8 7 2 1 0 4 3 6 
6 4 5 0 2 3 8 1 7 
7 6 0 4 5 1 3 8 2 
8 2 6 1 3 7 5 4 0 

0 1 2 3 4 5 6 7 8 
6 4 0 2 7 8 3 5 1 
1 5 4 7 8 6 0 3 2 
7 2 3 8 6 1 4 0 5 
8 6 7 5 2 3 1 4 0 
2 0 8 6 3 7 5 1 4 
5 7 6 1 0 4 2 8 3 
4 3 5 0 1 2 8 6 7 
3 8 1 4 5 0 7 2 6 

Time elapsed: 917.925
Number of branches explored: 14951233
Number of conflicts: 9877571
---------------------------------
n = 9
Fixing: (0, 4, 1, 7, 5, 2, 3, 8, 6)
Cycle Type: (1, 4, 4)
Seed: 859272572

0 1 2 3 4 5 6 7 8
1 5 6 0 8 7 3 4 2 
2 4 5 6 7 8 1 0 3 
3 6 7 8 2 0 4 1 5 
4 3 8 7 6 2 0 5 1 
5 0 1 2 3 4 7 8 6 
6 8 4 1 0 3 5 2 7 
7 2 3 4 5 1 8 6 0 
8 7 0 5 1 6 2 3 4 

0 1 2 3 4 5 6 7 8 
4 3 5 2 7 1 8 6 0 
1 8 4 7 6 2 0 3 5 
7 4 0 1 3 8 2 5 6 
5 2 3 4 8 6 1 0 7 
2 6 8 5 0 7 3 4 1 
3 0 1 6 5 4 7 8 2 
8 7 6 0 1 3 5 2 4 
6 5 7 8 2 0 4 1 3 

Time elapsed: 1911.449
Number of branches explored: 25931212
Number of conflicts: 16729854
---------------------------------
n = 9
Fixing: (0, 5, 8, 7, 6, 1, 3, 4, 2)
Cycle Type: (1, 2, 2, 4)
Seed: 1736328467

0 1 2 3 4 5 6 7 8
1 4 0 5 6 2 7 8 3 
2 3 7 8 5 6 0 4 1 
3 8 4 1 2 0 5 6 7 
4 0 5 7 1 3 8 2 6 
5 7 1 6 8 4 3 0 2 
6 2 8 0 3 7 1 5 4 
7 6 3 4 0 8 2 1 5 
8 5 6 2 7 1 4 3 0 

0 1 2 3 4 5 6 7 8 
5 3 4 0 8 7 2 1 6 
8 2 3 4 6 1 5 0 7 
7 5 1 2 3 6 8 4 0 
6 8 7 1 0 4 3 5 2 
1 6 8 5 7 2 0 3 4 
3 0 6 7 1 8 4 2 5 
4 7 5 8 2 0 1 6 3 
2 4 0 6 5 3 7 8 1 

Time elapsed: 212.639
Number of branches explored: 3964774
Number of conflicts: 2495916
---------------------------------
n = 9
Fixing: (0, 2, 8, 6, 7, 1, 3, 4, 5)
Cycle Type: (1, 2, 2, 4)
Seed: 1206966627

0 1 2 3 4 5 6 7 8
1 3 0 4 2 8 5 6 7 
2 6 3 0 1 4 7 8 5 
3 4 7 8 6 1 2 5 0 
4 8 6 2 5 7 0 3 1 
5 7 4 6 0 2 8 1 3 
6 0 5 7 8 3 1 2 4 
7 5 8 1 3 6 4 0 2 
8 2 1 5 7 0 3 4 6 

0 1 2 3 4 5 6 7 8 
2 4 8 1 3 6 7 5 0 
8 7 1 6 5 0 2 4 3 
6 8 5 7 0 3 1 2 4 
7 2 4 5 8 1 3 0 6 
1 3 6 2 7 4 0 8 5 
3 5 0 8 1 7 4 6 2 
4 6 3 0 2 8 5 1 7 
5 0 7 4 6 2 8 3 1 

Time elapsed: 437.544
Number of branches explored: 7603839
Number of conflicts: 4916701
---------------------------------
n = 9
Fixing: (0, 6, 5, 4, 3, 7, 1, 8, 2)
Cycle Type: (1, 2, 2, 4)
Seed: 516818165

0 1 2 3 4 5 6 7 8
1 3 0 2 7 4 5 8 6 
2 6 5 8 0 3 4 1 7 
3 7 1 0 8 6 2 5 4 
4 8 3 5 2 0 7 6 1 
5 4 7 6 1 8 0 2 3 
6 5 8 4 3 7 1 0 2 
7 0 4 1 6 2 8 3 5 
8 2 6 7 5 1 3 4 0 

0 1 2 3 4 5 6 7 8 
6 7 5 4 0 8 3 1 2 
5 8 6 0 1 2 7 4 3 
4 5 3 8 6 7 0 2 1 
3 4 8 1 7 6 2 0 5 
7 6 1 5 2 3 4 8 0 
1 0 7 2 5 4 8 3 6 
8 2 0 7 3 1 5 6 4 
2 3 4 6 8 0 1 5 7 

Time elapsed: 81.03
Number of branches explored: 1735849
Number of conflicts: 1038099
---------------------------------
n = 9
Fixing: (0, 5, 1, 8, 6, 3, 2, 4, 7)
Cycle Type: (1, 8)
Seed: 1853383492

0 1 2 3 4 5 6 7 8
1 3 5 4 8 6 7 2 0 
2 8 3 7 6 0 5 1 4 
3 2 6 5 1 8 0 4 7 
4 5 1 8 7 2 3 0 6 
5 7 8 2 0 3 4 6 1 
6 0 7 1 5 4 2 8 3 
7 4 0 6 2 1 8 3 5 
8 6 4 0 3 7 1 5 2 

0 1 2 3 4 5 6 7 8 
5 2 4 1 6 8 3 0 7 
1 5 6 0 7 4 8 2 3 
8 4 0 7 3 2 1 5 6 
6 0 7 4 2 3 5 8 1 
3 8 1 6 5 7 2 4 0 
2 6 5 8 1 0 7 3 4 
4 7 3 5 8 6 0 1 2 
7 3 8 2 0 1 4 6 5 

Time elapsed: 1624.234
Number of branches explored: 24684117
Number of conflicts: 16533173
---------------------------------
n = 9
Fixing: (0, 2, 4, 8, 6, 1, 3, 5, 7)
Cycle Type: (1, 8)
Seed: 956139518

0 1 2 3 4 5 6 7 8
1 8 4 6 5 7 3 2 0 
2 6 5 1 7 3 0 8 4 
3 7 8 0 2 4 1 5 6 
4 0 7 2 3 1 8 6 5 
5 4 3 8 0 6 2 1 7 
6 2 1 5 8 0 7 4 3 
7 3 6 4 1 8 5 0 2 
8 5 0 7 6 2 4 3 1 

0 1 2 3 4 5 6 7 8 
2 3 7 1 0 4 5 8 6 
4 5 3 8 6 7 2 1 0 
8 2 5 4 3 1 0 6 7 
6 7 8 5 1 3 4 0 2 
1 8 0 6 5 2 7 4 3 
3 0 6 7 2 8 1 5 4 
5 6 4 2 7 0 8 3 1 
7 4 1 0 8 6 3 2 5 

Time elapsed: 111.59
Number of branches explored: 2339071
Number of conflicts: 1424689
---------------------------------
n = 9
Fixing: (0, 6, 8, 7, 3, 4, 2, 1, 5)
Cycle Type: (1, 8)
Seed: 547026083

0 1 2 3 4 5 6 7 8
1 4 7 0 8 3 5 6 2 
2 7 8 6 3 4 0 5 1 
3 5 6 1 0 8 4 2 7 
4 6 5 8 7 2 1 0 3 
5 2 4 7 6 1 8 3 0 
6 8 3 4 2 0 7 1 5 
7 0 1 2 5 6 3 8 4 
8 3 0 5 1 7 2 4 6 

0 1 2 3 4 5 6 7 8 
6 7 3 1 0 8 2 5 4 
8 0 7 4 1 2 5 6 3 
7 3 1 5 6 4 8 0 2 
3 8 0 2 5 1 7 4 6 
4 5 6 8 3 0 1 2 7 
2 6 5 0 7 3 4 8 1 
1 2 4 6 8 7 0 3 5 
5 4 8 7 2 6 3 1 0 

Time elapsed: 1200.656
Number of branches explored: 19408264
Number of conflicts: 12936266
---------------------------------
n = 9
Fixing: (0, 3, 4, 7, 6, 8, 1, 2, 5)
Cycle Type: (1, 2, 6)
Seed: 145503738

0 1 2 3 4 5 6 7 8
1 0 3 7 5 4 2 8 6 
2 8 4 6 3 0 1 5 7 
3 4 1 0 7 8 5 6 2 
4 7 0 8 2 6 3 1 5 
5 3 7 1 6 2 8 0 4 
6 2 8 5 0 3 7 4 1 
7 6 5 2 8 1 4 3 0 
8 5 6 4 1 7 0 2 3 

0 1 2 3 4 5 6 7 8 
3 2 8 4 0 1 5 6 7 
4 7 3 5 1 6 8 2 0 
7 0 5 8 6 2 1 4 3 
6 5 7 1 8 3 2 0 4 
8 4 1 6 2 7 0 3 5 
1 6 4 7 5 0 3 8 2 
2 8 6 0 3 4 7 5 1 
5 3 0 2 7 8 4 1 6 

Time elapsed: 223.699
Number of branches explored: 4239180
Number of conflicts: 2686998
---------------------------------
n = 9
Fixing: (0, 5, 4, 7, 1, 8, 2, 3, 6)
Cycle Type: (1, 2, 6)
Seed: 1409782057

0 1 2 3 4 5 6 7 8
1 8 4 5 3 7 2 0 6 
2 3 7 4 5 6 1 8 0 
3 7 6 8 0 4 5 2 1 
4 0 5 6 7 1 8 3 2 
5 6 8 2 1 0 7 4 3 
6 5 3 7 8 2 0 1 4 
7 4 0 1 2 8 3 6 5 
8 2 1 0 6 3 4 5 7 

0 1 2 3 4 5 6 7 8 
5 2 0 7 6 4 8 3 1 
4 0 8 2 1 7 3 5 6 
7 6 5 4 8 3 0 1 2 
1 5 6 8 2 0 7 4 3 
8 4 3 0 7 2 1 6 5 
2 3 1 5 0 6 4 8 7 
3 8 7 6 5 1 2 0 4 
6 7 4 1 3 8 5 2 0 

Time elapsed: 61.595
Number of branches explored: 1364376
Number of conflicts: 791747
---------------------------------
n = 9
Fixing: (0, 7, 5, 1, 6, 2, 8, 4, 3)
Cycle Type: (1, 2, 6)
Seed: 417160352

0 1 2 3 4 5 6 7 8
1 7 8 4 3 6 2 5 0 
2 8 7 0 6 3 1 4 5 
3 0 4 2 8 7 5 1 6 
4 2 6 5 7 1 0 8 3 
5 3 0 7 1 8 4 6 2 
6 4 1 8 5 0 3 2 7 
7 6 5 1 0 2 8 3 4 
8 5 3 6 2 4 7 0 1 

0 1 2 3 4 5 6 7 8 
7 3 4 5 2 1 8 0 6 
5 6 8 1 3 0 4 2 7 
1 8 7 4 0 2 3 6 5 
6 7 0 8 5 3 2 1 4 
2 5 3 6 8 7 1 4 0 
8 0 5 2 6 4 7 3 1 
4 2 1 0 7 6 5 8 3 
3 4 6 7 1 8 0 5 2 

Time elapsed: 33.059
Number of branches explored: 780129
Number of conflicts: 431449
---------------------------------
n = 9
Fixing: (0, 2, 3, 6, 5, 8, 7, 1, 4)
Cycle Type: (1, 3, 5)
Seed: 584246920

0 1 2 3 4 5 6 7 8
1 0 7 2 5 6 3 8 4 
2 5 0 8 7 1 4 6 3 
3 6 1 5 8 7 2 4 0 
4 8 6 7 3 2 0 5 1 
5 7 8 0 2 4 1 3 6 
6 2 5 4 0 3 8 1 7 
7 3 4 1 6 8 5 0 2 
8 4 3 6 1 0 7 2 5 

0 1 2 3 4 5 6 7 8 
2 8 5 7 6 0 4 1 3 
3 4 6 0 2 7 1 8 5 
6 2 3 1 5 4 8 0 7 
5 6 4 8 7 1 2 3 0 
8 3 7 4 0 6 5 2 1 
7 5 0 2 1 8 3 4 6 
1 0 8 6 3 2 7 5 4 
4 7 1 5 8 3 0 6 2 

Time elapsed: 135.63
Number of branches explored: 2721784
Number of conflicts: 1641143
---------------------------------
n = 9
Fixing: (0, 4, 3, 6, 5, 7, 2, 8, 1)
Cycle Type: (1, 3, 5)
Seed: 1569548840

0 1 2 3 4 5 6 7 8
1 5 3 7 6 2 0 8 4 
2 7 0 6 8 4 1 5 3 
3 8 5 2 0 6 4 1 7 
4 6 8 1 5 3 7 0 2 
5 0 7 4 2 8 3 6 1 
6 4 1 5 3 7 8 2 0 
7 2 4 8 1 0 5 3 6 
8 3 6 0 7 1 2 4 5 

0 1 2 3 4 5 6 7 8 
4 3 0 6 5 8 7 2 1 
3 4 1 7 0 6 2 8 5 
6 7 4 0 8 1 3 5 2 
5 0 6 8 2 4 1 3 7 
7 6 5 2 1 3 8 4 0 
2 8 3 1 7 0 5 6 4 
8 5 7 4 6 2 0 1 3 
1 2 8 5 3 7 4 0 6 

Time elapsed: 518.71
Number of branches explored: 9070691
Number of conflicts: 5979340
---------------------------------
n = 9
Fixing: (0, 4, 7, 1, 3, 6, 8, 5, 2)
Cycle Type: (1, 3, 5)
Seed: 1862140044

0 1 2 3 4 5 6 7 8
1 2 4 6 3 0 8 5 7 
2 4 1 8 0 7 5 3 6 
3 8 7 2 1 4 0 6 5 
4 7 0 5 6 1 2 8 3 
5 6 8 4 7 2 3 0 1 
6 0 3 1 5 8 7 2 4 
7 5 6 0 8 3 4 1 2 
8 3 5 7 2 6 1 4 0 

0 1 2 3 4 5 6 7 8 
4 3 6 1 2 7 5 8 0 
7 8 5 6 3 2 1 0 4 
1 7 8 5 6 0 4 2 3 
3 6 1 2 5 8 0 4 7 
6 0 3 7 1 4 8 5 2 
8 2 4 0 7 1 3 6 5 
5 4 7 8 0 6 2 3 1 
2 5 0 4 8 3 7 1 6 

Time elapsed: 485.541
Number of branches explored: 8356902
Number of conflicts: 5253142
---------------------------------
n = 9
Fixing: (0, 6, 4, 5, 2, 8, 7, 1, 3)
Cycle Type: (1, 2, 3, 3)
Seed: 639676896

0 1 2 3 4 5 6 7 8
1 8 5 4 2 3 7 0 6 
2 5 0 7 6 4 1 8 3 
3 0 8 6 7 1 2 4 5 
4 2 6 1 8 7 5 3 0 
5 7 4 8 0 6 3 1 2 
6 4 3 5 1 8 0 2 7 
7 3 1 0 5 2 8 6 4 
8 6 7 2 3 0 4 5 1 

0 1 2 3 4 5 6 7 8 
6 4 7 1 8 2 0 5 3 
4 0 3 6 5 7 8 2 1 
5 7 0 2 3 4 1 8 6 
2 5 1 7 6 8 3 0 4 
8 2 6 5 1 0 4 3 7 
7 3 8 4 0 1 2 6 5 
1 6 5 8 2 3 7 4 0 
3 8 4 0 7 6 5 1 2 

Time elapsed: 119.265
Number of branches explored: 2381270
Number of conflicts: 1463160
---------------------------------
n = 9
Fixing: (0, 2, 1, 4, 7, 8, 5, 3, 6)
Cycle Type: (1, 2, 3, 3)
Seed: 133502693

0 1 2 3 4 5 6 7 8
1 8 5 0 6 4 2 3 7 
2 7 4 1 3 6 5 8 0 
3 6 0 4 1 8 7 5 2 
4 0 3 7 5 1 8 2 6 
5 2 6 8 7 3 0 1 4 
6 3 7 2 8 0 1 4 5 
7 4 8 5 0 2 3 6 1 
8 5 1 6 2 7 4 0 3 

0 1 2 3 4 5 6 7 8 
2 5 4 7 3 6 8 1 0 
1 4 0 8 6 2 7 3 5 
4 8 3 5 0 7 1 2 6 
7 6 8 2 1 3 0 5 4 
8 3 7 4 5 0 2 6 1 
5 7 6 0 2 1 4 8 3 
3 2 1 6 8 4 5 0 7 
6 0 5 1 7 8 3 4 2 

Time elapsed: 524.608
Number of branches explored: 9108539
Number of conflicts: 5880547
---------------------------------
n = 9
Fixing: (0, 2, 4, 7, 1, 3, 8, 5, 6)
Cycle Type: (1, 2, 3, 3)
Seed: 2067043069

0 1 2 3 4 5 6 7 8
1 0 4 6 5 8 7 2 3 
2 3 7 0 8 1 4 6 5 
3 6 5 8 2 0 1 4 7 
4 7 0 5 1 2 8 3 6 
5 8 6 2 7 4 3 1 0 
6 2 8 1 3 7 5 0 4 
7 5 3 4 0 6 2 8 1 
8 4 1 7 6 3 0 5 2 

0 1 2 3 4 5 6 7 8 
2 3 6 4 7 1 8 5 0 
4 5 0 6 3 8 7 1 2 
7 2 8 5 1 4 0 3 6 
1 4 7 0 5 6 2 8 3 
3 7 5 8 2 0 4 6 1 
8 0 4 7 6 3 1 2 5 
5 6 1 2 8 7 3 0 4 
6 8 3 1 0 2 5 4 7 

Time elapsed: 223.791
Number of branches explored: 4332934
Number of conflicts: 2702885
---------------------------------
n = 9
Fixing: (0, 3, 5, 1, 6, 2, 4, 8, 7)
Cycle Type: (1, 2, 2, 2, 2)
Seed: 1031713922

0 1 2 3 4 5 6 7 8
1 0 8 4 6 2 3 5 7 
2 8 5 7 0 3 1 4 6 
3 6 0 8 5 4 7 2 1 
4 2 7 5 3 1 8 6 0 
5 4 1 6 8 7 0 3 2 
6 7 4 1 2 0 5 8 3 
7 3 6 2 1 8 4 0 5 
8 5 3 0 7 6 2 1 4 

0 1 2 3 4 5 6 7 8 
3 7 5 0 2 6 8 4 1 
5 6 3 4 8 2 0 1 7 
1 3 6 2 0 7 5 8 4 
6 4 0 1 7 8 3 5 2 
2 5 7 8 1 3 4 6 0 
4 2 8 6 3 1 7 0 5 
8 0 1 7 5 4 2 3 6 
7 8 4 5 6 0 1 2 3 

Time elapsed: 784.02
Number of branches explored: 13197145
Number of conflicts: 8674986
---------------------------------
n = 9
Fixing: (0, 8, 7, 6, 5, 4, 3, 2, 1)
Cycle Type: (1, 2, 2, 2, 2)
Seed: 88461974

0 1 2 3 4 5 6 7 8
1 3 0 2 5 4 7 8 6 
2 7 8 1 6 3 0 4 5 
3 2 7 5 0 6 8 1 4 
4 5 1 0 7 8 2 6 3 
5 4 3 6 8 7 1 0 2 
6 8 5 7 1 2 4 3 0 
7 6 4 8 3 0 5 2 1 
8 0 6 4 2 1 3 5 7 

0 1 2 3 4 5 6 7 8 
8 2 7 5 3 0 1 6 4 
7 8 3 6 5 4 2 1 0 
6 0 5 7 8 1 4 3 2 
5 6 4 1 0 2 3 8 7 
4 3 8 2 7 6 0 5 1 
3 5 1 4 2 8 7 0 6 
2 7 6 0 1 3 8 4 5 
1 4 0 8 6 7 5 2 3 

Time elapsed: 125.04
Number of branches explored: 2568146
Number of conflicts: 1542286
---------------------------------
n = 9
Fixing: (0, 6, 3, 2, 5, 4, 1, 8, 7)
Cycle Type: (1, 2, 2, 2, 2)
Seed: 1163915642

0 1 2 3 4 5 6 7 8
1 5 8 7 2 4 3 6 0 
2 7 4 0 1 3 5 8 6 
3 6 1 2 7 0 8 4 5 
4 2 6 1 5 8 0 3 7 
5 0 3 8 6 7 1 2 4 
6 8 5 4 0 2 7 1 3 
7 3 0 6 8 1 4 5 2 
8 4 7 5 3 6 2 0 1 

0 1 2 3 4 5 6 7 8 
6 8 0 2 5 7 1 3 4 
3 0 1 8 2 4 7 6 5 
2 7 5 6 3 1 4 8 0 
5 4 8 7 6 3 2 0 1 
4 3 7 5 0 6 8 1 2 
1 2 3 0 7 8 5 4 6 
8 5 6 4 1 0 3 2 7 
7 6 4 1 8 2 0 5 3 

Time elapsed: 921.222
Number of branches explored: 15063612
Number of conflicts: 10010703
---------------------------------
n = 10
Fixing: (0, 9, 1, 8, 6, 2, 3, 4, 5, 7)
Cycle Type: (1, 9)
Seed: 717248355

0 1 2 3 4 5 6 7 8 9
1 0 7 8 6 4 9 5 3 2 
2 4 5 9 7 3 0 8 1 6 
3 2 6 5 0 1 8 4 9 7 
4 5 1 2 3 9 7 0 6 8 
5 7 9 6 8 0 3 1 2 4 
6 9 0 7 1 8 5 2 4 3 
7 6 8 1 9 2 4 3 0 5 
8 3 4 0 5 6 2 9 7 1 
9 8 3 4 2 7 1 6 5 0 

0 1 2 3 4 5 6 7 8 9 
9 6 3 0 2 7 5 1 4 8 
1 5 4 6 8 2 9 3 7 0 
8 3 1 9 7 6 4 0 2 5 
6 7 8 4 5 3 0 2 9 1 
2 9 0 7 6 8 1 4 5 3 
3 4 5 2 0 9 8 6 1 7 
4 8 7 5 1 0 2 9 3 6 
5 0 9 1 3 4 7 8 6 2 
7 2 6 8 9 1 3 5 0 4 

Time elapsed: 1319.922
Number of branches explored: 22779884
Number of conflicts: 13560196
---------------------------------
n = 10
Fixing: (0, 8, 3, 1, 2, 4, 7, 9, 6, 5)
Cycle Type: (1, 9)
Seed: 1342177494

0 1 2 3 4 5 6 7 8 9
1 9 6 4 0 3 8 2 5 7 
2 3 8 1 6 7 9 5 0 4 
3 2 4 8 7 1 5 6 9 0 
4 5 0 2 9 8 1 3 7 6 
5 4 3 9 8 6 7 0 2 1 
6 0 9 7 1 4 2 8 3 5 
7 8 5 6 2 0 4 9 1 3 
8 7 1 0 5 9 3 4 6 2 
9 6 7 5 3 2 0 1 4 8 

0 1 2 3 4 5 6 7 8 9 
8 7 0 6 9 2 4 5 1 3 
3 8 9 7 2 4 1 6 5 0 
1 6 7 5 0 9 8 3 2 4 
2 0 1 4 8 7 3 9 6 5 
4 9 5 0 3 1 2 8 7 6 
7 3 6 1 5 8 9 0 4 2 
9 2 3 8 1 6 5 4 0 7 
6 5 4 2 7 3 0 1 9 8 
5 4 8 9 6 0 7 2 3 1 

Time elapsed: 4854.45
Number of branches explored: 77088223
Number of conflicts: 47784615
---------------------------------
n = 10
Fixing: (0, 9, 3, 6, 5, 8, 1, 2, 7, 4)
Cycle Type: (1, 9)
Seed: 1284654208

0 1 2 3 4 5 6 7 8 9
1 8 0 2 3 6 7 9 5 4 
2 6 7 5 8 9 4 0 1 3 
3 4 5 9 1 2 8 6 0 7 
4 9 8 1 7 0 5 3 2 6 
5 7 9 8 2 1 3 4 6 0 
6 3 1 0 5 7 9 2 4 8 
7 2 6 4 9 8 0 5 3 1 
8 0 4 7 6 3 2 1 9 5 
9 5 3 6 0 4 1 8 7 2 

0 1 2 3 4 5 6 7 8 9 
9 3 6 0 2 8 1 5 4 7 
3 9 4 1 0 7 8 2 6 5 
6 2 0 8 7 9 5 4 1 3 
5 6 1 4 8 3 2 9 7 0 
8 0 3 9 6 2 7 1 5 4 
1 4 5 7 9 6 0 8 3 2 
2 5 7 6 1 4 9 3 0 8 
7 8 9 5 3 1 4 0 2 6 
4 7 8 2 5 0 3 6 9 1 

Time elapsed: 597.173
Number of branches explored: 11596941
Number of conflicts: 6630772
---------------------------------
n = 10
Fixing: (0, 3, 6, 5, 7, 1, 4, 8, 9, 2)
Cycle Type: (1, 3, 6)
Seed: 1893061799

0 1 2 3 4 5 6 7 8 9
1 2 6 7 9 4 0 8 3 5 
2 9 0 4 5 6 3 1 7 8 
3 6 9 8 2 7 5 4 0 1 
4 7 5 6 3 8 1 2 9 0 
5 4 8 1 6 0 7 9 2 3 
6 8 1 0 7 3 9 5 4 2 
7 5 4 9 0 2 8 3 1 6 
8 3 7 5 1 9 2 0 6 4 
9 0 3 2 8 1 4 6 5 7 

0 1 2 3 4 5 6 7 8 9 
3 5 7 1 0 2 4 6 9 8 
6 3 1 8 9 0 7 5 2 4 
5 8 6 0 1 4 2 9 3 7 
7 6 4 9 2 3 0 8 1 5 
1 0 5 2 3 8 9 4 7 6 
4 2 9 7 5 1 8 3 6 0 
8 7 3 5 6 9 1 0 4 2 
9 4 0 6 8 7 3 2 5 1 
2 9 8 4 7 6 5 1 0 3 

Time elapsed: 3978.232
Number of branches explored: 66017146
Number of conflicts: 40394761
---------------------------------
n = 10
Fixing: (0, 7, 8, 1, 2, 4, 5, 3, 9, 6)
Cycle Type: (1, 3, 6)
Seed: 688025955

0 1 2 3 4 5 6 7 8 9
1 8 9 4 3 6 2 5 7 0 
2 7 0 5 6 1 3 4 9 8 
3 4 6 8 0 9 7 2 1 5 
4 3 5 1 8 2 0 9 6 7 
5 6 4 0 7 8 9 1 3 2 
6 2 1 7 9 0 5 8 4 3 
7 9 8 6 5 3 4 0 2 1 
8 0 3 9 2 7 1 6 5 4 
9 5 7 2 1 4 8 3 0 6 

0 1 2 3 4 5 6 7 8 9 
7 0 1 6 5 2 3 8 9 4 
8 2 6 9 7 4 0 1 3 5 
1 5 3 2 9 0 8 4 6 7 
2 6 0 8 3 9 7 5 4 1 
4 9 8 5 0 1 2 3 7 6 
5 7 9 4 8 3 1 6 0 2 
3 4 7 1 6 8 9 2 5 0 
9 8 4 7 1 6 5 0 2 3 
6 3 5 0 2 7 4 9 1 8 

Time elapsed: 1992.193
Number of branches explored: 33300687
Number of conflicts: 20249033
---------------------------------
n = 10
Fixing: (0, 2, 7, 1, 5, 9, 3, 8, 6, 4)
Cycle Type: (1, 3, 6)
Seed: 1240062693

0 1 2 3 4 5 6 7 8 9
1 7 3 9 0 4 5 8 6 2 
2 9 5 1 6 0 3 4 7 8 
3 8 7 2 5 6 9 1 4 0 
4 6 1 0 2 8 7 3 9 5 
5 0 4 7 3 2 8 9 1 6 
6 2 9 4 8 3 1 5 0 7 
7 4 8 6 9 1 0 2 5 3 
8 3 6 5 7 9 4 0 2 1 
9 5 0 8 1 7 2 6 3 4 

0 1 2 3 4 5 6 7 8 9 
2 0 6 8 7 1 3 5 9 4 
7 5 1 0 2 4 8 9 6 3 
1 4 5 9 0 8 7 3 2 6 
5 7 9 1 6 0 2 4 3 8 
9 2 8 4 5 3 1 6 7 0 
3 8 0 6 9 7 4 2 5 1 
8 3 7 5 1 6 9 0 4 2 
6 9 4 7 3 2 0 8 1 5 
4 6 3 2 8 9 5 1 0 7 

Time elapsed: 3244.715
Number of branches explored: 52953543
Number of conflicts: 32078690
---------------------------------
n = 10
Fixing: (0, 3, 5, 2, 8, 6, 9, 1, 4, 7)
Cycle Type: (1, 2, 7)
Seed: 1745218083

0 1 2 3 4 5 6 7 8 9
1 6 4 5 9 7 2 0 3 8 
2 5 6 0 1 4 8 9 7 3 
3 9 0 8 2 1 4 5 6 7 
4 7 3 6 8 9 5 1 2 0 
5 2 7 1 6 0 3 8 9 4 
6 8 9 2 0 3 7 4 5 1 
7 0 5 9 3 8 1 2 4 6 
8 4 1 7 5 6 9 3 0 2 
9 3 8 4 7 2 0 6 1 5 

0 1 2 3 4 5 6 7 8 9 
3 2 1 8 0 4 9 6 5 7 
5 4 0 2 7 6 3 8 9 1 
2 5 4 6 8 9 7 1 3 0 
8 6 9 7 1 3 0 2 4 5 
6 7 3 0 5 8 4 9 1 2 
9 0 6 1 3 7 8 5 2 4 
1 9 7 4 6 2 5 3 0 8 
4 3 8 5 9 1 2 0 7 6 
7 8 5 9 2 0 1 4 6 3 

Time elapsed: 1413.701
Number of branches explored: 22699875
Number of conflicts: 13647695
---------------------------------
n = 10
Fixing: (0, 9, 6, 4, 7, 8, 3, 5, 2, 1)
Cycle Type: (1, 2, 7)
Time elapsed: 60000.0
Number of branches explored: 618331538
Number of conflicts: 401025362
---------------------------------
n = 10
Fixing: (0, 7, 1, 9, 5, 4, 2, 3, 6, 8)
Cycle Type: (1, 2, 7)
Seed: 1773756246

0 1 2 3 4 5 6 7 8 9
1 3 9 2 5 8 4 6 0 7 
2 8 3 4 6 7 5 9 1 0 
3 6 8 0 9 4 1 5 7 2 
4 2 5 8 0 6 7 1 9 3 
5 9 1 6 7 3 0 8 2 4 
6 0 7 9 3 1 2 4 5 8 
7 4 0 1 8 2 9 3 6 5 
8 7 6 5 2 9 3 0 4 1 
9 5 4 7 1 0 8 2 3 6 

0 1 2 3 4 5 6 7 8 9 
7 4 5 9 3 0 2 1 6 8 
1 2 0 6 8 4 9 3 5 7 
9 5 4 2 0 7 8 6 1 3 
5 8 1 7 9 3 0 2 4 6 
4 6 3 0 2 8 5 9 7 1 
2 3 6 1 7 9 4 8 0 5 
3 0 8 4 1 6 7 5 9 2 
6 9 7 8 5 2 1 4 3 0 
8 7 9 5 6 1 3 0 2 4 

Time elapsed: 346.978
Number of branches explored: 6646848
Number of conflicts: 3684636
---------------------------------
n = 10
Fixing: (0, 4, 7, 9, 8, 6, 3, 1, 2, 5)
Cycle Type: (1, 4, 5)
Seed: 1002320037

0 1 2 3 4 5 6 7 8 9
1 5 3 6 8 0 4 9 7 2 
2 3 7 8 9 6 0 5 4 1 
3 9 6 0 5 8 7 2 1 4 
4 8 0 7 2 9 3 1 6 5 
5 0 9 4 7 2 1 8 3 6 
6 2 5 1 3 7 9 4 0 8 
7 4 8 9 6 1 2 3 5 0 
8 6 4 2 1 3 5 0 9 7 
9 7 1 5 0 4 8 6 2 3 

0 1 2 3 4 5 6 7 8 9 
4 3 0 1 9 2 7 6 5 8 
7 8 6 4 2 0 9 1 3 5 
9 4 8 5 0 7 2 3 6 1 
8 6 4 9 1 3 5 0 7 2 
6 7 1 0 8 9 3 5 2 4 
3 5 7 2 6 4 8 9 1 0 
1 2 3 7 5 8 0 4 9 6 
2 9 5 6 7 1 4 8 0 3 
5 0 9 8 3 6 1 2 4 7 

Time elapsed: 3234.427
Number of branches explored: 53816126
Number of conflicts: 32826555
---------------------------------
n = 10
Fixing: (0, 6, 8, 2, 3, 9, 5, 1, 4, 7)
Cycle Type: (1, 4, 5)
Seed: 580040687

0 1 2 3 4 5 6 7 8 9
1 3 7 6 9 2 4 8 5 0 
2 5 8 9 1 3 7 0 6 4 
3 4 0 2 5 7 8 9 1 6 
4 9 1 7 8 0 2 6 3 5 
5 8 6 0 7 4 9 1 2 3 
6 2 3 8 0 9 1 5 4 7 
7 0 5 1 2 6 3 4 9 8 
8 7 9 4 6 1 5 3 0 2 
9 6 4 5 3 8 0 2 7 1 

0 1 2 3 4 5 6 7 8 9 
6 8 9 7 3 4 1 2 0 5 
8 4 6 5 7 0 3 9 1 2 
2 6 7 9 1 8 5 0 3 4 
3 2 5 4 9 1 0 8 7 6 
9 0 3 6 2 7 8 4 5 1 
5 7 4 1 8 6 2 3 9 0 
1 3 8 0 6 2 9 5 4 7 
4 5 1 8 0 9 7 6 2 3 
7 9 0 2 5 3 4 1 6 8 

Time elapsed: 4296.709
Number of branches explored: 69581994
Number of conflicts: 42524248
---------------------------------
n = 10
Fixing: (0, 4, 9, 7, 2, 8, 5, 6, 3, 1)
Cycle Type: (1, 4, 5)
Seed: 308165493

0 1 2 3 4 5 6 7 8 9
1 0 8 7 2 4 9 5 3 6 
2 8 9 0 6 7 5 4 1 3 
3 7 5 9 8 6 0 1 4 2 
4 3 0 8 1 9 7 2 6 5 
5 4 7 6 3 0 1 9 2 8 
6 5 4 1 9 3 2 8 7 0 
7 9 6 2 5 1 8 3 0 4 
8 6 3 5 7 2 4 0 9 1 
9 2 1 4 0 8 3 6 5 7 

0 1 2 3 4 5 6 7 8 9 
4 2 5 0 3 9 8 6 1 7 
9 4 7 6 8 1 3 0 5 2 
7 8 9 5 0 2 4 3 6 1 
2 6 1 9 7 0 5 8 3 4 
8 7 4 1 5 3 9 2 0 6 
5 0 3 2 6 4 7 1 9 8 
6 3 0 4 1 8 2 9 7 5 
3 9 8 7 2 6 1 5 4 0 
1 5 6 8 9 7 0 4 2 3 

Time elapsed: 3892.693
Number of branches explored: 59567271
Number of conflicts: 36373357
---------------------------------
n = 10
Fixing: (0, 8, 6, 1, 5, 4, 7, 2, 9, 3)
Cycle Type: (1, 2, 3, 4)
Seed: 1005522624

0 1 2 3 4 5 6 7 8 9
1 8 0 6 3 7 4 9 5 2 
2 4 7 9 8 0 5 1 3 6 
3 9 8 2 5 1 7 6 0 4 
4 0 9 1 6 3 8 2 7 5 
5 2 3 8 7 6 9 0 4 1 
6 3 5 7 0 9 2 4 1 8 
7 6 1 4 2 8 3 5 9 0 
8 5 6 0 9 4 1 3 2 7 
9 7 4 5 1 2 0 8 6 3 

0 1 2 3 4 5 6 7 8 9 
8 2 7 5 6 9 0 1 3 4 
6 3 5 0 7 8 2 9 4 1 
1 5 0 8 9 6 3 4 2 7 
5 9 6 2 8 7 4 3 1 0 
4 7 9 1 0 2 8 5 6 3 
7 8 1 6 3 4 9 2 0 5 
2 0 4 9 1 3 5 8 7 6 
9 6 3 4 2 1 7 0 5 8 
3 4 8 7 5 0 1 6 9 2 

Time elapsed: 538.291
Number of branches explored: 9942619
Number of conflicts: 5553695
---------------------------------
n = 10
Fixing: (0, 5, 6, 9, 3, 8, 2, 4, 1, 7)
Cycle Type: (1, 2, 3, 4)
Seed: 1649956982

0 1 2 3 4 5 6 7 8 9
1 3 4 7 6 9 5 0 2 8 
2 0 8 9 1 3 7 5 6 4 
3 8 5 4 7 2 9 1 0 6 
4 5 9 2 0 8 3 6 1 7 
5 2 1 6 3 7 8 4 9 0 
6 7 3 8 2 0 4 9 5 1 
7 9 0 1 8 6 2 3 4 5 
8 4 6 5 9 1 0 2 7 3 
9 6 7 0 5 4 1 8 3 2 

0 1 2 3 4 5 6 7 8 9 
5 4 1 9 8 6 2 3 7 0 
6 8 3 5 7 0 1 9 4 2 
9 2 7 6 0 1 8 4 5 3 
3 6 4 0 1 9 7 5 2 8 
8 5 9 1 6 2 4 0 3 7 
2 3 8 7 9 4 5 1 0 6 
4 0 6 8 5 7 3 2 9 1 
1 7 0 4 2 3 9 8 6 5 
7 9 5 2 3 8 0 6 1 4 

Time elapsed: 9466.228
Number of branches explored: 132506979
Number of conflicts: 82606004
---------------------------------
n = 10
Fixing: (0, 2, 4, 6, 7, 9, 8, 1, 3, 5)
Cycle Type: (1, 2, 3, 4)
Seed: 47092239

0 1 2 3 4 5 6 7 8 9
1 3 8 5 6 0 9 4 2 7 
2 8 7 1 0 6 3 9 5 4 
3 0 6 4 5 8 7 2 9 1 
4 5 9 8 7 2 1 6 3 0 
5 6 1 2 9 7 8 0 4 3 
6 7 4 9 2 3 5 1 0 8 
7 2 0 6 3 9 4 8 1 5 
8 9 5 7 1 4 0 3 6 2 
9 4 3 0 8 1 2 5 7 6 

0 1 2 3 4 5 6 7 8 9 
2 9 7 4 5 1 8 6 0 3 
4 5 9 0 3 7 2 1 6 8 
6 8 3 1 0 2 5 9 7 4 
7 3 4 6 2 8 9 0 1 5 
9 4 8 5 6 0 1 2 3 7 
8 6 5 2 1 4 7 3 9 0 
1 7 6 9 8 3 0 4 5 2 
3 0 1 8 7 9 4 5 2 6 
5 2 0 7 9 6 3 8 4 1 

Time elapsed: 835.411
Number of branches explored: 14948639
Number of conflicts: 8542736
---------------------------------
n = 10
Fixing: (0, 4, 8, 5, 1, 7, 9, 3, 2, 6)
Cycle Type: (1, 2, 2, 2, 3)
Seed: 412860043

0 1 2 3 4 5 6 7 8 9
1 2 9 5 6 3 7 4 0 8 
2 8 0 4 3 9 5 6 1 7 
3 7 6 1 9 0 8 5 2 4 
4 9 7 6 2 1 3 8 5 0 
5 4 1 7 0 8 9 2 3 6 
6 0 5 8 1 7 2 9 4 3 
7 3 4 2 8 6 0 1 9 5 
8 6 3 9 5 2 4 0 7 1 
9 5 8 0 7 4 1 3 6 2 

0 1 2 3 4 5 6 7 8 9 
4 0 5 1 7 6 9 8 2 3 
8 7 9 2 1 3 4 0 6 5 
5 6 1 9 2 8 0 3 4 7 
1 4 0 8 3 7 2 5 9 6 
7 9 3 4 5 1 8 6 0 2 
9 3 8 6 0 2 7 1 5 4 
3 8 6 5 9 4 1 2 7 0 
2 5 7 0 6 9 3 4 1 8 
6 2 4 7 8 0 5 9 3 1 

Time elapsed: 1022.735
Number of branches explored: 17826420
Number of conflicts: 10508713
---------------------------------
n = 10
Fixing: (0, 9, 5, 4, 3, 7, 8, 2, 6, 1)
Cycle Type: (1, 2, 2, 2, 3)
Seed: 18565612

0 1 2 3 4 5 6 7 8 9
1 6 7 9 5 3 2 8 0 4 
2 7 9 1 3 4 8 5 6 0 
3 8 0 4 9 6 5 1 7 2 
4 0 6 8 7 1 9 2 3 5 
5 4 1 7 0 9 3 6 2 8 
6 3 4 2 8 7 0 9 5 1 
7 5 3 0 2 8 1 4 9 6 
8 9 5 6 1 2 7 0 4 3 
9 2 8 5 6 0 4 3 1 7 

0 1 2 3 4 5 6 7 8 9 
9 3 6 8 2 7 0 4 1 5 
5 8 3 7 9 0 2 1 4 6 
4 5 7 2 6 9 3 8 0 1 
3 4 5 0 1 6 7 9 2 8 
7 9 0 5 8 4 1 2 6 3 
8 6 1 4 7 3 5 0 9 2 
2 0 8 9 3 1 4 6 5 7 
6 2 4 1 5 8 9 3 7 0 
1 7 9 6 0 2 8 5 3 4 

Time elapsed: 1326.026
Number of branches explored: 21866751
Number of conflicts: 12835631
---------------------------------
n = 10
Fixing: (0, 4, 5, 1, 3, 2, 9, 8, 7, 6)
Cycle Type: (1, 2, 2, 2, 3)
Seed: 901277597

0 1 2 3 4 5 6 7 8 9
1 3 0 8 2 6 5 9 7 4 
2 9 5 4 1 8 7 3 0 6 
3 8 7 2 5 4 1 6 9 0 
4 7 9 1 0 3 8 5 6 2 
5 6 4 7 9 1 2 0 3 8 
6 0 1 5 8 9 3 4 2 7 
7 4 3 9 6 2 0 8 5 1 
8 2 6 0 3 7 9 1 4 5 
9 5 8 6 7 0 4 2 1 3 

0 1 2 3 4 5 6 7 8 9 
4 5 1 9 0 2 8 3 6 7 
5 8 9 0 6 1 3 2 7 4 
1 4 0 7 3 8 9 5 2 6 
3 2 7 5 9 6 0 4 1 8 
2 0 6 4 5 7 1 8 9 3 
9 3 8 6 2 0 7 1 4 5 
8 9 4 1 7 3 5 6 0 2 
7 6 3 2 8 9 4 0 5 1 
6 7 5 8 1 4 2 9 3 0 

Time elapsed: 22258.383
Number of branches explored: 264497689
Number of conflicts: 167907645
---------------------------------
n = 10
Fixing: (0, 6, 8, 7, 1, 9, 5, 3, 2, 4)
Cycle Type: (1, 2, 2, 5)
Seed: 751017752

0 1 2 3 4 5 6 7 8 9
1 3 0 5 8 2 9 6 4 7 
2 0 9 8 6 7 4 1 5 3 
3 5 8 6 7 4 0 9 1 2 
4 6 3 2 9 8 1 0 7 5 
5 4 6 9 0 3 7 8 2 1 
6 7 4 0 3 1 5 2 9 8 
7 8 1 4 2 9 3 5 0 6 
8 9 5 7 1 6 2 4 3 0 
9 2 7 1 5 0 8 3 6 4 

0 1 2 3 4 5 6 7 8 9 
6 9 7 1 5 4 3 8 0 2 
8 5 6 0 7 1 2 9 3 4 
7 0 1 4 8 3 9 5 2 6 
1 2 8 5 0 9 4 3 6 7 
9 8 3 2 1 6 5 4 7 0 
5 4 9 6 2 7 8 0 1 3 
3 6 5 7 9 8 0 2 4 1 
2 7 4 9 3 0 1 6 5 8 
4 3 0 8 6 2 7 1 9 5 

Time elapsed: 2667.996
Number of branches explored: 43110746
Number of conflicts: 25739190
---------------------------------
n = 10
Fixing: (0, 9, 6, 4, 8, 3, 2, 5, 7, 1)
Cycle Type: (1, 2, 2, 5)
Seed: 809392113

0 1 2 3 4 5 6 7 8 9
1 3 8 4 6 2 7 9 0 5 
2 9 3 8 1 0 4 5 7 6 
3 0 4 7 5 8 1 6 9 2 
4 8 5 6 9 7 2 3 1 0 
5 2 6 9 7 3 8 0 4 1 
6 4 7 2 0 9 3 1 5 8 
7 5 0 1 8 6 9 2 3 4 
8 6 9 5 3 1 0 4 2 7 
9 7 1 0 2 4 5 8 6 3 

0 1 2 3 4 5 6 7 8 9 
9 5 3 2 7 0 8 4 1 6 
6 2 9 1 8 3 7 0 4 5 
4 8 5 9 2 6 0 3 7 1 
8 0 1 4 5 2 9 6 3 7 
3 4 8 0 1 7 5 9 6 2 
2 3 0 7 6 8 1 5 9 4 
5 7 4 6 9 1 3 8 2 0 
7 9 6 8 0 4 2 1 5 3 
1 6 7 5 3 9 4 2 0 8 

Time elapsed: 4383.912
Number of branches explored: 67197805
Number of conflicts: 41297338
---------------------------------
n = 10
Fixing: (0, 9, 8, 5, 6, 4, 7, 3, 2, 1)
Cycle Type: (1, 2, 2, 5)
Seed: 767295465

0 1 2 3 4 5 6 7 8 9
1 8 5 0 6 4 9 3 7 2 
2 3 1 7 9 6 0 5 4 8 
3 9 8 6 0 1 7 2 5 4 
4 0 6 8 5 2 1 9 3 7 
5 7 4 9 8 0 2 6 1 3 
6 5 7 2 3 8 4 1 9 0 
7 6 0 4 1 9 3 8 2 5 
8 2 9 1 7 3 5 4 0 6 
9 4 3 5 2 7 8 0 6 1 

0 1 2 3 4 5 6 7 8 9 
9 6 7 2 1 0 8 4 5 3 
8 7 6 0 5 4 9 3 2 1 
5 2 0 9 8 3 4 1 6 7 
6 3 5 4 9 7 2 0 1 8 
4 9 8 7 3 1 5 2 0 6 
7 0 1 6 2 9 3 8 4 5 
3 8 4 1 7 6 0 5 9 2 
2 4 3 5 6 8 1 9 7 0 
1 5 9 8 0 2 7 6 3 4 

Time elapsed: 8493.731
Number of branches explored: 112519825
Number of conflicts: 70047097
---------------------------------
n = 10
Fixing: (0, 5, 4, 2, 3, 9, 8, 6, 7, 1)
Cycle Type: (1, 3, 3, 3)
Seed: 1671641400

0 1 2 3 4 5 6 7 8 9
1 0 7 5 2 9 4 8 6 3 
2 4 9 6 8 3 1 5 0 7 
3 6 5 8 1 2 9 4 7 0 
4 9 8 7 0 1 3 2 5 6 
5 7 0 9 6 8 2 3 1 4 
6 3 1 4 7 0 5 9 2 8 
7 2 6 0 3 4 8 1 9 5 
8 5 4 1 9 7 0 6 3 2 
9 8 3 2 5 6 7 0 4 1 

0 1 2 3 4 5 6 7 8 9 
5 9 3 0 7 8 2 6 1 4 
4 6 5 7 9 0 8 2 3 1 
2 0 1 4 6 3 7 5 9 8 
3 4 0 8 2 7 9 1 6 5 
9 2 7 6 3 1 5 8 4 0 
8 7 9 1 5 6 4 3 0 2 
6 8 4 5 1 9 3 0 2 7 
7 3 8 2 0 4 1 9 5 6 
1 5 6 9 8 2 0 4 7 3 

Time elapsed: 1771.194
Number of branches explored: 29556409
Number of conflicts: 17557804
---------------------------------
n = 10
Fixing: (0, 8, 7, 2, 1, 9, 5, 3, 4, 6)
Cycle Type: (1, 3, 3, 3)
Seed: 1187984699

0 1 2 3 4 5 6 7 8 9
1 4 3 8 2 6 9 5 0 7 
2 8 9 7 3 1 5 4 6 0 
3 9 0 5 7 2 8 1 4 6 
4 5 7 6 0 8 1 9 2 3 
5 7 6 9 8 3 0 2 1 4 
6 0 4 1 9 7 3 8 5 2 
7 6 5 0 1 4 2 3 9 8 
8 3 1 2 6 9 4 0 7 5 
9 2 8 4 5 0 7 6 3 1 

0 1 2 3 4 5 6 7 8 9 
8 9 4 2 1 7 3 0 5 6 
7 6 5 1 9 3 4 8 0 2 
2 0 9 6 5 8 7 4 3 1 
1 7 0 4 3 9 5 2 6 8 
9 4 3 8 0 6 1 5 2 7 
5 8 6 9 7 2 0 3 1 4 
3 2 8 7 6 0 9 1 4 5 
4 5 7 0 8 1 2 6 9 3 
6 3 1 5 2 4 8 9 7 0 

Time elapsed: 5980.174
Number of branches explored: 91286519
Number of conflicts: 56076942
---------------------------------
n = 10
Fixing: (0, 5, 1, 8, 6, 2, 9, 3, 7, 4)
Cycle Type: (1, 3, 3, 3)
Seed: 371508312

0 1 2 3 4 5 6 7 8 9
1 8 5 6 9 0 2 3 7 4 
2 4 3 5 6 8 7 1 9 0 
3 7 8 9 2 4 0 6 1 5 
4 9 0 1 3 6 8 2 5 7 
5 3 6 7 1 2 9 0 4 8 
6 0 7 4 5 9 1 8 2 3 
7 5 4 2 8 1 3 9 0 6 
8 2 9 0 7 3 4 5 6 1 
9 6 1 8 0 7 5 4 3 2 

0 1 2 3 4 5 6 7 8 9 
5 2 9 7 8 4 3 1 6 0 
1 8 7 6 2 0 4 9 5 3 
8 9 4 0 6 3 7 5 2 1 
6 7 1 4 9 8 5 0 3 2 
2 4 0 5 3 9 1 8 7 6 
9 6 8 1 7 2 0 3 4 5 
3 0 5 8 1 7 2 6 9 4 
7 5 3 2 0 6 9 4 1 8 
4 3 6 9 5 1 8 2 0 7 

Time elapsed: 3886.289
Number of branches explored: 61614242
Number of conflicts: 37423143
---------------------------------
n = 11
Fixing: (0, 2, 3, 9, 7, 8, 1, 6, 10, 4, 5)
Cycle Type: (1, 3, 7)
Seed: 0

0 1 2 3 4 5 6 7 8 9 10
1 5 10 6 8 7 2 0 9 3 4
2 7 6 4 5 0 10 9 1 8 3
3 8 7 2 9 1 0 5 4 10 6
4 10 8 5 3 2 9 1 6 0 7
5 2 9 0 10 6 8 3 7 4 1
6 4 3 10 2 9 1 8 0 7 5
7 6 1 8 0 10 3 4 5 2 9
8 3 0 9 7 4 5 6 10 1 2
9 0 5 7 1 3 4 10 2 6 8
10 9 4 1 6 8 7 2 3 5 0

0 1 2 3 4 5 6 7 8 9 10
2 3 1 4 7 9 10 5 0 6 8
3 5 9 10 0 2 8 6 7 4 1
9 6 8 0 1 10 7 4 5 2 3
7 0 5 2 8 6 3 9 10 1 4
8 4 7 6 9 0 1 10 2 3 5
1 9 0 7 5 8 4 2 3 10 6
6 7 3 9 10 4 5 0 1 8 2
10 2 4 5 3 1 9 8 6 0 7
4 8 10 1 6 7 2 3 9 5 0
5 10 6 8 2 3 0 1 4 7 9

Time elapsed: 56470.298
Number of branches explored: 665043038
Number of conflicts: 395236097
---------------------------------
n = 11
Fixing: (0, 5, 8, 2, 1, 3, 10, 4, 7, 6, 9)
Cycle Type: (1, 3, 7)
Seed: 0

0 1 2 3 4 5 6 7 8 9 10
1 3 0 10 5 2 9 8 7 4 6
2 8 3 9 10 4 0 1 5 6 7
3 10 1 2 6 8 5 9 0 7 4
4 6 9 1 8 10 7 5 2 0 3
5 7 10 8 2 9 4 6 1 3 0
6 2 4 7 9 0 8 10 3 5 1
7 9 5 4 0 1 10 3 6 2 8
8 0 7 5 3 6 1 4 9 10 2
9 4 6 0 1 7 3 2 10 8 5
10 5 8 6 7 3 2 0 4 1 9

0 1 2 3 4 5 6 7 8 9 10
5 8 4 6 9 0 3 1 10 2 7
8 6 7 5 3 9 10 2 4 0 1
2 4 9 7 1 10 0 8 3 6 5
1 3 10 4 2 8 5 6 9 7 0
3 2 5 0 10 1 7 9 6 4 8
10 5 6 9 7 2 4 0 1 8 3
4 0 1 8 6 7 2 10 5 3 9
7 9 0 10 5 4 8 3 2 1 6
6 10 8 1 0 3 9 4 7 5 2
9 7 3 2 8 6 1 5 0 10 4

Time elapsed: 32815.851
Number of branches explored: 384467340
Number of conflicts: 228758564
---------------------------------
n = 11
Fixing: (0, 10, 4, 6, 9, 2, 5, 3, 1, 7, 8)
Cycle Type: (1, 3, 7)
Seed: 0

0 1 2 3 4 5 6 7 8 9 10
1 6 4 2 5 0 7 10 9 3 8
2 5 10 0 1 3 8 6 4 7 9
3 8 6 9 0 4 1 2 5 10 7
4 0 9 7 6 1 10 8 2 5 3
5 3 8 1 9 10 0 4 7 6 2
6 2 1 4 10 7 5 9 3 8 0
7 4 3 10 8 2 9 5 1 0 6
8 10 7 5 3 9 2 0 6 4 1
9 7 0 6 2 8 4 3 10 1 5
10 9 5 8 7 6 3 1 0 2 4

0 1 2 3 4 5 6 7 8 9 10
10 3 1 6 9 2 8 5 0 4 7
4 8 6 9 7 0 3 2 10 5 1
6 5 8 10 3 7 4 9 1 2 0
9 6 4 2 1 3 7 10 5 0 8
2 10 0 5 8 4 1 6 9 7 3
5 7 9 8 0 1 10 3 2 6 4
3 0 7 1 2 8 5 4 6 10 9
1 9 10 7 5 6 0 8 4 3 2
7 4 5 0 10 9 2 1 3 8 6
8 2 3 4 6 10 9 0 7 1 5

Time elapsed: 4888.983
Number of branches explored: 63886892
Number of conflicts: 34165475
---------------------------------
n = 11
Fixing: (0, 5, 7, 8, 10, 4, 3, 1, 9, 2, 6)
Cycle Type: (1, 10)
Seed: 0

0 1 2 3 4 5 6 7 8 9 10
1 3 5 10 6 7 0 9 4 2 8
2 6 7 9 0 10 1 8 3 4 5
3 2 8 7 5 9 4 10 0 6 1
4 8 10 5 2 1 9 3 6 7 0
5 4 1 2 7 8 3 0 9 10 6
6 9 3 8 10 0 7 2 5 1 4
7 0 6 1 9 2 5 4 10 8 3
8 5 9 4 1 3 10 6 7 0 2
9 10 0 6 8 4 2 5 1 3 7
10 7 4 0 3 6 8 1 2 5 9

0 1 2 3 4 5 6 7 8 9 10
5 7 0 4 1 3 8 6 9 10 2
7 4 8 0 10 9 2 1 6 5 3
8 5 10 2 6 1 7 3 4 0 9
10 0 5 7 9 8 3 4 2 6 1
4 3 6 1 0 7 10 9 5 2 8
3 10 9 6 7 2 5 8 1 4 0
1 6 7 10 8 4 9 2 0 3 5
9 2 4 8 3 0 1 5 10 7 6
2 8 3 9 5 6 0 10 7 1 4
6 9 1 5 2 10 4 0 3 8 7

Time elapsed: 4377.865
Number of branches explored: 59305317
Number of conflicts: 31997285
---------------------------------
n = 11
Fixing: (0, 3, 1, 6, 9, 8, 10, 2, 7, 5, 4)
Cycle Type: (1, 10)
Seed: 0

0 1 2 3 4 5 6 7 8 9 10
1 10 5 6 9 0 3 4 7 2 8
2 9 1 4 10 8 0 5 6 3 7
3 7 8 5 2 1 9 10 0 4 6
4 2 6 0 3 7 1 9 10 8 5
5 4 0 10 7 6 8 3 9 1 2
6 8 3 9 5 2 10 0 1 7 4
7 3 9 8 0 10 4 2 5 6 1
8 5 10 7 1 4 2 6 3 0 9
9 6 7 2 8 3 5 1 4 10 0
10 0 4 1 6 9 7 8 2 5 3

0 1 2 3 4 5 6 7 8 9 10
3 0 9 4 6 10 7 8 1 5 2
1 7 6 10 9 0 5 3 2 4 8
6 10 5 2 8 9 0 1 4 7 3
9 6 0 1 2 3 8 4 5 10 7
8 2 7 6 5 1 4 10 3 0 9
10 3 1 8 0 4 2 9 7 6 5
2 5 10 9 3 7 1 0 6 8 4
7 4 8 0 10 6 3 5 9 2 1
5 9 4 7 1 8 10 2 0 3 6
4 8 3 5 7 2 9 6 10 1 0

Time elapsed: 24951.576
Number of branches explored: 305087520
Number of conflicts: 179793858
---------------------------------
n = 11
Fixing: (0, 7, 10, 4, 9, 8, 2, 3, 6, 5, 1)
Cycle Type: (1, 10)
Seed: 0

0 1 2 3 4 5 6 7 8 9 10
1 6 5 4 0 3 7 10 2 8 9
2 5 1 0 3 10 4 8 9 7 6
3 0 10 6 8 9 2 1 7 5 4
4 9 0 8 2 1 3 6 5 10 7
5 2 6 7 9 4 10 3 0 1 8
6 7 3 9 10 2 8 5 4 0 1
7 4 9 1 6 8 0 2 10 3 5
8 3 4 10 7 6 5 9 1 2 0
9 10 8 2 5 7 1 0 6 4 3
10 8 7 5 1 0 9 4 3 6 2

0 1 2 3 4 5 6 7 8 9 10
7 10 3 6 5 0 8 2 9 4 1
10 4 5 9 8 6 1 3 7 2 0
4 3 9 5 2 10 7 6 0 1 8
9 2 8 7 0 4 5 1 10 3 6
8 6 7 10 3 2 4 9 1 0 5
2 5 1 4 7 8 10 0 3 6 9
3 0 6 8 9 1 2 4 5 10 7
6 7 10 0 1 3 9 8 2 5 4
5 8 0 1 6 9 3 10 4 7 2
1 9 4 2 10 7 0 5 6 8 3

Time elapsed: 35374.036
Number of branches explored: 419579778
Number of conflicts: 250279367
---------------------------------
n = 11
Fixing: (0, 2, 3, 9, 1, 8, 10, 4, 7, 5, 6)
Cycle Type: (1, 2, 8)
Seed: 0

0 1 2 3 4 5 6 7 8 9 10
1 9 3 5 8 0 2 4 7 10 6
2 4 9 1 0 7 10 3 6 8 5
3 10 1 6 7 9 8 5 4 0 2
4 6 0 2 10 3 9 8 1 5 7
5 8 10 7 1 6 4 2 0 3 9
6 3 7 8 5 4 0 9 10 2 1
7 0 8 9 6 1 5 10 2 4 3
8 7 4 10 9 2 3 6 5 1 0
9 5 6 4 2 10 1 0 3 7 8
10 2 5 0 3 8 7 1 9 6 4

0 1 2 3 4 5 6 7 8 9 10
2 6 0 7 5 10 4 8 9 3 1
3 5 7 10 6 8 9 2 4 1 0
9 7 4 5 1 0 2 10 3 8 6
1 2 5 9 8 7 10 6 0 4 3
8 10 1 2 9 3 0 5 7 6 4
10 4 6 0 2 9 3 1 5 7 8
4 9 3 8 7 6 1 0 10 2 5
7 0 10 4 3 1 8 9 6 5 2
5 3 8 6 0 2 7 4 1 10 9
6 8 9 1 10 4 5 3 2 0 7

Time elapsed: 2413.4
Number of branches explored: 35011643
Number of conflicts: 18289714
---------------------------------
n = 11
Fixing: (0, 4, 5, 8, 7, 6, 1, 9, 3, 10, 2)
Cycle Type: (1, 2, 8)
Seed: 0

0 1 2 3 4 5 6 7 8 9 10
1 3 0 5 2 9 10 4 7 8 6
2 9 10 6 7 8 3 5 4 1 0
3 0 4 9 5 6 7 1 10 2 8
4 6 9 8 3 0 1 10 2 7 5
5 7 6 0 10 2 8 3 1 4 9
6 4 7 2 8 10 0 9 5 3 1
7 5 3 1 6 4 9 8 0 10 2
8 10 1 7 0 3 2 6 9 5 4
9 8 5 10 1 7 4 2 6 0 3
10 2 8 4 9 1 5 0 3 6 7

0 1 2 3 4 5 6 7 8 9 10
4 5 1 0 7 3 8 9 6 10 2
5 4 6 7 10 0 9 1 3 2 8
8 7 5 6 2 10 0 3 9 1 4
7 3 0 2 1 6 5 4 10 8 9
6 2 9 4 3 8 1 10 7 0 5
1 8 3 9 5 7 10 2 4 6 0
9 10 4 8 0 1 7 6 2 5 3
3 0 10 5 9 2 4 8 1 7 6
10 9 8 1 6 4 2 0 5 3 7
2 6 7 10 8 9 3 5 0 4 1

Time elapsed: 25393.047
Number of branches explored: 326679078
Number of conflicts: 192979034
---------------------------------
n = 11
Fixing: (0, 5, 7, 10, 1, 8, 9, 3, 2, 6, 4)
Cycle Type: (1, 2, 8)
Seed: 0

0 1 2 3 4 5 6 7 8 9 10
1 9 4 7 5 6 8 2 0 10 3
2 0 5 8 1 9 4 6 10 3 7
3 7 8 4 9 10 5 0 2 6 1
4 8 7 10 2 3 0 5 9 1 6
5 3 10 6 0 8 2 9 1 7 4
6 10 0 2 7 1 9 4 3 8 5
7 2 1 9 6 0 3 10 5 4 8
8 5 6 1 10 2 7 3 4 0 9
9 4 3 5 8 7 10 1 6 2 0
10 6 9 0 3 4 1 8 7 5 2

0 1 2 3 4 5 6 7 8 9 10
5 8 6 10 1 7 9 3 2 0 4
7 6 3 4 0 10 8 2 5 1 9
10 0 1 7 2 8 4 5 9 3 6
1 10 4 2 5 6 3 9 0 7 8
8 2 9 1 7 0 10 4 3 6 5
9 3 10 6 8 4 1 0 7 5 2
3 4 8 5 10 9 0 1 6 2 7
2 7 0 9 6 1 5 8 10 4 3
6 9 5 0 3 2 7 10 4 8 1
4 5 7 8 9 3 2 6 1 10 0

Time elapsed: 11524.842
Number of branches explored: 151652769
Number of conflicts: 87188282
---------------------------------
n = 11
Fixing: (0, 9, 4, 5, 10, 3, 7, 1, 2, 6, 8)
Cycle Type: (1, 2, 4, 4)
Seed: 0

0 1 2 3 4 5 6 7 8 9 10
1 3 10 6 5 2 9 8 0 4 7
2 5 3 10 7 9 0 4 6 1 8
3 9 5 8 0 4 10 6 1 7 2
4 0 6 5 8 7 1 9 10 2 3
5 4 8 7 1 10 2 3 9 0 6
6 8 0 9 3 1 4 2 7 10 5
7 2 9 1 6 3 5 10 4 8 0
8 10 7 4 2 0 3 1 5 6 9
9 7 1 0 10 6 8 5 2 3 4
10 6 4 2 9 8 7 0 3 5 1

0 1 2 3 4 5 6 7 8 9 10
9 8 5 10 0 1 3 4 7 2 6
4 10 0 1 5 8 9 3 2 6 7
5 2 7 9 8 6 4 1 3 10 0
10 6 3 4 1 9 7 5 0 8 2
3 0 6 2 10 7 5 9 1 4 8
7 5 1 0 6 2 8 10 4 3 9
1 7 10 8 9 4 2 6 5 0 3
2 9 8 7 3 10 1 0 6 5 4
6 3 4 5 2 0 10 8 9 7 1
8 4 9 6 7 3 0 2 10 1 5

Time elapsed: 21665.798
Number of branches explored: 269569554
Number of conflicts: 158903567
---------------------------------
n = 11
Fixing: (0, 7, 9, 2, 10, 3, 8, 4, 6, 5, 1)
Cycle Type: (1, 2, 4, 4)
Seed: 0

0 1 2 3 4 5 6 7 8 9 10
1 7 5 4 0 8 10 9 3 2 6
2 3 7 10 9 0 8 6 4 5 1
3 0 8 1 2 9 7 10 6 4 5
4 9 6 8 3 7 5 0 10 1 2
5 10 9 2 8 6 1 4 0 3 7
6 8 3 9 10 2 4 1 5 7 0
7 5 10 0 6 1 2 3 9 8 4
8 6 0 7 1 4 9 5 2 10 3
9 4 1 6 5 10 3 2 7 0 8
10 2 4 5 7 3 0 8 1 6 9

0 1 2 3 4 5 6 7 8 9 10
7 6 10 5 9 1 2 3 4 8 0
9 5 1 8 7 2 0 10 6 4 3
2 3 7 6 10 0 9 4 5 1 8
10 2 3 4 0 8 1 6 9 5 7
3 7 8 0 2 4 10 9 1 6 5
8 10 9 1 5 6 3 0 7 2 4
4 0 6 7 1 9 5 8 10 3 2
6 9 5 10 8 7 4 2 3 0 1
5 8 4 2 6 3 7 1 0 10 9
1 4 0 9 3 10 8 5 2 7 6

Time elapsed: 12086.327
Number of branches explored: 153432511
Number of conflicts: 88135303
---------------------------------
n = 11
Fixing: (0, 9, 7, 5, 3, 8, 10, 6, 4, 1, 2)
Cycle Type: (1, 2, 4, 4)
Seed: 0

0 1 2 3 4 5 6 7 8 9 10
1 7 8 2 5 6 4 9 10 0 3
2 0 7 1 10 9 3 8 5 6 4
3 8 4 10 0 7 5 6 9 1 2
4 2 0 7 3 1 9 10 6 8 5
5 4 6 9 1 3 2 0 7 10 8
6 3 9 0 8 4 10 1 2 5 7
7 10 5 6 9 8 0 3 4 2 1
8 9 10 5 7 2 1 4 0 3 6
9 5 3 8 6 10 7 2 1 4 0
10 6 1 4 2 0 8 5 3 7 9

0 1 2 3 4 5 6 7 8 9 10
9 3 6 0 10 7 2 8 1 5 4
7 2 8 5 9 3 1 10 0 4 6
5 0 1 8 7 4 9 2 6 10 3
3 6 9 10 8 0 7 4 5 2 1
8 7 0 4 6 2 10 1 9 3 5
10 9 5 6 1 8 0 3 4 7 2
6 5 3 1 2 9 4 0 10 8 7
4 10 7 2 0 1 8 5 3 6 9
1 4 10 7 3 6 5 9 2 0 8
2 8 4 9 5 10 3 6 7 1 0

Time elapsed: 19571.156
Number of branches explored: 241005788
Number of conflicts: 139720152
---------------------------------
n = 11
Fixing: (0, 3, 5, 1, 2, 4, 8, 9, 6, 10, 7)
Cycle Type: (1, 2, 2, 3, 3)
Seed: 0

0 1 2 3 4 5 6 7 8 9 10
1 7 4 5 9 6 0 2 10 8 3
2 3 0 10 8 4 1 5 9 7 6
3 4 10 8 6 2 7 1 5 0 9
4 0 5 9 3 8 10 6 1 2 7
5 10 9 6 2 7 3 0 4 1 8
6 9 1 4 0 3 5 8 7 10 2
7 6 8 1 5 9 2 10 0 3 4
8 2 7 0 1 10 9 4 3 6 5
9 5 6 7 10 1 8 3 2 4 0
10 8 3 2 7 0 4 9 6 5 1

0 1 2 3 4 5 6 7 8 9 10
3 5 6 9 8 1 7 10 2 0 4
5 0 1 6 9 7 2 8 4 10 3
1 10 8 7 0 9 3 5 6 4 2
2 6 0 1 5 10 4 9 7 3 8
4 9 5 10 7 0 8 2 3 6 1
8 7 9 0 3 2 10 4 1 5 6
9 4 3 8 2 6 1 0 10 7 5
6 8 4 5 10 3 0 1 9 2 7
10 3 7 2 1 4 5 6 0 8 9
7 2 10 4 6 8 9 3 5 1 0

Time elapsed: 2043.028
Number of branches explored: 29017882
Number of conflicts: 14450481
---------------------------------
n = 11
Fixing: (0, 9, 10, 4, 3, 1, 2, 8, 7, 5, 6)
Cycle Type: (1, 2, 2, 3, 3)
Seed: 0

0 1 2 3 4 5 6 7 8 9 10
1 10 6 2 0 4 5 9 3 7 8
2 4 9 1 5 0 8 10 6 3 7
3 2 8 4 6 10 7 0 5 1 9
4 0 5 8 10 7 1 3 9 6 2
5 6 3 7 1 2 9 8 0 10 4
6 7 0 10 9 8 3 5 4 2 1
7 3 10 9 8 6 0 2 1 4 5
8 9 4 5 7 1 2 6 10 0 3
9 5 1 6 2 3 10 4 7 8 0
10 8 7 0 3 9 4 1 2 5 6

0 1 2 3 4 5 6 7 8 9 10
9 7 10 6 1 8 4 3 0 5 2
10 9 6 2 3 7 5 0 1 8 4
4 0 3 10 5 9 1 2 7 6 8
3 6 9 1 8 2 0 10 4 7 5
1 8 7 9 10 3 2 6 5 4 0
2 3 4 5 0 10 9 8 6 1 7
8 5 1 7 9 0 10 4 3 2 6
7 10 5 0 6 4 8 9 2 3 1
5 2 8 4 7 6 3 1 10 0 9
6 4 0 8 2 1 7 5 9 10 3

Time elapsed: 58399.5
Number of branches explored: 677361886
Number of conflicts: 405585819
---------------------------------
n = 11
Fixing: (0, 8, 9, 10, 6, 4, 5, 2, 1, 7, 3)
Cycle Type: (1, 2, 2, 3, 3)
Seed: 0

0 1 2 3 4 5 6 7 8 9 10
1 0 10 7 6 3 5 9 4 2 8
2 4 1 10 9 8 3 6 5 7 0
3 8 9 6 1 7 0 2 10 5 4
4 9 0 2 5 1 8 10 7 6 3
5 10 6 9 3 4 2 0 1 8 7
6 3 7 8 2 0 4 1 9 10 5
7 5 8 4 0 10 9 3 6 1 2
8 6 4 1 7 2 10 5 3 0 9
9 2 3 5 10 6 7 8 0 4 1
10 7 5 0 8 9 1 4 2 3 6

0 1 2 3 4 5 6 7 8 9 10
8 10 0 4 2 6 7 5 9 1 3
9 5 7 8 3 0 2 4 1 10 6
10 7 4 1 5 8 9 3 6 2 0
6 0 1 7 10 2 4 9 5 3 8
4 2 10 6 9 7 0 8 3 5 1
5 4 6 2 8 3 1 0 10 7 9
2 3 9 10 7 4 8 1 0 6 5
1 8 3 9 0 10 5 6 7 4 2
7 6 5 0 1 9 3 10 2 8 4
3 9 8 5 6 1 10 2 4 0 7

Time elapsed: 41665.595
Number of branches explored: 473866115
Number of conflicts: 282745884
---------------------------------
n = 11
Fixing: (0, 3, 8, 4, 5, 10, 7, 6, 2, 1, 9)
Cycle Type: (1, 2, 2, 6)
Seed: 0

0 1 2 3 4 5 6 7 8 9 10
1 3 9 7 8 2 5 10 6 4 0
2 4 7 0 1 9 3 6 10 5 8
3 8 6 9 5 1 0 4 7 10 2
4 10 3 5 9 8 7 0 2 6 1
5 0 10 8 6 7 9 2 4 1 3
6 5 8 2 7 10 1 3 9 0 4
7 2 0 6 3 4 10 1 5 8 9
8 9 4 10 0 3 2 5 1 7 6
9 6 5 1 10 0 4 8 3 2 7
10 7 1 4 2 6 8 9 0 3 5

0 1 2 3 4 5 6 7 8 9 10
3 5 7 10 1 9 8 0 4 6 2
8 9 4 6 2 10 7 1 3 0 5
4 10 5 0 6 8 3 2 9 7 1
5 4 8 2 3 7 1 9 6 10 0
10 8 1 9 0 2 5 3 7 4 6
7 3 0 4 5 6 9 10 2 1 8
6 7 10 8 9 0 2 5 1 3 4
2 6 3 5 7 1 0 4 10 8 9
1 2 9 7 8 4 10 6 0 5 3
9 0 6 1 10 3 4 8 5 2 7

Time elapsed: 8982.221
Number of branches explored: 98048160
Number of conflicts: 54760442
---------------------------------
n = 11
Fixing: (0, 3, 9, 5, 8, 7, 10, 6, 4, 2, 1)
Cycle Type: (1, 2, 2, 6)
Seed: 0

0 1 2 3 4 5 6 7 8 9 10
1 9 4 6 10 7 5 8 2 3 0
2 8 3 5 6 1 4 10 0 7 9
3 10 8 9 1 4 2 5 7 0 6
4 5 10 7 0 2 3 9 6 8 1
5 2 9 4 7 6 1 0 3 10 8
6 0 5 10 3 8 9 2 1 4 7
7 4 1 0 8 3 10 6 9 5 2
8 7 6 1 9 10 0 3 4 2 5
9 6 7 2 5 0 8 4 10 1 3
10 3 0 8 2 9 7 1 5 6 4

0 1 2 3 4 5 6 7 8 9 10
3 7 10 9 0 1 4 6 5 8 2
9 2 1 10 3 6 5 4 7 0 8
5 9 3 4 2 7 8 0 10 6 1
8 6 7 2 9 3 0 10 4 1 5
7 4 6 1 8 2 10 3 9 5 0
10 5 8 6 7 9 3 1 0 2 4
6 0 9 8 10 4 2 5 1 3 7
4 3 0 7 5 8 1 2 6 10 9
2 8 5 0 1 10 7 9 3 4 6
1 10 4 5 6 0 9 8 2 7 3

Time elapsed: 7363.716
Number of branches explored: 81978120
Number of conflicts: 45293717
---------------------------------
n = 11
Fixing: (0, 5, 3, 4, 9, 2, 7, 6, 10, 1, 8)
Cycle Type: (1, 2, 2, 6)
Seed: 0

0 1 2 3 4 5 6 7 8 9 10
1 7 9 4 5 0 2 10 3 8 6
2 4 6 9 1 10 3 8 5 7 0
3 10 1 8 6 9 7 2 4 0 5
4 0 8 1 3 2 10 6 7 5 9
5 9 0 2 7 1 4 3 10 6 8
6 3 10 0 8 4 1 5 9 2 7
7 2 4 5 10 8 9 0 6 1 3
8 5 3 6 9 7 0 1 2 10 4
9 8 7 10 2 6 5 4 0 3 1
10 6 5 7 0 3 8 9 1 4 2

0 1 2 3 4 5 6 7 8 9 10
5 2 8 1 6 3 10 4 9 7 0
3 7 9 6 10 2 5 0 1 8 4
4 0 7 2 3 10 9 1 5 6 8
9 5 4 0 8 6 1 2 3 10 7
2 3 10 4 0 9 8 6 7 1 5
7 10 6 8 9 0 2 3 4 5 1
6 8 3 7 5 1 0 9 10 4 2
10 9 1 5 2 4 7 8 0 3 6
1 6 5 9 7 8 4 10 2 0 3
8 4 0 10 1 7 3 5 6 2 9

Time elapsed: 24532.238
Number of branches explored: 276143734
Number of conflicts: 162101492
---------------------------------
n = 11
Fixing: (0, 10, 9, 7, 8, 4, 5, 2, 6, 1, 3)
Cycle Type: (1, 4, 6)
Time elapsed: 59998.496
Number of branches explored: 711532430
Number of conflicts: 421324308
---------------------------------
n = 11
Fixing: (0, 5, 9, 6, 10, 7, 4, 8, 1, 3, 2)
Cycle Type: (1, 4, 6)
Seed: 0

0 1 2 3 4 5 6 7 8 9 10
1 10 3 6 9 0 5 2 4 8 7
2 8 9 10 6 7 4 5 0 1 3
3 4 6 7 0 1 2 10 9 5 8
4 9 1 5 7 8 0 6 3 10 2
5 0 7 4 10 2 8 9 6 3 1
6 7 0 8 3 9 1 4 10 2 5
7 5 4 0 2 10 3 8 1 6 9
8 6 10 2 5 3 9 1 7 4 0
9 3 5 1 8 4 10 0 2 7 6
10 2 8 9 1 6 7 3 5 0 4

0 1 2 3 4 5 6 7 8 9 10
5 0 8 9 1 7 3 10 2 6 4
9 7 10 6 2 1 5 4 3 8 0
6 3 7 10 5 0 1 8 4 2 9
10 6 4 0 3 2 8 1 9 5 7
7 10 5 8 9 6 4 2 0 1 3
4 2 9 5 7 8 10 0 1 3 6
8 9 6 1 0 4 2 3 7 10 5
1 5 3 4 8 10 0 9 6 7 2
3 4 1 2 10 9 7 6 5 0 8
2 8 0 7 6 3 9 5 10 4 1

Time elapsed: 40077.035
Number of branches explored: 466516065
Number of conflicts: 278628465
---------------------------------
n = 11
Fixing: (0, 7, 3, 5, 6, 10, 1, 8, 9, 4, 2)
Cycle Type: (1, 4, 6)
Seed: 0

0 1 2 3 4 5 6 7 8 9 10
1 3 0 8 10 7 9 5 2 4 6
2 5 4 9 8 6 10 0 1 7 3
3 9 10 7 5 8 1 2 4 6 0
4 6 3 0 7 9 5 8 10 1 2
5 0 8 1 9 2 7 6 3 10 4
6 7 9 10 2 3 0 4 5 8 1
7 8 1 4 6 10 2 9 0 3 5
8 2 6 5 1 4 3 10 7 0 9
9 10 7 2 3 0 4 1 6 5 8
10 4 5 6 0 1 8 3 9 2 7

0 1 2 3 4 5 6 7 8 9 10
7 10 6 2 0 3 8 4 1 5 9
3 6 9 5 10 8 7 2 4 0 1
5 0 4 10 1 7 9 6 3 2 8
6 7 8 1 9 2 3 0 5 10 4
10 9 5 8 6 0 4 3 2 1 7
1 2 7 6 8 4 5 10 9 3 0
8 4 3 0 5 9 10 1 7 6 2
9 5 10 7 2 1 0 8 6 4 3
4 3 1 9 7 10 2 5 0 8 6
2 8 0 4 3 6 1 9 10 7 5

Time elapsed: 19054.751
Number of branches explored: 214863981
Number of conflicts: 124110454
---------------------------------
n = 11
Fixing: (0, 2, 7, 5, 9, 10, 3, 4, 6, 1, 8)
Cycle Type: (1, 5, 5)
Seed: 0

0 1 2 3 4 5 6 7 8 9 10
1 6 8 5 0 3 9 10 2 4 7
2 3 7 8 10 9 4 6 1 5 0
3 8 4 1 6 7 10 5 0 2 9
4 10 5 0 9 1 7 8 3 6 2
5 9 6 2 7 10 1 3 4 0 8
6 2 3 9 1 8 0 4 10 7 5
7 4 0 10 5 2 3 9 6 8 1
8 7 9 4 3 0 2 1 5 10 6
9 0 10 6 8 4 5 2 7 1 3
10 5 1 7 2 6 8 0 9 3 4

0 1 2 3 4 5 6 7 8 9 10
2 8 1 7 9 6 3 4 10 5 0
7 9 8 2 5 10 0 1 4 6 3
5 4 6 0 10 1 9 3 7 8 2
9 2 4 8 7 3 5 10 1 0 6
10 6 9 1 2 7 8 0 3 4 5
3 5 7 4 6 9 1 2 0 10 8
4 7 5 6 1 0 10 8 2 3 9
6 3 0 10 8 2 4 5 9 1 7
1 10 3 5 0 8 2 9 6 7 4
8 0 10 9 3 4 7 6 5 2 1

Time elapsed: 7359.378
Number of branches explored: 83477399
Number of conflicts: 45141543
---------------------------------
n = 11
Fixing: (0, 4, 9, 2, 5, 7, 1, 6, 10, 8, 3)
Cycle Type: (1, 5, 5)
Seed: 0

0 1 2 3 4 5 6 7 8 9 10
1 8 3 2 0 4 5 9 10 6 7
2 3 8 6 7 0 1 10 4 5 9
3 5 10 1 6 8 7 4 9 2 0
4 0 6 5 9 10 2 8 7 3 1
5 9 1 0 10 7 8 2 6 4 3
6 10 9 7 8 2 0 5 3 1 4
7 2 4 9 1 3 10 6 0 8 5
8 4 5 10 3 6 9 0 1 7 2
9 7 0 8 2 1 4 3 5 10 6
10 6 7 4 5 9 3 1 2 0 8

0 1 2 3 4 5 6 7 8 9 10
4 9 7 6 3 8 2 0 5 10 1
9 10 0 4 8 7 5 6 3 1 2
2 0 9 8 5 4 3 1 10 7 6
5 4 3 10 7 1 8 2 0 6 9
7 3 6 5 2 10 1 4 9 0 8
1 8 5 9 6 0 10 3 4 2 7
6 5 10 1 0 9 7 8 2 3 4
10 6 8 0 1 2 4 9 7 5 3
8 2 1 7 10 3 9 5 6 4 0
3 7 4 2 9 6 0 10 1 8 5

Time elapsed: 5436.088
Number of branches explored: 60150970
Number of conflicts: 32670806
---------------------------------
n = 11
Fixing: (0, 8, 10, 6, 2, 9, 1, 3, 7, 4, 5)
Cycle Type: (1, 5, 5)
Time elapsed: 60000.0
Number of branches explored: 626179747
Number of conflicts: 360893027
---------------------------------
n = 11
Fixing: (0, 5, 9, 10, 1, 8, 4, 2, 6, 7, 3)
Cycle Type: (1, 2, 3, 5)
Time elapsed: 60000.0
Number of branches explored: 600472478
Number of conflicts: 357421245
---------------------------------
n = 11
Fixing: (0, 6, 7, 2, 10, 9, 8, 3, 5, 1, 4)
Cycle Type: (1, 2, 3, 5)
Time elapsed: 60000.0
Number of branches explored: 605935470
Number of conflicts: 360210471
---------------------------------
n = 11
Fixing: (0, 3, 4, 6, 9, 1, 7, 5, 10, 2, 8)
Cycle Type: (1, 2, 3, 5)
Seed: 0

0 1 2 3 4 5 6 7 8 9 10
1 9 3 6 2 0 7 10 5 4 8
2 6 0 1 9 10 8 5 4 7 3
3 0 7 5 8 1 9 6 10 2 4
4 3 6 10 7 8 1 2 0 5 9
5 2 8 4 6 3 0 9 7 10 1
6 8 1 7 10 4 5 0 9 3 2
7 10 5 0 3 9 4 1 2 8 6
8 5 9 2 0 6 10 4 3 1 7
9 4 10 8 1 7 2 3 6 0 5
10 7 4 9 5 2 3 8 1 6 0

0 1 2 3 4 5 6 7 8 9 10
3 4 5 2 6 10 8 9 0 1 7
4 5 3 9 8 7 0 10 6 2 1
6 9 10 4 3 0 7 8 1 5 2
9 8 1 6 0 4 10 3 2 7 5
1 7 9 0 10 2 5 6 4 3 8
7 2 6 1 5 8 9 4 3 10 0
5 0 8 7 9 1 3 2 10 6 4
10 6 0 8 1 3 2 5 7 4 9
2 10 4 5 7 6 1 0 9 8 3
8 3 7 10 2 9 4 1 5 0 6

Time elapsed: 8023.29
Number of branches explored: 86256224
Number of conflicts: 48526733
---------------------------------
n = 11
Fixing: (0, 10, 9, 1, 7, 4, 2, 5, 6, 8, 3)
Cycle Type: (1, 3, 3, 4)
Time elapsed: 60000.001
Number of branches explored: 622587124
Number of conflicts: 367188273
---------------------------------
n = 11
Fixing: (0, 4, 3, 10, 6, 7, 1, 9, 2, 5, 8)
Cycle Type: (1, 3, 3, 4)
Seed: 0

0 1 2 3 4 5 6 7 8 9 10
1 4 7 8 6 2 10 9 0 5 3
2 6 9 0 8 3 5 4 7 10 1
3 7 8 1 9 4 0 10 2 6 5
4 10 6 5 0 8 9 2 1 3 7
5 8 0 4 10 7 3 1 9 2 6
6 3 4 9 2 10 1 8 5 7 0
7 5 3 2 1 0 8 6 10 4 9
8 9 5 10 7 6 2 0 3 1 4
9 2 10 7 5 1 4 3 6 0 8
10 0 1 6 3 9 7 5 4 8 2

0 1 2 3 4 5 6 7 8 9 10
4 8 1 5 0 9 7 10 3 2 6
3 7 8 2 10 4 0 9 6 1 5
10 2 6 8 3 0 9 4 7 5 1
6 0 10 4 7 1 2 5 9 8 3
7 3 4 10 9 8 5 6 1 0 2
1 9 5 7 6 2 3 0 10 4 8
9 6 7 1 2 10 4 8 5 3 0
2 4 9 6 5 3 8 1 0 10 7
5 10 3 0 8 7 1 2 4 6 9
8 5 0 9 1 6 10 3 2 7 4

Time elapsed: 11854.562
Number of branches explored: 138279947
Number of conflicts: 78826297
==========================
n = 11
Fixing: (0, 9, 6, 7, 3, 2, 5, 4, 1, 10, 8)
Cycle Type: (1, 3, 3, 4)
Time elapsed: 60000.001
Number of branches explored: 626752233
Number of conflicts: 368370604
---------------------------------
n = 11
Fixing: (0, 2, 4, 6, 9, 7, 3, 5, 10, 1, 8)
Cycle Type: (1, 2, 2, 2, 4)
Seed: 0

0 1 2 3 4 5 6 7 8 9 10
1 9 6 2 3 0 10 8 4 5 7
2 4 10 9 6 1 8 5 7 0 3
3 2 9 7 10 6 5 0 1 4 8
4 10 8 0 2 3 7 6 5 1 9
5 3 7 8 9 10 0 1 6 2 4
6 8 3 1 5 4 9 10 0 7 2
7 6 5 10 1 9 4 3 2 8 0
8 7 4 6 0 2 1 9 3 10 5
9 5 0 4 8 7 3 2 10 6 1
10 0 1 5 7 8 2 4 9 3 6

0 1 2 3 4 5 6 7 8 9 10
2 4 1 9 8 7 5 0 3 10 6
4 0 7 5 10 8 3 6 1 2 9
6 10 0 8 3 2 9 4 5 7 1
9 6 5 10 1 4 0 8 2 3 7
7 5 3 4 6 0 1 10 9 8 2
3 2 10 7 0 1 8 9 6 4 5
5 7 4 2 9 3 10 1 0 6 8
10 9 8 0 5 6 4 2 7 1 3
1 8 9 6 7 10 2 3 4 5 0
8 3 6 1 2 9 7 5 10 0 4

Time elapsed: 8299.087
Number of branches explored: 96908377
Number of conflicts: 54421141
---------------------------------
n = 11
Fixing: (0, 5, 6, 9, 10, 1, 2, 8, 4, 3, 7)
Cycle Type: (1, 2, 2, 2, 4)
Seed: 0

0 1 2 3 4 5 6 7 8 9 10
1 9 8 4 3 0 10 6 2 5 7
2 8 0 10 9 1 3 5 7 6 4
3 2 1 9 8 6 0 4 10 7 5
4 3 6 0 5 7 8 1 9 10 2
5 7 10 1 0 3 9 2 6 4 8
6 5 9 7 2 10 4 3 1 8 0
7 6 4 5 10 8 2 9 0 3 1
8 0 5 2 6 9 7 10 4 1 3
9 10 3 8 7 4 1 0 5 2 6
10 4 7 6 1 2 5 8 3 0 9

0 1 2 3 4 5 6 7 8 9 10
5 2 6 8 0 10 3 9 7 4 1
6 3 4 0 1 7 10 2 5 8 9
9 10 8 4 5 1 7 3 2 0 6
10 5 0 2 7 3 9 4 6 1 8
1 4 9 10 8 6 5 0 3 7 2
2 0 7 6 3 4 1 8 9 10 5
8 7 5 9 6 0 4 10 1 2 3
4 9 3 1 10 8 2 5 0 6 7
3 8 1 7 9 2 0 6 10 5 4
7 6 10 5 2 9 8 1 4 3 0

Time elapsed: 1730.108
Number of branches explored: 24678472
Number of conflicts: 12060141
---------------------------------
n = 11
Fixing: (0, 4, 8, 6, 2, 9, 3, 10, 1, 5, 7)
Cycle Type: (1, 2, 2, 2, 4)
Seed: 0

0 1 2 3 4 5 6 7 8 9 10
1 8 6 10 3 2 0 9 5 7 4
2 7 10 9 6 1 4 3 0 5 8
3 2 1 5 8 6 10 4 7 0 9
4 0 5 7 10 3 1 8 9 2 6
5 4 0 8 9 10 7 6 3 1 2
6 9 7 4 0 8 3 5 2 10 1
7 10 9 6 5 0 8 2 1 4 3
8 5 3 1 2 7 9 10 4 6 0
9 6 8 0 7 4 2 1 10 3 5
10 3 4 2 1 9 5 0 6 8 7

0 1 2 3 4 5 6 7 8 9 10
4 2 1 6 10 9 8 0 7 3 5
8 9 5 4 7 6 1 2 10 0 3
6 4 7 8 9 0 3 10 5 2 1
2 6 10 1 8 7 0 4 3 5 9
9 8 3 7 2 1 4 5 0 10 6
3 7 8 0 5 10 9 6 1 4 2
10 0 6 2 1 4 5 3 9 7 8
1 3 4 5 0 2 10 9 6 8 7
5 10 0 9 6 3 7 8 2 1 4
7 5 9 10 3 8 2 1 4 6 0

Time elapsed: 48089.257
Number of branches explored: 500182039
Number of conflicts: 298713563
---------------------------------
n = 11
Fixing: (0, 3, 7, 1, 8, 6, 5, 2, 4, 10, 9)
Cycle Type: (1, 2, 2, 2, 2, 2)
Seed: 0

0 1 2 3 4 5 6 7 8 9 10
1 2 6 10 5 4 3 9 7 0 8
2 5 4 8 1 9 7 3 10 6 0
3 4 9 6 7 8 10 5 0 2 1
4 8 7 0 10 3 5 6 9 1 2
5 0 1 4 9 7 2 8 6 10 3
6 7 8 1 3 2 0 10 4 5 9
7 3 10 9 6 0 1 2 5 8 4
8 6 0 5 2 10 9 1 3 4 7
9 10 3 2 0 6 8 4 1 7 5
10 9 5 7 8 1 4 0 2 3 6

0 1 2 3 4 5 6 7 8 9 10
3 10 4 5 8 1 7 6 0 2 9
7 4 0 6 5 2 3 9 1 10 8
1 9 5 2 10 3 4 0 7 8 6
8 5 9 4 6 10 2 1 3 7 0
6 3 8 7 1 4 5 10 9 0 2
5 6 7 10 0 9 1 8 2 3 4
2 8 3 0 7 6 9 4 10 1 5
4 0 10 9 3 7 8 2 5 6 1
10 2 6 1 9 8 0 3 4 5 7
9 7 1 8 2 0 10 5 6 4 3

Time elapsed: 5077.02
Number of branches explored: 59632044
Number of conflicts: 32865269
---------------------------------
n = 11
Fixing: (0, 10, 7, 4, 3, 6, 5, 2, 9, 8, 1)
Cycle Type: (1, 2, 2, 2, 2, 2)
Seed: 0

0 1 2 3 4 5 6 7 8 9 10
1 6 0 7 2 4 10 8 9 5 3
2 3 1 9 8 7 5 4 10 0 6
3 2 9 6 1 8 0 10 4 7 5
4 7 5 2 6 0 8 9 3 10 1
5 9 8 4 3 10 1 2 0 6 7
6 8 4 5 10 1 2 0 7 3 9
7 5 10 0 9 6 4 3 2 1 8
8 4 6 10 7 3 9 1 5 2 0
9 10 3 1 0 2 7 5 6 8 4
10 0 7 8 5 9 3 6 1 4 2
0 1 2 3 4 5 6 7 8 9 10

10 2 9 8 3 0 4 1 6 7 5
7 0 4 5 2 9 1 6 3 10 8
4 6 1 0 7 10 3 8 9 5 2
3 10 8 1 9 7 5 4 2 0 6
6 7 0 10 8 2 9 5 1 4 3
5 3 7 9 6 8 10 2 4 1 0
2 4 5 6 10 1 8 9 0 3 7
9 5 3 7 1 6 2 0 10 8 4
8 9 10 2 5 4 0 3 7 6 1
1 8 6 4 0 3 7 10 5 2 9

Time elapsed: 58280.864
Number of branches explored: 706508733
Number of conflicts: 424651513
---------------------------------
n = 11
Fixing: (0, 3, 8, 1, 5, 4, 10, 9, 2, 7, 6)
Cycle Type: (1, 2, 2, 2, 2, 2)
Seed: 0

0 1 2 3 4 5 6 7 8 9 10
1 8 3 4 10 9 7 0 5 2 6
2 4 10 0 8 7 1 5 6 3 9
3 10 0 1 5 6 8 9 2 7 4
4 5 9 2 7 0 10 6 3 1 8
5 9 7 8 0 1 4 2 10 6 3
6 7 8 10 1 2 0 3 9 4 5
7 6 4 9 3 8 5 1 0 10 2
8 3 6 5 2 4 9 10 7 0 1
9 2 5 7 6 10 3 4 1 8 0

10 0 1 6 9 3 2 8 4 5 7
0 1 2 3 4 5 6 7 8 9 10
3 5 10 8 1 0 2 6 9 7 4
8 3 7 5 9 4 0 10 1 2 6
1 0 9 10 6 3 7 8 4 5 2
5 2 1 6 10 7 8 9 0 4 3
4 10 6 1 2 8 9 3 5 0 7
10 8 4 9 7 1 3 5 2 6 0
9 7 0 4 8 6 1 2 10 3 5
2 6 8 7 0 10 5 4 3 1 9
7 9 3 0 5 2 4 1 6 10 8
6 4 5 2 3 9 10 0 7 8 1

Time elapsed: 10206.523
Number of branches explored: 124253750
Number of conflicts: 69785772
---------------------------------
n = 11
Fixing: (0, 5, 1, 9, 7, 6, 3, 10, 4, 8, 2)
Cycle Type: (1, 10)
Seed: 454028536

0 1 2 3 4 5 6 7 8 9 10
1 5 3 8 10 6 7 9 2 4 0
2 3 6 0 9 1 4 5 10 8 7
3 9 4 6 5 0 10 8 1 7 2
4 8 10 7 6 3 2 0 9 5 1
5 10 8 4 3 2 1 6 7 0 9
6 7 9 5 2 8 0 1 4 10 3
7 4 0 10 8 9 3 2 5 1 6
8 6 1 2 7 10 9 4 0 3 5
9 2 7 1 0 4 5 10 3 6 8
10 0 5 9 1 7 8 3 6 2 4

0 1 2 3 4 5 6 7 8 9 10
5 4 6 9 8 10 3 1 0 2 7
1 10 4 2 7 0 9 8 3 6 5
9 3 0 8 10 6 5 2 7 1 4
7 5 1 0 2 4 8 10 6 3 9
6 7 10 5 1 3 2 9 4 8 0
3 2 5 1 9 7 4 6 10 0 8
10 8 3 6 0 2 7 5 9 4 1
4 0 8 7 6 9 10 3 1 5 2
8 6 9 10 5 1 0 4 2 7 3
2 9 7 4 3 8 1 0 5 10 6

Time elapsed: 1942.724
Number of branches explored: 29182346
Number of conflicts: 14865278
---------------------------------
n = 11
Fixing: (0, 9, 10, 6, 7, 8, 2, 3, 4, 5, 1)
Cycle Type: (1, 10)
Seed: 1953995268

0 1 2 3 4 5 6 7 8 9 10
1 9 6 0 2 3 7 8 10 4 5
2 0 7 1 3 6 10 5 9 8 4
3 10 4 2 5 9 8 0 6 7 1
4 2 0 8 9 1 5 6 3 10 7
5 7 10 6 0 8 2 4 1 3 9
6 4 5 9 8 2 3 10 7 1 0
7 3 8 4 10 0 1 9 5 6 2
8 5 9 10 6 7 0 1 4 2 3
9 6 3 7 1 10 4 2 0 5 8
10 8 1 5 7 4 9 3 2 0 6

0 1 2 3 4 5 6 7 8 9 10
9 10 1 8 7 0 2 6 5 3 4
10 5 9 7 1 4 8 3 6 0 2
6 3 8 9 2 1 10 4 7 5 0
7 0 3 1 8 2 9 5 10 4 6
8 4 6 0 10 9 5 1 3 2 7
2 6 10 4 5 3 7 0 1 8 9
3 8 7 5 9 6 4 2 0 10 1
4 7 0 2 3 8 1 10 9 6 5
5 9 4 10 6 7 0 8 2 1 3
1 2 5 6 0 10 3 9 4 7 8

Time elapsed: 7571.879
Number of branches explored: 98568569
Number of conflicts: 55423958
---------------------------------
n = 11
Fixing: (0, 4, 5, 7, 10, 3, 1, 8, 9, 6, 2)
Cycle Type: (1, 10)
Seed: 1559391162

0 1 2 3 4 5 6 7 8 9 10
1 4 8 0 7 6 3 10 5 2 9
2 5 7 4 10 9 8 3 6 1 0
3 9 10 7 8 2 0 1 4 6 5
4 3 5 6 2 0 10 8 9 7 1
5 2 0 10 6 4 7 9 1 8 3
6 7 9 8 1 10 5 0 2 3 4
7 0 6 1 9 8 4 5 3 10 2
8 10 4 9 3 7 1 2 0 5 6
9 8 3 5 0 1 2 6 10 4 7
10 6 1 2 5 3 9 4 7 0 8

0 1 2 3 4 5 6 7 8 9 10
4 3 6 8 2 9 5 0 1 10 7
5 6 10 1 9 3 0 8 2 7 4
7 2 5 4 10 1 3 6 9 8 0
10 9 7 0 6 2 4 1 5 3 8
3 0 1 6 7 8 9 4 10 5 2
1 5 8 2 3 7 10 9 4 0 6
8 10 3 5 0 4 7 2 6 1 9
9 8 0 10 1 6 2 3 7 4 5
6 7 4 9 5 0 8 10 3 2 1
2 4 9 7 8 10 1 5 0 6 3

Time elapsed: 18848.980
Number of branches explored: 244116809
Number of conflicts: 142483210
---------------------------------