n = 5
Fixing: (0, 2, 4, 1, 3)
Cycle Type: (1, 4)
seed: 177701783

0 1 2 3 4
1 3 4 2 0
2 4 1 0 3
3 2 0 4 1
4 0 3 1 2

0 1 2 3 4
2 4 1 0 3
4 0 3 1 2
1 3 4 2 0
3 2 0 4 1
Time (s): 0.00296593
Nodes Processed: 0
---------------------------------
n = 5
Fixing: (0, 4, 1, 2, 3)
Cycle Type: (1, 4)
seed: 177701783

0 1 2 3 4
1 4 3 0 2
2 3 1 4 0
3 0 4 2 1
4 2 0 1 3

0 1 2 3 4
4 2 0 1 3
1 4 3 0 2
2 3 1 4 0
3 0 4 2 1
Time (s): 0.00196838
Nodes Processed: 0
---------------------------------
n = 5
Fixing: (0, 3, 1, 4, 2)
Cycle Type: (1, 4)
seed: 177701783

0 1 2 3 4
1 2 3 4 0
2 3 4 0 1
3 4 0 1 2
4 0 1 2 3

0 1 2 3 4
3 4 0 1 2
1 2 3 4 0
4 0 1 2 3
2 3 4 0 1
Time (s): 0.00200081
Nodes Processed: 0
---------------------------------
n = 5
Fixing: (0, 3, 4, 1, 2)
Cycle Type: (1, 2, 2)
seed: 14781794

0 1 2 3 4
1 2 4 0 3
2 4 3 1 0
3 0 1 4 2
4 3 0 2 1

0 1 2 3 4
3 0 1 4 2
4 3 0 2 1
1 2 4 0 3
2 4 3 1 0
Time (s): 0.00296402
Nodes Processed: 0
---------------------------------
n = 5
Fixing: (0, 2, 1, 4, 3)
Cycle Type: (1, 2, 2)
seed: 14781794

0 1 2 3 4
1 4 0 2 3
2 0 3 4 1
3 2 4 1 0
4 3 1 0 2

0 1 2 3 4
2 0 3 4 1
1 4 0 2 3
4 3 1 0 2
3 2 4 1 0
Time (s): 0.00199509
Nodes Processed: 0
---------------------------------
n = 5
Fixing: (0, 2, 1, 4, 3)
Cycle Type: (1, 2, 2)
seed: 14781794

0 1 2 3 4
1 4 0 2 3
2 0 3 4 1
3 2 4 1 0
4 3 1 0 2

0 1 2 3 4
2 0 3 4 1
1 4 0 2 3
4 3 1 0 2
3 2 4 1 0
Time (s): 0.00299454
Nodes Processed: 0
---------------------------------
n = 6
Fixing: (0, 5, 3, 4, 2, 1)
Cycle Type: (1, 2, 3)
seed: 159409544

Error code = 10005
Var::get
Time (s): 0.308176
Nodes Processed: 101
---------------------------------
n = 6
Fixing: (0, 3, 4, 5, 2, 1)
Cycle Type: (1, 2, 3)
seed: 159409544

Error code = 10005
Var::get
Time (s): 0.320173
Nodes Processed: 104
---------------------------------
n = 6
Fixing: (0, 3, 1, 2, 5, 4)
Cycle Type: (1, 2, 3)
seed: 159409544

Error code = 10005
Var::get
Time (s): 0.287233
Nodes Processed: 62
---------------------------------
n = 6
Fixing: (0, 2, 3, 4, 5, 1)
Cycle Type: (1, 5)
seed: 239557101

Error code = 10005
Var::get
Time (s): 0.301195
Nodes Processed: 101
---------------------------------
n = 6
Fixing: (0, 4, 3, 5, 2, 1)
Cycle Type: (1, 5)
seed: 239557101

Error code = 10005
Var::get
Time (s): 0.310173
Nodes Processed: 85
---------------------------------
n = 6
Fixing: (0, 4, 5, 1, 2, 3)
Cycle Type: (1, 5)
seed: 75534060

Error code = 10005
Var::get
Time (s): 0.254318
Nodes Processed: 65
---------------------------------
n = 7
Fixing: (0, 6, 5, 2, 1, 3, 4)
Cycle Type: (1, 3, 3)
seed: 64085492

0 1 2 3 4 5 6
1 5 3 6 0 4 2
2 4 6 5 3 0 1
3 0 5 2 6 1 4
4 2 1 0 5 6 3
5 6 4 1 2 3 0
6 3 0 4 1 2 5

0 1 2 3 4 5 6
6 0 5 1 2 3 4
5 2 0 4 1 6 3
2 4 1 6 3 0 5
1 3 4 5 6 2 0
3 5 6 2 0 4 1
4 6 3 0 5 1 2
Time (s): 0.696138
Nodes Processed: 101
---------------------------------
n = 7
Fixing: (0, 2, 6, 5, 3, 4, 1)
Cycle Type: (1, 3, 3)
seed: 64085492

0 1 2 3 4 5 6
1 4 3 5 6 2 0
2 5 4 6 0 1 3
3 2 0 4 1 6 5
4 0 6 2 5 3 1
5 6 1 0 3 4 2
6 3 5 1 2 0 4

0 1 2 3 4 5 6
2 6 1 0 5 4 3
6 3 5 4 1 0 2
5 0 4 2 6 3 1
3 5 0 1 2 6 4
4 2 3 6 0 1 5
1 4 6 5 3 2 0
Time (s): 0.949436
Nodes Processed: 103
---------------------------------
n = 7
Fixing: (0, 3, 5, 6, 2, 4, 1)
Cycle Type: (1, 3, 3)
seed: 144588944

0 1 2 3 4 5 6
1 4 5 2 6 3 0
2 3 4 0 1 6 5
3 5 6 4 0 1 2
4 0 3 6 5 2 1
5 6 0 1 2 4 3
6 2 1 5 3 0 4

0 1 2 3 4 5 6
3 6 0 1 5 4 2
5 0 3 4 6 2 1
6 2 4 5 1 0 3
2 5 1 0 3 6 4
4 3 6 2 0 1 5
1 4 5 6 2 3 0
Time (s): 0.833765
Nodes Processed: 101
---------------------------------
n = 7
Fixing: (0, 5, 3, 4, 6, 2, 1)
Cycle Type: (1, 6)
seed: 225179460

0 1 2 3 4 5 6
1 5 3 6 0 2 4
2 6 5 4 1 0 3
3 0 4 5 2 6 1
4 2 6 1 5 3 0
5 3 1 0 6 4 2
6 4 0 2 3 1 5

0 1 2 3 4 5 6
5 3 0 4 2 6 1
3 0 1 5 6 4 2
4 5 3 6 1 2 0
6 4 5 2 0 1 3
2 6 4 1 3 0 5
1 2 6 0 5 3 4
Time (s): 0.844742
Nodes Processed: 101
---------------------------------
n = 7
Fixing: (0, 4, 5, 6, 2, 3, 1)
Cycle Type: (1, 6)
seed: 60259254

0 1 2 3 4 5 6
1 3 5 6 2 4 0
2 4 0 5 1 6 3
3 5 6 2 0 1 4
4 6 3 0 5 2 1
5 0 4 1 6 3 2
6 2 1 4 3 0 5

0 1 2 3 4 5 6
4 5 6 0 3 1 2
5 3 4 1 6 2 0
6 2 3 4 1 0 5
2 4 1 5 0 6 3
3 6 0 2 5 4 1
1 0 5 6 2 3 4
Time (s): 0.928516
Nodes Processed: 102
---------------------------------
n = 7
Fixing: (0, 5, 4, 1, 6, 2, 3)
Cycle Type: (1, 6)
seed: 140861133

0 1 2 3 4 5 6
1 3 4 2 6 0 5
2 0 3 6 5 1 4
3 6 0 5 2 4 1
4 5 6 1 0 3 2
5 2 1 4 3 6 0
6 4 5 0 1 2 3

0 1 2 3 4 5 6
5 0 3 1 2 6 4
4 2 6 5 0 3 1
1 4 5 6 3 2 0
6 3 0 2 1 4 5
2 6 4 0 5 1 3
3 5 1 4 6 0 2
Time (s): 0.890596
Nodes Processed: 101
---------------------------------
n = 7
Fixing: (0, 6, 1, 2, 5, 4, 3)
Cycle Type: (1, 2, 4)
seed: 221527500

0 1 2 3 4 5 6
1 3 5 6 2 0 4
2 5 6 0 3 4 1
3 6 0 4 5 1 2
4 2 3 5 1 6 0
5 0 4 1 6 2 3
6 4 1 2 0 3 5

0 1 2 3 4 5 6
6 4 3 0 5 1 2
1 2 4 5 6 3 0
2 5 6 1 0 4 3
5 0 1 6 3 2 4
4 3 0 2 1 6 5
3 6 5 4 2 0 1
Time (s): 0.915548
Nodes Processed: 101
---------------------------------
n = 7
Fixing: (0, 5, 6, 2, 3, 1, 4)
Cycle Type: (1, 2, 4)
seed: 56415072

0 1 2 3 4 5 6
1 4 0 2 5 6 3
2 0 3 6 1 4 5
3 2 6 5 0 1 4
4 5 1 0 6 3 2
5 6 4 1 3 2 0
6 3 5 4 2 0 1

0 1 2 3 4 5 6
5 2 1 0 6 3 4
6 4 5 1 3 0 2
2 3 0 4 5 6 1
3 0 4 6 2 1 5
1 5 6 2 0 4 3
4 6 3 5 1 2 0
Time (s): 0.855684
Nodes Processed: 106
---------------------------------
n = 7
Fixing: (0, 2, 6, 1, 5, 4, 3)
Cycle Type: (1, 2, 4)
seed: 137122862

0 1 2 3 4 5 6
1 0 6 2 5 4 3
2 3 0 4 6 1 5
3 5 4 6 0 2 1
4 6 1 5 3 0 2
5 2 3 0 1 6 4
6 4 5 1 2 3 0

0 1 2 3 4 5 6
2 6 5 1 0 3 4
6 5 4 2 1 0 3
1 2 6 0 3 4 5
5 4 3 6 2 1 0
4 3 0 5 6 2 1
3 0 1 4 5 6 2
Time (s): 0.868654
Nodes Processed: 101
---------------------------------
n = 7
Fixing: (0, 3, 6, 1, 5, 4, 2)
Cycle Type: (1, 2, 2, 2)
seed: 217902650

0 1 2 3 4 5 6
1 5 6 4 3 0 2
2 3 4 6 5 1 0
3 4 5 0 6 2 1
4 0 3 1 2 6 5
5 6 0 2 1 4 3
6 2 1 5 0 3 4

0 1 2 3 4 5 6
3 0 1 6 5 2 4
6 4 3 5 2 0 1
1 2 6 4 0 3 5
5 6 0 2 1 4 3
4 3 5 0 6 1 2
2 5 4 1 3 6 0
Time (s): 0.922552
Nodes Processed: 101
---------------------------------
n = 7
Fixing: (0, 4, 5, 6, 1, 2, 3)
Cycle Type: (1, 2, 2, 2)
seed: 52553435

0 1 2 3 4 5 6
1 6 4 2 5 3 0
2 4 3 0 6 1 5
3 2 6 5 0 4 1
4 5 0 1 2 6 3
5 0 1 6 3 2 4
6 3 5 4 1 0 2

0 1 2 3 4 5 6
4 5 6 1 3 0 2
5 0 4 6 2 3 1
6 3 1 4 5 2 0
1 6 3 2 0 4 5
2 4 5 0 1 6 3
3 2 0 5 6 1 4
Time (s): 0.777924
Nodes Processed: 101
---------------------------------
n = 7
Fixing: (0, 6, 3, 2, 5, 4, 1)
Cycle Type: (1, 2, 2, 2)
seed: 133374131

0 1 2 3 4 5 6
1 3 5 6 2 4 0
2 6 3 0 5 1 4
3 2 4 5 6 0 1
4 0 6 2 1 3 5
5 4 0 1 3 6 2
6 5 1 4 0 2 3

0 1 2 3 4 5 6
6 5 1 4 0 2 3
3 2 4 5 6 0 1
2 6 3 0 5 1 4
5 4 0 1 3 6 2
4 0 6 2 1 3 5
1 3 5 6 2 4 0
Time (s): 0.927521
Nodes Processed: 101
---------------------------------
n = 8
Fixing: (0, 2, 6, 7, 5, 3, 4, 1)
Cycle Type: (1, 7)
seed: 31289580

0 1 2 3 4 5 6 7
1 3 5 6 2 7 4 0
2 7 3 5 6 0 1 4
3 0 4 7 5 6 2 1
4 6 7 2 0 1 5 3
5 4 1 0 7 2 3 6
6 2 0 1 3 4 7 5
7 5 6 4 1 3 0 2

0 1 2 3 4 5 6 7
2 4 1 5 3 0 7 6
6 2 5 7 1 4 0 3
7 3 0 4 6 2 1 5
5 7 6 0 2 3 4 1
3 6 4 1 5 7 2 0
4 5 7 6 0 1 3 2
1 0 3 2 7 6 5 4
Time (s): 2.58708
Nodes Processed: 101
---------------------------------
n = 8
Fixing: (0, 7, 5, 6, 2, 1, 4, 3)
Cycle Type: (1, 7)
seed: 27150020

0 1 2 3 4 5 6 7
1 0 3 2 5 6 7 4
2 7 5 0 6 4 3 1
3 6 4 1 7 0 2 5
4 5 6 7 2 3 1 0
5 4 7 6 3 1 0 2
6 2 0 5 1 7 4 3
7 3 1 4 0 2 5 6

0 1 2 3 4 5 6 7
7 2 1 4 3 0 5 6
5 4 7 6 1 3 2 0
6 3 0 5 2 7 1 4
2 6 5 0 7 4 3 1
1 5 6 7 0 2 4 3
4 0 3 2 6 1 7 5
3 7 4 1 5 6 0 2
Time (s): 2.997
Nodes Processed: 103
---------------------------------
n = 8
Fixing: (0, 4, 7, 1, 2, 6, 3, 5)
Cycle Type: (1, 7)
seed: 23008000

0 1 2 3 4 5 6 7
1 6 4 0 5 7 3 2
2 4 0 1 6 3 7 5
3 2 7 5 1 6 0 4
4 5 3 7 2 0 1 6
5 7 6 4 3 1 2 0
6 0 1 2 7 4 5 3
7 3 5 6 0 2 4 1

0 1 2 3 4 5 6 7
4 2 1 7 3 0 5 6
7 3 6 5 0 4 2 1
1 0 3 2 6 7 4 5
2 7 0 6 5 1 3 4
6 4 5 0 7 2 1 3
3 5 7 4 1 6 0 2
5 6 4 1 2 3 7 0
Time (s): 4.16686
Nodes Processed: 108
---------------------------------
n = 8
Fixing: (0, 5, 6, 1, 3, 4, 7, 2)
Cycle Type: (1, 3, 4)
seed: 104978313

0 1 2 3 4 5 6 7
1 0 5 7 6 4 3 2
2 5 0 6 7 3 4 1
3 6 7 5 0 2 1 4
4 7 6 0 5 1 2 3
5 4 3 2 1 0 7 6
6 2 1 4 3 7 0 5
7 3 4 1 2 6 5 0

0 1 2 3 4 5 6 7
5 6 0 4 3 7 2 1
6 7 1 2 5 4 0 3
1 4 3 6 2 0 7 5
3 0 5 7 1 2 4 6
4 2 7 5 6 3 1 0
7 3 4 1 0 6 5 2
2 5 6 0 7 1 3 4
Time (s): 2.00167
Nodes Processed: 102
---------------------------------
n = 8
Fixing: (0, 3, 1, 5, 6, 2, 7, 4)
Cycle Type: (1, 3, 4)
seed: 14676600

0 1 2 3 4 5 6 7
1 6 5 7 2 0 4 3
2 0 7 4 5 6 3 1
3 2 6 5 7 4 1 0
4 7 0 2 3 1 5 6
5 3 1 6 0 7 2 4
6 4 3 0 1 2 7 5
7 5 4 1 6 3 0 2

0 1 2 3 4 5 6 7
3 5 7 2 0 6 1 4
1 7 6 0 3 4 2 5
5 4 3 6 1 7 0 2
6 3 1 5 7 2 4 0
2 6 4 1 5 0 7 3
7 2 0 4 6 3 5 1
4 0 5 7 2 1 3 6
Time (s): 19.7105
Nodes Processed: 2057
---------------------------------
n = 8
Fixing: (0, 2, 7, 1, 6, 4, 5, 3)
Cycle Type: (1, 3, 4)
seed: 163236150

0 1 2 3 4 5 6 7
1 6 0 2 7 4 5 3
2 7 3 5 6 0 4 1
3 4 7 1 5 6 0 2
4 3 5 7 0 1 2 6
5 2 4 6 1 7 3 0
6 0 1 4 3 2 7 5
7 5 6 0 2 3 1 4

0 1 2 3 4 5 6 7
2 7 5 1 6 0 3 4
7 4 6 0 3 2 1 5
1 5 0 6 2 4 7 3
6 2 7 5 1 3 4 0
4 0 3 2 7 1 5 6
5 3 4 7 0 6 2 1
3 6 1 4 5 7 0 2
Time (s): 2.89629
Nodes Processed: 103
---------------------------------
n = 8
Fixing: (0, 4, 5, 6, 1, 2, 7, 3)
Cycle Type: (1, 2, 2, 3)
seed: 159204365

0 1 2 3 4 5 6 7
1 7 3 0 5 6 2 4
2 0 6 4 7 3 1 5
3 5 7 6 1 2 4 0
4 3 0 5 6 1 7 2
5 4 1 7 2 0 3 6
6 2 4 1 0 7 5 3
7 6 5 2 3 4 0 1

0 1 2 3 4 5 6 7
4 6 5 2 1 0 7 3
5 3 1 7 2 4 0 6
6 0 4 5 7 3 2 1
1 7 6 4 3 2 5 0
2 5 3 0 6 7 1 4
7 4 0 6 5 1 3 2
3 2 7 1 0 6 4 5
Time (s): 29.2378
Nodes Processed: 2978
---------------------------------
n = 8
Fixing: (0, 5, 7, 4, 3, 6, 1, 2)
Cycle Type: (1, 2, 2, 3)
seed: 118306920

0 1 2 3 4 5 6 7
1 0 3 2 6 4 7 5
2 7 4 5 3 6 0 1
3 5 7 6 1 0 2 4
4 2 6 7 5 1 3 0
5 6 0 4 7 3 1 2
6 4 1 0 2 7 5 3
7 3 5 1 0 2 4 6

0 1 2 3 4 5 6 7
5 7 0 6 2 1 3 4
7 4 6 1 5 0 2 3
4 2 1 7 6 3 5 0
3 0 4 5 7 2 1 6
6 3 5 2 0 7 4 1
1 5 7 4 3 6 0 2
2 6 3 0 1 4 7 5
Time (s): 3.57943
Nodes Processed: 108
---------------------------------
n = 8
Fixing: (0, 4, 3, 6, 1, 7, 2, 5)
Cycle Type: (1, 2, 2, 3)
seed: 114147234

0 1 2 3 4 5 6 7
1 0 3 6 7 2 4 5
2 5 6 0 1 7 3 4
3 2 1 5 6 4 7 0
4 3 7 2 5 1 0 6
5 4 0 7 2 6 1 3
6 7 5 4 0 3 2 1
7 6 4 1 3 0 5 2

0 1 2 3 4 5 6 7
4 5 0 7 1 6 2 3
3 2 1 4 7 0 5 6
6 7 5 1 0 3 4 2
1 4 3 0 6 2 7 5
7 0 6 2 5 4 3 1
2 6 4 5 3 7 1 0
5 3 7 6 2 1 0 4
Time (s): 4.39126
Nodes Processed: 108
---------------------------------
n = 8
Fixing: (0, 2, 4, 1, 6, 7, 3, 5)
Cycle Type: (1, 2, 5)
seed: 17448937

0 1 2 3 4 5 6 7
1 4 7 2 6 3 5 0
2 3 5 0 1 6 7 4
3 6 1 4 0 7 2 5
4 7 6 5 2 1 0 3
5 0 4 7 3 2 1 6
6 5 0 1 7 4 3 2
7 2 3 6 5 0 4 1

0 1 2 3 4 5 6 7
2 5 3 7 1 4 0 6
4 0 6 5 7 2 1 3
1 7 5 0 2 6 3 4
6 4 0 1 5 3 7 2
7 3 1 2 6 0 4 5
3 2 4 6 0 7 5 1
5 6 7 4 3 1 2 0
Time (s): 2.82146
Nodes Processed: 101
---------------------------------
n = 8
Fixing: (0, 3, 5, 1, 2, 7, 4, 6)
Cycle Type: (1, 2, 5)
seed: 13166400

0 1 2 3 4 5 6 7
1 5 0 4 2 6 7 3
2 7 1 6 5 0 3 4
3 2 5 7 1 4 0 6
4 0 6 2 7 3 1 5
5 6 7 0 3 1 4 2
6 3 4 5 0 7 2 1
7 4 3 1 6 2 5 0

0 1 2 3 4 5 6 7
3 4 7 0 6 1 5 2
5 2 6 7 3 4 0 1
1 3 0 4 7 6 2 5
2 5 3 1 0 7 4 6
7 0 1 6 5 2 3 4
4 6 5 2 1 3 7 0
6 7 4 5 2 0 1 3
Time (s): 4.93137
Nodes Processed: 111
---------------------------------
n = 8
Fixing: (0, 6, 1, 7, 5, 2, 4, 3)
Cycle Type: (1, 2, 5)
seed: 186122630

0 1 2 3 4 5 6 7
1 7 3 0 2 6 5 4
2 3 6 7 0 4 1 5
3 4 5 6 7 2 0 1
4 2 0 5 3 1 7 6
5 0 1 4 6 7 3 2
6 5 7 2 1 3 4 0
7 6 4 1 5 0 2 3

0 1 2 3 4 5 6 7
6 2 4 5 3 1 7 0
1 5 7 6 2 3 0 4
7 6 0 2 1 4 3 5
5 7 6 1 0 2 4 3
2 4 3 7 5 0 1 6
4 3 5 0 7 6 2 1
3 0 1 4 6 7 5 2
Time (s): 8.98797
Nodes Processed: 752
---------------------------------
n = 9
Fixing: (0, 3, 5, 4, 8, 7, 2, 6, 1)
Cycle Type: (1, 4, 4)
seed: 94837500

0 1 2 3 4 5 6 7 8
1 0 8 2 6 4 7 5 3
2 5 4 7 8 3 1 0 6
3 7 6 8 2 0 4 1 5
4 8 7 0 5 6 3 2 1
5 3 0 1 7 8 2 6 4
6 4 1 5 0 7 8 3 2
7 6 3 4 1 2 5 8 0
8 2 5 6 3 1 0 4 7

0 1 2 3 4 5 6 7 8
3 2 0 7 8 6 4 1 5
5 4 7 1 6 2 0 8 3
4 8 1 5 3 7 2 6 0
8 3 5 6 2 0 1 4 7
7 6 3 2 0 4 8 5 1
2 5 4 8 1 3 7 0 6
6 7 8 0 5 1 3 2 4
1 0 6 4 7 8 5 3 2
Time (s): 195.276
Nodes Processed: 5923
---------------------------------
n = 9
Fixing: (0, 6, 1, 7, 8, 2, 5, 4, 3)
Cycle Type: (1, 4, 4)
seed: 239241340

0 1 2 3 4 5 6 7 8
1 0 3 6 5 2 4 8 7
2 8 6 4 7 3 1 5 0
3 4 0 5 6 7 8 1 2
4 7 5 8 0 6 3 2 1
5 6 1 7 2 8 0 3 4
6 2 7 1 8 0 5 4 3
7 3 8 0 1 4 2 6 5
8 5 4 2 3 1 7 0 6

0 1 2 3 4 5 6 7 8
6 4 8 0 3 7 1 5 2
1 2 3 5 8 6 0 4 7
7 0 5 8 2 1 4 3 6
8 3 1 7 6 4 2 0 5
2 7 4 6 5 0 8 1 3
5 8 0 2 1 3 7 6 4
4 5 6 1 7 2 3 8 0
3 6 7 4 0 8 5 2 1
Time (s): 4393.77
Nodes Processed: 50177
---------------------------------
n = 9
Fixing: (0, 4, 1, 7, 5, 2, 3, 8, 6)
Cycle Type: (1, 4, 4)
seed: 757801744

0 1 2 3 4 5 6 7 8
1 0 6 2 8 7 3 5 4
2 6 8 4 7 0 5 3 1
3 7 4 6 0 8 1 2 5
4 3 0 5 6 2 8 1 7
5 8 3 7 1 6 2 4 0
6 5 7 1 3 4 0 8 2
7 2 1 8 5 3 4 0 6
8 4 5 0 2 1 7 6 3

0 1 2 3 4 5 6 7 8
4 8 0 7 5 2 1 6 3
1 5 7 6 3 4 8 2 0
7 6 1 8 2 0 3 5 4
5 4 6 0 7 3 2 8 1
2 3 8 5 6 1 4 0 7
3 7 4 2 0 8 5 1 6
8 0 5 4 1 6 7 3 2
6 2 3 1 8 7 0 4 5
Time (s): 1315.54
Nodes Processed: 17945
---------------------------------
n = 9
Fixing: (0, 5, 8, 7, 6, 1, 3, 4, 2)
Cycle Type: (1, 2, 2, 4)
seed: 8646096

0 1 2 3 4 5 6 7 8
1 6 3 0 8 2 7 5 4
2 0 5 8 7 3 4 1 6
3 2 4 6 0 7 1 8 5
4 8 0 7 2 6 5 3 1
5 4 7 1 6 8 0 2 3
6 5 1 2 3 0 8 4 7
7 3 8 5 1 4 2 6 0
8 7 6 4 5 1 3 0 2

0 1 2 3 4 5 6 7 8
5 0 6 8 3 1 2 4 7
8 7 3 6 5 4 1 0 2
7 5 0 4 2 3 8 1 6
6 4 5 1 0 8 7 2 3
1 3 8 2 7 0 4 6 5
3 2 4 7 1 6 5 8 0
4 8 7 0 6 2 3 5 1
2 6 1 5 8 7 0 3 4
Time (s): 2755.18
Nodes Processed: 32502
---------------------------------
n = 9
Fixing: (0, 2, 8, 6, 7, 1, 3, 4, 5)
Cycle Type: (1, 2, 2, 4)
seed: 46007650

0 1 2 3 4 5 6 7 8
1 5 4 6 3 7 8 2 0
2 3 0 7 5 4 1 8 6
3 4 7 8 2 6 0 5 1
4 8 6 5 0 2 3 1 7
5 0 1 4 6 8 7 3 2
6 7 5 1 8 0 2 4 3
7 6 8 2 1 3 4 0 5
8 2 3 0 7 1 5 6 4

0 1 2 3 4 5 6 7 8
2 6 0 5 8 1 4 3 7
8 2 5 6 0 3 7 1 4
6 5 8 7 1 2 3 4 0
7 3 1 2 6 4 0 8 5
1 4 3 8 7 0 2 5 6
3 0 7 4 2 8 5 6 1
4 8 6 0 5 7 1 2 3
5 7 4 1 3 6 8 0 2
Time (s): 612.437
Nodes Processed: 10331
---------------------------------
n = 9
Fixing: (0, 6, 5, 4, 3, 7, 1, 8, 2)
Cycle Type: (1, 2, 2, 4)
seed: 83455905

0 1 2 3 4 5 6 7 8
1 4 3 0 5 8 7 6 2
2 3 8 5 6 7 1 4 0
3 8 6 7 0 2 5 1 4
4 7 5 6 2 1 8 0 3
5 2 4 1 8 6 0 3 7
6 0 1 4 7 3 2 8 5
7 5 0 8 1 4 3 2 6
8 6 7 2 3 0 4 5 1

0 1 2 3 4 5 6 7 8
6 7 8 4 3 0 2 5 1
5 0 6 8 2 4 3 1 7
4 5 7 1 6 3 0 8 2
3 6 1 0 8 7 4 2 5
7 4 0 2 1 8 5 6 3
1 8 4 5 0 2 7 3 6
8 2 3 7 5 6 1 0 4
2 3 5 6 7 1 8 4 0
Time (s): 557.742
Nodes Processed: 9609
---------------------------------
n = 9
Fixing: (0, 5, 1, 8, 6, 3, 2, 4, 7)
Cycle Type: (1, 8)
seed: 110887698

0 1 2 3 4 5 6 7 8
1 3 4 8 6 7 0 2 5
2 7 6 4 3 1 8 5 0
3 4 7 0 8 2 5 1 6
4 8 5 2 0 3 7 6 1
5 6 0 1 2 4 3 8 7
6 0 1 7 5 8 2 4 3
7 5 8 6 1 0 4 3 2
8 2 3 5 7 6 1 0 4

0 1 2 3 4 5 6 7 8
5 4 0 6 3 1 7 8 2
1 2 8 5 0 7 3 6 4
8 7 3 1 2 6 4 0 5
6 5 7 4 8 2 0 1 3
3 0 5 2 7 8 1 4 6
2 6 4 8 1 0 5 3 7
4 8 1 7 6 3 2 5 0
7 3 6 0 5 4 8 2 1
Time (s): 418.921
Nodes Processed: 7957
---------------------------------
n = 9
Fixing: (0, 2, 4, 8, 6, 1, 3, 5, 7)
Cycle Type: (1, 8)
seed: 334216536

0 1 2 3 4 5 6 7 8
1 0 8 6 2 7 4 3 5
2 8 7 0 3 4 1 5 6
3 7 4 8 5 6 2 1 0
4 3 5 2 0 8 7 6 1
5 6 1 4 7 0 8 2 3
6 4 3 1 8 2 5 0 7
7 2 0 5 6 1 3 8 4
8 5 6 7 1 3 0 4 2

0 1 2 3 4 5 6 7 8
2 6 5 7 3 8 0 1 4
4 0 1 2 7 3 8 6 5
8 4 7 6 2 1 5 0 3
6 5 0 1 8 2 3 4 7
1 2 3 5 6 7 4 8 0
3 8 6 4 1 0 7 5 2
5 7 4 8 0 6 2 3 1
7 3 8 0 5 4 1 2 6
Time (s): 296.19
Nodes Processed: 7119
---------------------------------
n = 9
Fixing: (0, 6, 8, 7, 3, 4, 2, 1, 5)
Cycle Type: (1, 8)
seed: 403792320

0 1 2 3 4 5 6 7 8
1 3 4 5 2 6 7 8 0
2 0 3 8 5 7 4 1 6
3 2 7 6 8 4 5 0 1
4 8 6 0 3 2 1 5 7
5 7 0 1 6 3 8 2 4
6 5 1 4 7 8 0 3 2
7 6 8 2 1 0 3 4 5
8 4 5 7 0 1 2 6 3

0 1 2 3 4 5 6 7 8
6 5 0 7 1 3 8 4 2
8 7 4 0 6 2 5 3 1
7 0 6 8 2 1 3 5 4
3 6 7 1 8 4 0 2 5
4 3 8 2 5 0 1 6 7
2 8 5 6 0 7 4 1 3
1 4 3 5 7 6 2 8 0
5 2 1 4 3 8 7 0 6
Time (s): 303.246
Nodes Processed: 7102
---------------------------------
n = 9
Fixing: (0, 3, 4, 7, 6, 8, 1, 2, 5)
Cycle Type: (1, 2, 6)
seed: 274091932

0 1 2 3 4 5 6 7 8
1 2 7 4 6 0 8 5 3
2 6 3 5 8 7 1 0 4
3 4 0 7 5 8 2 6 1
4 0 5 8 3 2 7 1 6
5 7 8 1 0 6 3 4 2
6 3 1 2 7 4 5 8 0
7 8 4 6 1 3 0 2 5
8 5 6 0 2 1 4 3 7

0 1 2 3 4 5 6 7 8
3 6 1 7 8 2 0 4 5
4 5 6 0 2 8 7 1 3
7 2 5 6 1 4 8 3 0
6 4 7 1 0 3 5 8 2
8 0 3 2 6 7 4 5 1
1 8 4 5 3 0 2 6 7
2 7 8 4 5 1 3 0 6
5 3 0 8 7 6 1 2 4
Time (s): 550.345
Nodes Processed: 10597
---------------------------------
n = 9
Fixing: (0, 5, 4, 7, 1, 8, 2, 3, 6)
Cycle Type: (1, 2, 6)
seed: 143684160

0 1 2 3 4 5 6 7 8
1 5 4 2 8 0 7 3 6
2 3 7 4 5 8 0 6 1
3 2 5 7 6 4 1 8 0
4 8 6 5 0 3 2 1 7
5 7 0 1 3 6 8 4 2
6 0 1 8 2 7 4 5 3
7 4 8 6 1 2 3 0 5
8 6 3 0 7 1 5 2 4

0 1 2 3 4 5 6 7 8
5 4 3 1 0 6 8 2 7
4 5 6 8 7 3 2 1 0
7 6 0 5 8 2 3 4 1
1 2 5 6 3 0 7 8 4
8 0 7 2 1 4 5 6 3
2 8 4 7 5 1 0 3 6
3 7 1 0 6 8 4 5 2
6 3 8 4 2 7 1 0 5
Time (s): 1082.28
Nodes Processed: 15310
---------------------------------
n = 9
Fixing: (0, 7, 5, 1, 6, 2, 8, 4, 3)
Cycle Type: (1, 2, 6)
seed: 107951904

0 1 2 3 4 5 6 7 8
1 0 5 7 2 4 3 8 6
2 5 8 6 0 7 4 3 1
3 7 6 2 5 8 1 0 4
4 8 3 5 7 6 2 1 0
5 4 1 8 3 2 0 6 7
6 2 7 1 8 0 5 4 3
7 6 0 4 1 3 8 2 5
8 3 4 0 6 1 7 5 2

0 1 2 3 4 5 6 7 8
7 4 8 6 3 2 5 0 1
5 3 6 4 8 1 7 2 0
1 2 0 8 7 4 3 6 5
6 5 7 1 0 3 4 8 2
2 8 4 7 6 0 1 5 3
8 6 5 2 1 7 0 3 4
4 7 3 0 5 8 2 1 6
3 0 1 5 2 6 8 4 7
Time (s): 1560.39
Nodes Processed: 20577
---------------------------------
n = 9
Fixing: (0, 2, 3, 6, 5, 8, 7, 1, 4)
Cycle Type: (1, 3, 5)
seed: 161307474

0 1 2 3 4 5 6 7 8
1 8 0 2 3 4 7 5 6
2 0 4 6 7 3 8 1 5
3 5 6 7 0 2 4 8 1
4 3 5 0 8 6 1 2 7
5 2 8 1 6 7 3 0 4
6 7 1 8 2 0 5 4 3
7 4 3 5 1 8 2 6 0
8 6 7 4 5 1 0 3 2

0 1 2 3 4 5 6 7 8
2 6 5 8 0 7 4 3 1
3 4 6 5 8 1 7 0 2
6 0 8 2 1 4 3 5 7
5 2 4 7 3 0 8 1 6
8 7 1 4 2 3 5 6 0
7 5 3 0 6 8 1 2 4
1 8 7 6 5 2 0 4 3
4 3 0 1 7 6 2 8 5
Time (s): 471.118
Nodes Processed: 8867
---------------------------------
n = 9
Fixing: (0, 4, 3, 6, 5, 7, 2, 8, 1)
Cycle Type: (1, 3, 5)
seed: 635917765

0 1 2 3 4 5 6 7 8
1 8 7 2 6 4 3 0 5
2 3 4 6 5 1 7 8 0
3 5 0 8 2 7 1 6 4
4 6 8 0 3 2 5 1 7
5 4 3 1 7 8 0 2 6
6 7 1 5 8 0 2 4 3
7 0 6 4 1 3 8 5 2
8 2 5 7 0 6 4 3 1

0 1 2 3 4 5 6 7 8
4 2 1 6 0 8 7 5 3
3 5 0 8 1 7 4 6 2
6 8 4 0 5 2 3 1 7
5 4 3 7 2 1 0 8 6
7 6 8 2 3 4 1 0 5
2 0 5 4 7 6 8 3 1
8 3 7 1 6 0 5 2 4
1 7 6 5 8 3 2 4 0
Time (s): 3028.96
Nodes Processed: 35414
---------------------------------
n = 9
Fixing: (0, 4, 7, 1, 3, 6, 8, 5, 2)
Cycle Type: (1, 3, 5)
seed: 44721600

0 1 2 3 4 5 6 7 8
1 0 3 6 2 7 5 8 4
2 8 7 4 6 0 1 5 3
3 6 5 0 7 4 8 1 2
4 3 8 2 5 1 7 0 6
5 7 4 1 8 6 2 3 0
6 2 1 5 0 8 3 4 7
7 4 6 8 1 3 0 2 5
8 5 0 7 3 2 4 6 1

0 1 2 3 4 5 6 7 8
4 6 8 7 5 0 1 3 2
7 5 6 1 0 8 3 2 4
1 2 4 5 3 7 0 8 6
3 0 7 4 8 6 2 1 5
6 4 0 2 1 3 8 5 7
8 3 5 0 2 4 7 6 1
5 8 1 6 7 2 4 0 3
2 7 3 8 6 1 5 4 0
Time (s): 808.657
Nodes Processed: 12690
---------------------------------
n = 9
Fixing: (0, 6, 4, 5, 2, 8, 7, 1, 3)
Cycle Type: (1, 2, 3, 3)
seed: 165966450

0 1 2 3 4 5 6 7 8
1 6 4 5 8 0 2 3 7
2 4 7 6 5 1 8 0 3
3 5 8 4 6 7 0 1 2
4 3 5 7 0 8 1 2 6
5 0 6 8 3 2 7 4 1
6 2 3 1 7 4 5 8 0
7 8 1 0 2 3 4 6 5
8 7 0 2 1 6 3 5 4

0 1 2 3 4 5 6 7 8
6 5 0 4 7 2 8 1 3
4 7 5 1 6 8 0 3 2
5 3 1 8 2 4 7 0 6
2 8 7 0 1 6 3 5 4
8 4 3 5 0 1 2 6 7
7 0 6 2 8 3 1 4 5
1 2 4 6 3 7 5 8 0
3 6 8 7 5 0 4 2 1
Time (s): 197.807
Nodes Processed: 5941
---------------------------------
n = 9
Fixing: (0, 2, 1, 4, 7, 8, 5, 3, 6)
Cycle Type: (1, 2, 3, 3)
seed: 162890882

0 1 2 3 4 5 6 7 8
1 7 8 2 6 4 3 5 0
2 5 7 4 0 6 8 3 1
3 6 4 0 8 7 1 2 5
4 8 0 6 5 3 7 1 2
5 4 1 8 3 0 2 6 7
6 2 5 1 7 8 4 0 3
7 3 6 5 1 2 0 8 4
8 0 3 7 2 1 5 4 6

0 1 2 3 4 5 6 7 8
2 5 7 6 8 1 0 3 4
1 6 4 8 7 3 2 5 0
4 7 6 1 3 8 5 0 2
7 4 5 2 0 6 1 8 3
8 0 3 5 1 2 7 4 6
5 8 1 4 2 0 3 6 7
3 2 0 7 6 4 8 1 5
6 3 8 0 5 7 4 2 1
Time (s): 65.8985
Nodes Processed: 4466
---------------------------------
n = 9
Fixing: (0, 2, 4, 7, 1, 3, 8, 5, 6)
Cycle Type: (1, 2, 3, 3)
seed: 59634048

0 1 2 3 4 5 6 7 8
1 6 3 4 0 7 8 5 2
2 0 8 5 7 4 3 6 1
3 2 5 0 8 6 1 4 7
4 5 0 2 6 8 7 1 3
5 3 7 6 1 2 0 8 4
6 7 1 8 2 3 4 0 5
7 8 4 1 5 0 2 3 6
8 4 6 7 3 1 5 2 0

0 1 2 3 4 5 6 7 8
2 4 5 7 8 6 1 0 3
4 5 7 6 1 8 2 3 0
7 6 8 1 3 0 5 2 4
1 7 4 0 5 2 3 8 6
3 8 0 2 6 1 7 4 5
8 2 3 5 7 4 0 6 1
5 0 6 4 2 3 8 1 7
6 3 1 8 0 7 4 5 2
Time (s): 33.5151
Nodes Processed: 1515
---------------------------------
n = 9
Fixing: (0, 3, 5, 1, 6, 2, 4, 8, 7)
Cycle Type: (1, 2, 2, 2, 2)
seed: 107441046

0 1 2 3 4 5 6 7 8
1 2 7 5 6 8 3 4 0
2 5 8 4 3 1 7 0 6
3 0 5 8 2 4 1 6 7
4 3 6 7 5 2 0 8 1
5 7 4 0 8 6 2 1 3
6 4 3 1 7 0 8 5 2
7 8 1 6 0 3 4 2 5
8 6 0 2 1 7 5 3 4

0 1 2 3 4 5 6 7 8
3 6 0 1 8 2 7 5 4
5 7 6 8 0 4 2 1 3
1 8 4 5 7 3 0 2 6
6 2 1 4 3 8 5 0 7
2 3 7 6 1 0 4 8 5
4 0 8 2 5 7 3 6 1
8 4 5 7 2 6 1 3 0
7 5 3 0 6 1 8 4 2
Time (s): 2725.72
Nodes Processed: 30660
---------------------------------
n = 9
Fixing: (0, 8, 7, 6, 5, 4, 3, 2, 1)
Cycle Type: (1, 2, 2, 2, 2)
seed: 310901950

0 1 2 3 4 5 6 7 8
1 5 8 6 2 3 4 0 7
2 0 7 4 3 8 1 6 5
3 2 5 0 7 4 8 1 6
4 7 6 5 0 2 3 8 1
5 6 4 1 8 0 7 3 2
6 8 1 2 5 7 0 4 3
7 4 3 8 1 6 2 5 0
8 3 0 7 6 1 5 2 4

0 1 2 3 4 5 6 7 8
8 6 0 4 3 1 7 2 5
7 4 6 1 8 3 0 5 2
6 8 7 5 1 2 4 3 0
5 3 1 8 7 0 2 6 4
4 7 3 2 5 6 8 0 1
3 2 5 6 0 4 1 8 7
2 0 4 7 6 8 5 1 3
1 5 8 0 2 7 3 4 6
Time (s): 244.057
Nodes Processed: 6548
---------------------------------
n = 9
Fixing: (0, 6, 3, 2, 5, 4, 1, 8, 7)
Cycle Type: (1, 2, 2, 2, 2)
seed: 346815714

0 1 2 3 4 5 6 7 8
1 3 7 0 2 8 5 4 6
2 6 8 4 7 1 0 3 5
3 4 0 6 5 7 8 2 1
4 5 6 8 3 2 1 0 7
5 7 3 2 8 6 4 1 0
6 8 4 1 0 3 7 5 2
7 0 1 5 6 4 2 8 3
8 2 5 7 1 0 3 6 4

0 1 2 3 4 5 6 7 8
6 4 5 8 1 3 7 0 2
3 8 0 6 2 7 4 5 1
2 7 3 5 8 4 1 6 0
5 2 7 4 0 8 3 1 6
4 3 1 7 6 0 2 8 5
1 5 8 2 7 6 0 3 4
8 6 4 0 3 1 5 2 7
7 0 6 1 5 2 8 4 3
Time (s): 1832.02
Nodes Processed: 24177
---------------------------------
n = 10
Fixing: (0, 9, 1, 8, 6, 2, 3, 4, 5, 7)
Cycle Type: (1, 9)
seed: 458235720

Error code = 10005
Var::get
Time (s): 60000
Nodes Processed: 418836
---------------------------------
n = 10
Fixing: (0, 8, 3, 1, 2, 4, 7, 9, 6, 5)
Cycle Type: (1, 9)
seed: 416863460

0 1 2 3 4 5 6 7 8 9
1 0 8 9 7 6 5 4 2 3
2 5 9 4 8 3 7 0 1 6
3 4 5 0 1 2 9 8 6 7
4 3 7 2 6 1 8 5 9 0
5 2 6 7 3 9 0 1 4 8
6 9 0 5 2 8 1 3 7 4
7 8 1 6 0 4 2 9 3 5
8 7 3 1 9 0 4 6 5 2
9 6 4 8 5 7 3 2 0 1

0 1 2 3 4 5 6 7 8 9
8 4 7 1 2 0 3 9 5 6
3 9 8 7 5 2 0 1 6 4
1 8 0 2 7 6 4 3 9 5
2 5 4 0 3 9 1 6 7 8
4 7 1 6 8 3 9 5 0 2
7 6 5 8 9 4 2 0 1 3
9 0 3 5 6 1 8 2 4 7
6 3 9 4 0 7 5 8 2 1
5 2 6 9 1 8 7 4 3 0
Time (s): 5440.61
Nodes Processed: 38827
---------------------------------
n = 10
Fixing: (0, 9, 3, 6, 5, 8, 1, 2, 7, 4)
Cycle Type: (1, 9)
seed: 535110075

Error code = 10005
Var::get
Time (s): 60000
Nodes Processed: 406477
---------------------------------
n = 10
Fixing: (0, 3, 6, 5, 7, 1, 4, 8, 9, 2)
Cycle Type: (1, 3, 6)
seed: 393081072

0 1 2 3 4 5 6 7 8 9
1 3 6 5 9 8 4 0 2 7
2 4 5 6 3 7 8 9 0 1
3 7 4 0 1 2 9 8 5 6
4 0 8 9 7 1 2 5 6 3
5 8 9 7 0 4 1 6 3 2
6 5 0 4 2 3 7 1 9 8
7 9 1 8 6 0 3 2 4 5
8 6 7 2 5 9 0 3 1 4
9 2 3 1 8 6 5 4 7 0

0 1 2 3 4 5 6 7 8 9
3 4 5 6 7 0 8 9 1 2
6 3 9 2 0 1 4 8 5 7
5 9 0 4 6 7 1 2 3 8
7 2 1 0 3 8 5 4 9 6
1 6 3 5 8 9 2 0 7 4
4 8 7 1 9 2 0 5 6 3
8 5 4 7 1 6 9 3 2 0
9 7 6 8 2 4 3 1 0 5
2 0 8 9 5 3 7 6 4 1
Time (s): 15364.1
Nodes Processed: 99820
---------------------------------
n = 10
Fixing: (0, 7, 8, 1, 2, 4, 5, 3, 9, 6)
Cycle Type: (1, 3, 6)
seed: 538093266

0 1 2 3 4 5 6 7 8 9
1 4 0 5 9 8 7 6 3 2
2 9 8 0 7 1 3 5 6 4
3 8 5 7 6 2 9 4 1 0
4 6 3 2 0 7 8 9 5 1
5 3 4 9 8 6 0 1 2 7
6 0 9 4 5 3 1 2 7 8
7 5 1 8 2 9 4 3 0 6
8 2 7 6 1 4 5 0 9 3
9 7 6 1 3 0 2 8 4 5

0 1 2 3 4 5 6 7 8 9
7 6 3 0 5 1 8 9 2 4
8 3 0 5 6 4 9 2 1 7
1 7 6 4 3 9 0 8 5 2
2 8 5 7 9 0 4 1 3 6
4 0 9 8 2 7 1 3 6 5
5 4 7 1 8 6 2 0 9 3
3 9 8 6 1 2 5 4 7 0
9 5 1 2 0 3 7 6 4 8
6 2 4 9 7 8 3 5 0 1
Time (s): 31005.1
Nodes Processed: 219659
---------------------------------
n = 10
Fixing: (0, 2, 7, 1, 5, 9, 3, 8, 6, 4)
Cycle Type: (1, 3, 6)
seed: 146019587

0 1 2 3 4 5 6 7 8 9
1 5 0 9 7 8 4 6 2 3
2 7 6 8 9 3 0 4 5 1
3 6 9 0 8 1 2 5 4 7
4 0 8 2 6 7 3 1 9 5
5 8 7 6 0 2 1 9 3 4
6 4 1 5 2 9 7 3 0 8
7 9 4 1 3 0 5 8 6 2
8 3 5 4 1 6 9 2 7 0
9 2 3 7 5 4 8 0 1 6

0 1 2 3 4 5 6 7 8 9
2 4 6 8 0 3 7 1 9 5
7 2 0 9 5 8 4 3 1 6
1 5 3 7 2 9 8 0 6 4
5 3 1 4 9 6 0 8 2 7
9 7 5 2 8 0 3 6 4 1
3 8 4 6 1 7 9 2 5 0
8 0 9 5 6 1 2 4 7 3
6 9 8 0 7 4 1 5 3 2
4 6 7 1 3 2 5 9 0 8
Time (s): 47155.6
Nodes Processed: 313697
---------------------------------
n = 10
Fixing: (0, 3, 5, 2, 8, 6, 9, 1, 4, 7)
Cycle Type: (1, 2, 7)
seed: 99353814

Error code = 10005
Var::get
Time (s): 60000
Nodes Processed: 395636
---------------------------------
n = 10
Fixing: (0, 9, 6, 4, 7, 8, 3, 5, 2, 1)
Cycle Type: (1, 2, 7)
seed: 200317180

Error code = 10005
Var::get
Time (s): 60000
Nodes Processed: 446557
---------------------------------
n = 10
Fixing: (0, 7, 1, 9, 5, 4, 2, 3, 6, 8)
Cycle Type: (1, 2, 7)
seed: 51274744

0 1 2 3 4 5 6 7 8 9
1 9 5 0 6 8 3 2 7 4
2 7 8 6 9 3 4 1 0 5
3 4 9 7 5 6 2 0 1 8
4 3 0 8 2 9 7 6 5 1
5 8 4 2 0 7 1 3 9 6
6 2 1 9 3 0 8 5 4 7
7 5 6 1 8 2 9 4 3 0
8 6 7 5 1 4 0 9 2 3
9 0 3 4 7 1 5 8 6 2

0 1 2 3 4 5 6 7 8 9
7 2 6 8 1 0 4 5 9 3
1 5 7 4 6 8 9 0 3 2
9 0 5 6 7 3 8 2 4 1
5 7 9 2 3 4 0 8 1 6
4 3 8 9 5 1 2 6 0 7
2 4 3 1 0 7 5 9 6 8
3 8 0 5 9 6 7 1 2 4
6 9 4 0 8 2 1 3 7 5
8 6 1 7 2 9 3 4 5 0
Time (s): 1492.77
Nodes Processed: 14126
---------------------------------
n = 10
Fixing: (0, 4, 7, 9, 8, 6, 3, 1, 2, 5)
Cycle Type: (1, 4, 5)
seed: 237118420

0 1 2 3 4 5 6 7 8 9
1 9 4 8 7 3 0 2 5 6
2 0 8 5 9 6 7 1 4 3
3 4 0 2 6 7 9 8 1 5
4 2 5 6 0 8 3 9 7 1
5 6 9 7 2 4 1 3 0 8
6 8 7 1 3 9 4 5 2 0
7 3 1 0 5 2 8 6 9 4
8 7 6 9 1 0 5 4 3 2
9 5 3 4 8 1 2 0 6 7

0 1 2 3 4 5 6 7 8 9
4 8 0 6 9 1 7 5 3 2
7 3 5 1 6 4 8 9 2 0
9 6 4 8 5 2 3 1 0 7
8 0 9 7 1 3 5 2 4 6
6 9 1 0 3 7 2 8 5 4
3 7 6 5 2 0 1 4 9 8
1 4 3 2 8 6 9 0 7 5
2 5 8 4 7 9 0 3 6 1
5 2 7 9 0 8 4 6 1 3
Time (s): 20228.9
Nodes Processed: 131399
---------------------------------
n = 10
Fixing: (0, 6, 8, 2, 3, 9, 5, 1, 4, 7)
Cycle Type: (1, 4, 5)
seed: 55623660

Error code = 10005
Var::get
Time (s): 60000
Nodes Processed: 434058
---------------------------------
n = 10
Fixing: (0, 4, 9, 7, 2, 8, 5, 6, 3, 1)
Cycle Type: (1, 4, 5)
seed: 37125616

0 1 2 3 4 5 6 7 8 9
1 4 5 6 2 0 7 3 9 8
2 8 0 4 9 7 5 6 3 1
3 2 6 9 5 8 0 4 1 7
4 6 9 1 8 2 3 0 7 5
5 9 4 8 7 3 2 1 0 6
6 5 8 7 3 4 1 9 2 0
7 0 1 2 6 9 4 8 5 3
8 3 7 5 0 1 9 2 6 4
9 7 3 0 1 6 8 5 4 2

0 1 2 3 4 5 6 7 8 9
4 0 1 9 7 3 8 5 2 6
9 7 8 6 3 2 4 0 1 5
7 6 3 8 2 1 5 9 0 4
2 8 6 7 5 4 0 1 9 3
8 5 7 4 0 9 1 3 6 2
5 9 0 1 6 8 2 4 3 7
6 4 9 5 1 0 3 2 7 8
3 2 5 0 9 6 7 8 4 1
1 3 4 2 8 7 9 6 5 0
Time (s): 52329.4
Nodes Processed: 361922
---------------------------------
n = 10
Fixing: (0, 8, 6, 1, 5, 4, 7, 2, 9, 3)
Cycle Type: (1, 2, 3, 4)
seed: 516302308

0 1 2 3 4 5 6 7 8 9
1 4 5 2 8 7 9 0 3 6
2 9 8 5 6 3 4 1 7 0
3 6 4 0 7 9 5 8 1 2
4 3 7 9 2 8 0 5 6 1
5 8 9 6 3 2 1 4 0 7
6 0 1 7 5 4 3 9 2 8
7 2 3 1 9 0 8 6 4 5
8 5 6 4 0 1 7 2 9 3
9 7 0 8 1 6 2 3 5 4

0 1 2 3 4 5 6 7 8 9
8 0 7 1 2 4 5 9 6 3
6 8 4 9 1 2 7 0 3 5
1 9 8 2 5 0 3 6 4 7
5 7 9 4 0 3 8 1 2 6
4 5 6 0 8 9 2 3 7 1
7 4 3 8 6 1 9 2 5 0
2 3 0 5 7 6 1 4 9 8
9 2 5 6 3 7 0 8 1 4
3 6 1 7 9 8 4 5 0 2
Time (s): 15534.7
Nodes Processed: 109376
---------------------------------
n = 10
Fixing: (0, 5, 6, 9, 3, 8, 2, 4, 1, 7)
Cycle Type: (1, 2, 3, 4)
seed: 479055615

0 1 2 3 4 5 6 7 8 9
1 4 3 0 7 6 8 2 9 5
2 0 4 7 5 8 9 3 6 1
3 7 5 9 1 2 0 8 4 6
4 8 9 5 6 1 3 0 7 2
5 3 8 4 2 9 1 6 0 7
6 9 7 8 3 0 5 1 2 4
7 5 6 1 0 4 2 9 3 8
8 6 1 2 9 3 7 4 5 0
9 2 0 6 8 7 4 5 1 3

0 1 2 3 4 5 6 7 8 9
5 7 6 8 0 1 3 9 2 4
6 4 8 1 9 0 5 2 3 7
9 2 7 0 6 3 1 4 5 8
3 5 1 2 7 8 4 6 9 0
8 0 9 6 1 4 2 5 7 3
2 6 5 7 8 9 0 3 4 1
4 3 0 9 5 2 7 8 1 6
1 9 4 5 3 7 8 0 6 2
7 8 3 4 2 6 9 1 0 5
Time (s): 32864.2
Nodes Processed: 207862
---------------------------------
n = 10
Fixing: (0, 2, 4, 6, 7, 9, 8, 1, 3, 5)
Cycle Type: (1, 2, 3, 4)
seed: 156862147

0 1 2 3 4 5 6 7 8 9
1 8 4 6 5 7 3 9 0 2
2 5 3 0 6 1 9 8 4 7
3 6 7 9 0 8 2 4 1 5
4 7 0 8 9 3 5 6 2 1
5 4 8 7 2 0 1 3 9 6
6 2 9 5 8 4 7 1 3 0
7 9 1 4 3 2 0 5 6 8
8 0 6 1 7 9 4 2 5 3
9 3 5 2 1 6 8 0 7 4

0 1 2 3 4 5 6 7 8 9
2 6 8 5 1 4 9 0 7 3
4 3 0 1 2 9 7 5 6 8
6 9 3 8 5 7 1 2 0 4
7 0 9 4 3 2 8 1 5 6
9 5 1 2 0 6 3 8 4 7
8 7 6 0 9 3 5 4 1 2
1 2 5 9 7 8 4 6 3 0
3 8 4 7 6 1 0 9 2 5
5 4 7 6 8 0 2 3 9 1
Time (s): 2474.07
Nodes Processed: 19322
---------------------------------
n = 10
Fixing: (0, 4, 8, 5, 1, 7, 9, 3, 2, 6)
Cycle Type: (1, 2, 2, 2, 3)
seed: 490135428

0 1 2 3 4 5 6 7 8 9
1 6 5 2 9 0 3 8 7 4
2 3 9 6 7 8 0 5 4 1
3 0 8 4 2 1 9 6 5 7
4 2 0 8 3 6 7 9 1 5
5 7 6 9 8 4 1 0 2 3
6 8 1 7 5 3 4 2 9 0
7 5 4 1 6 9 2 3 0 8
8 9 7 0 1 2 5 4 3 6
9 4 3 5 0 7 8 1 6 2

0 1 2 3 4 5 6 7 8 9
4 3 9 0 5 7 8 1 6 2
8 0 4 7 9 3 1 2 5 6
5 2 6 8 7 9 3 4 1 0
1 6 5 9 2 0 4 8 7 3
7 5 8 1 0 6 2 9 3 4
9 4 3 2 6 1 7 5 0 8
3 8 0 5 1 2 9 6 4 7
2 7 1 6 8 4 0 3 9 5
6 9 7 4 3 8 5 0 2 1
Time (s): 15005.6
Nodes Processed: 98130
---------------------------------
n = 10
Fixing: (0, 9, 5, 4, 3, 7, 8, 2, 6, 1)
Cycle Type: (1, 2, 2, 2, 3)
seed: 177974110

0 1 2 3 4 5 6 7 8 9
1 5 0 2 3 7 9 8 4 6
2 6 5 9 8 4 7 0 3 1
3 8 6 0 1 9 2 5 7 4
4 3 9 5 7 1 0 2 6 8
5 4 8 6 2 3 1 9 0 7
6 0 3 7 5 8 4 1 9 2
7 9 1 4 6 2 8 3 5 0
8 7 4 1 9 0 5 6 2 3
9 2 7 8 0 6 3 4 1 5

0 1 2 3 4 5 6 7 8 9
9 8 6 0 5 4 3 2 1 7
5 9 1 8 3 7 0 4 2 6
4 5 3 1 7 6 8 0 9 2
3 6 0 2 1 8 7 9 5 4
7 0 9 4 6 1 2 5 3 8
8 2 7 6 9 0 5 3 4 1
2 7 4 9 0 3 1 8 6 5
6 3 8 5 2 9 4 1 7 0
1 4 5 7 8 2 9 6 0 3
Time (s): 6128.49
Nodes Processed: 41660
---------------------------------
n = 10
Fixing: (0, 4, 5, 1, 3, 2, 9, 8, 7, 6)
Cycle Type: (1, 2, 2, 2, 3)
seed: 139903866

0 1 2 3 4 5 6 7 8 9
1 3 8 0 9 2 7 5 6 4
2 4 7 5 3 9 0 8 1 6
3 8 0 9 2 7 5 6 4 1
4 5 3 6 8 1 9 2 7 0
5 7 6 4 1 8 3 9 0 2
6 2 9 7 5 4 1 0 3 8
7 6 1 2 0 3 8 4 9 5
8 9 5 1 6 0 4 3 2 7
9 0 4 8 7 6 2 1 5 3

0 1 2 3 4 5 6 7 8 9
4 6 9 7 5 0 3 8 1 2
5 9 1 0 7 8 4 2 6 3
1 4 8 2 3 6 9 5 0 7
3 7 4 8 0 9 1 6 2 5
2 5 7 6 8 3 0 4 9 1
9 8 0 4 1 7 2 3 5 6
8 0 3 9 6 2 5 1 7 4
7 3 6 5 2 1 8 9 4 0
6 2 5 1 9 4 7 0 3 8
Time (s): 5226.23
Nodes Processed: 36620
---------------------------------
n = 10
Fixing: (0, 6, 8, 7, 1, 9, 5, 3, 2, 4)
Cycle Type: (1, 2, 2, 5)
seed: 99685955

0 1 2 3 4 5 6 7 8 9
1 8 6 4 9 0 3 2 7 5
2 7 5 8 6 3 4 9 0 1
3 4 8 7 0 9 2 1 5 6
4 6 3 0 5 7 9 8 1 2
5 2 0 6 7 4 1 3 9 8
6 5 1 9 3 8 7 0 2 4
7 3 9 1 2 6 8 5 4 0
8 9 7 5 1 2 0 4 6 3
9 0 4 2 8 1 5 6 3 7

0 1 2 3 4 5 6 7 8 9
6 3 9 7 5 1 8 0 2 4
8 6 7 5 1 2 9 3 4 0
7 2 1 9 3 6 4 5 0 8
1 4 5 8 2 0 7 6 9 3
9 5 6 0 8 3 2 4 1 7
5 8 3 2 0 4 1 9 7 6
3 9 8 4 6 7 0 1 5 2
2 0 4 6 7 9 5 8 3 1
4 7 0 1 9 8 3 2 6 5
Time (s): 14763.7
Nodes Processed: 105436
---------------------------------
n = 10
Fixing: (0, 9, 6, 4, 8, 3, 2, 5, 7, 1)
Cycle Type: (1, 2, 2, 5)
seed: 530895694

0 1 2 3 4 5 6 7 8 9
1 0 8 9 7 4 5 3 6 2
2 5 6 7 8 0 9 4 1 3
3 7 9 6 5 2 0 8 4 1
4 6 7 8 1 9 2 0 3 5
5 4 0 2 3 6 1 9 7 8
6 3 5 4 9 8 7 1 2 0
7 9 4 1 2 3 8 5 0 6
8 2 1 5 0 7 3 6 9 4
9 8 3 0 6 1 4 2 5 7

0 1 2 3 4 5 6 7 8 9
9 7 3 2 8 1 4 6 5 0
6 8 9 1 2 4 7 3 0 5
4 2 8 7 0 9 1 5 6 3
8 0 4 9 6 3 5 2 1 7
3 5 6 4 7 8 2 0 9 1
2 9 1 0 5 6 3 4 7 8
5 6 7 8 1 2 0 9 3 4
7 3 5 6 9 0 8 1 4 2
1 4 0 5 3 7 9 8 2 6
Time (s): 40460.6
Nodes Processed: 285974
---------------------------------
n = 10
Fixing: (0, 9, 8, 5, 6, 4, 7, 3, 2, 1)
Cycle Type: (1, 2, 2, 5)
seed: 33736976

0 1 2 3 4 5 6 7 8 9
1 9 0 7 2 6 5 4 3 8
2 7 9 5 0 4 8 6 1 3
3 0 7 6 9 8 4 5 2 1
4 5 8 2 3 9 0 1 7 6
5 6 3 0 8 7 1 2 9 4
6 8 1 4 7 0 3 9 5 2
7 3 6 1 5 2 9 8 4 0
8 2 4 9 1 3 7 0 6 5
9 4 5 8 6 1 2 3 0 7

0 1 2 3 4 5 6 7 8 9
9 4 1 6 3 0 7 8 2 5
8 2 6 1 5 9 0 3 4 7
5 9 4 8 7 3 1 2 0 6
6 8 7 9 1 2 3 0 5 4
4 5 8 7 9 1 2 6 3 0
7 6 3 2 0 8 4 5 9 1
3 0 9 5 6 4 8 1 7 2
2 7 5 0 8 6 9 4 1 3
1 3 0 4 2 7 5 9 6 8
Time (s): 29387.3
Nodes Processed: 208748
---------------------------------
n = 10
Fixing: (0, 5, 4, 2, 3, 9, 8, 6, 7, 1)
Cycle Type: (1, 3, 3, 3)
seed: 639598960

0 1 2 3 4 5 6 7 8 9
1 4 9 0 6 7 2 8 3 5
2 3 6 7 0 9 8 1 5 4
3 7 5 4 2 8 9 6 1 0
4 9 0 2 8 6 3 5 7 1
5 0 8 6 9 1 7 3 4 2
6 5 4 8 7 2 1 9 0 3
7 6 1 9 5 3 4 0 2 8
8 2 7 1 3 0 5 4 9 6
9 8 3 5 1 4 0 2 6 7

0 1 2 3 4 5 6 7 8 9
5 9 0 6 7 1 8 2 4 3
4 7 5 8 3 6 9 0 1 2
2 0 7 5 1 3 4 9 6 8
3 8 1 9 0 4 5 6 2 7
9 5 4 0 2 8 3 1 7 6
8 4 6 1 5 7 2 3 9 0
6 2 3 7 8 9 1 4 0 5
7 3 9 4 6 2 0 8 5 1
1 6 8 2 9 0 7 5 3 4
Time (s): 14629.9
Nodes Processed: 100834
---------------------------------
n = 10
Fixing: (0, 8, 7, 2, 1, 9, 5, 3, 4, 6)
Cycle Type: (1, 3, 3, 3)
seed: 151015347

0 1 2 3 4 5 6 7 8 9
1 6 4 0 8 2 3 9 7 5
2 8 9 7 3 6 0 5 1 4
3 9 6 1 5 0 4 8 2 7
4 5 8 9 1 7 2 0 6 3
5 0 7 6 9 3 8 1 4 2
6 4 5 8 7 9 1 2 3 0
7 3 1 2 0 4 5 6 9 8
8 7 3 5 2 1 9 4 0 6
9 2 0 4 6 8 7 3 5 1

0 1 2 3 4 5 6 7 8 9
8 4 6 9 3 0 1 2 5 7
7 5 8 2 9 1 4 6 0 3
2 0 7 6 8 3 5 1 9 4
1 2 9 4 7 6 8 5 3 0
9 6 0 8 5 4 7 3 2 1
5 9 3 0 1 7 2 4 6 8
3 7 4 5 2 8 0 9 1 6
4 8 5 1 6 9 3 0 7 2
6 3 1 7 0 2 9 8 4 5
Time (s): 36959.7
Nodes Processed: 272969
---------------------------------
n = 10
Fixing: (0, 5, 1, 8, 6, 2, 9, 3, 7, 4)
Cycle Type: (1, 3, 3, 3)
seed: 396493380

0 1 2 3 4 5 6 7 8 9
1 0 7 4 8 9 5 6 3 2
2 5 3 8 7 1 4 9 0 6
3 6 4 5 1 7 8 2 9 0
4 8 5 6 2 0 9 3 1 7
5 2 6 7 9 3 0 1 4 8
6 7 8 9 5 4 1 0 2 3
7 9 1 0 6 2 3 8 5 4
8 3 9 1 0 6 2 4 7 5
9 4 0 2 3 8 7 5 6 1

0 1 2 3 4 5 6 7 8 9
5 6 8 0 9 2 7 1 4 3
1 4 7 2 6 9 3 0 5 8
8 5 1 6 7 4 0 9 3 2
6 3 9 4 8 7 1 2 0 5
2 7 0 1 5 6 8 3 9 4
9 0 5 7 3 8 2 4 6 1
3 8 4 9 2 0 5 6 1 7
7 9 6 8 1 3 4 5 2 0
4 2 3 5 0 1 9 8 7 6
Time (s): 54172.9
Nodes Processed: 365594
---------------------------------
n = 11
Fixing: (0, 4, 5, 7, 10, 3, 1, 8, 9, 6, 2)
Cycle Type: (1, 10)
Seed: 19414620

Error code = 10005
Var::get
Time (s): 60000
Nodes Processed: 313190
---------------------------------
n = 11
Fixing: (0, 5, 1, 9, 7, 6, 3, 10, 4, 8, 2)
Cycle Type: (1, 10)
Seed: 50921350

Error code = 10005
Var::get
Time (s): 60000
Nodes Processed: 287583
---------------------------------
n = 11
Fixing: (0, 9, 10, 6, 7, 8, 2, 3, 4, 5, 1)
Cycle Type: (1, 10)
seed: 22714006

Error code = 10005
Var::get
Time (s): 60000
Nodes Processed: 271318
---------------------------------
n = 11
Fixing: (0, 3, 9, 2, 5, 7, 4, 6, 1, 10, 8)
Cycle Type: (1, 4, 6)
seed: 95616268

Error code = 10005
Var::get
Time (s): 60000
Nodes Processed: 301543
---------------------------------
n = 11
Fixing: (0, 7, 5, 10, 1, 9, 8, 2, 3, 4, 6)
Cycle Type: (1, 4, 6)
seed: 95616268

Error code = 10005
Var::get
Time (s): 60000
Nodes Processed: 301543
---------------------------------
n = 11
Fixing: (0, 7, 1, 6, 5, 3, 8, 10, 9, 4, 2)
Cycle Type: (1, 4, 6)
seed: 82512420

Error code = 10005
Var::get
Time (s): 60000
Nodes Processed: 309599
---------------------------------
n = 11
Fixing: (0, 7, 8, 2, 6, 10, 4, 5, 1, 3, 9)
Cycle Type: (1, 2, 8)
seed: 74523760

Error code = 10005
Var::get
Time (s): 60000
Nodes Processed: 285410
---------------------------------
n = 11
Fixing: (0, 2, 6, 4, 1, 10, 8, 9, 5, 7, 3)
Cycle Type: (1, 2, 8)
seed: 52778860

Error code = 10005
Var::get
Time (s): 60000
Nodes Processed: 261035
---------------------------------
n = 11
Fixing: (0, 6, 4, 2, 7, 10, 1, 5, 3, 8, 9)
Cycle Type: (1, 2, 8)
seed: 165183564

Error code = 10005
Var::get
Time (s): 60000
Nodes Processed: 291975
---------------------------------
n = 11
Fixing: (0, 2, 5, 6, 7, 3, 1, 9, 10, 8, 4)
Cycle Type: (1, 5, 5)
seed: 157441242

Error code = 10005
Var::get
Time (s): 60000
Nodes Processed: 295274
---------------------------------
n = 11
Fixing: (0, 4, 8, 9, 2, 3, 5, 6, 10, 7, 1)
Cycle Type: (1, 5, 5)
seed: 119388500

Error code = 10005
Var::get
Time (s): 60000
Nodes Processed: 278323
---------------------------------
n = 11
Fixing: (0, 2, 5, 4, 1, 3, 10, 6, 7, 8, 9)
Cycle Type: (1, 5, 5)
seed: 107722892

Error code = 10005
Var::get
Time (s): 60000
Nodes Processed: 274741
---------------------------------
n = 11
Fixing: (0, 5, 3, 2, 6, 1, 4, 8, 7, 10, 9)
Cycle Type: (1, 2, 2, 2, 2, 2)
seed: 42347232

Error code = 10005
Var::get
Time (s): 60000
Nodes Processed: 234182
---------------------------------
n = 11
Fixing: (0, 9, 8, 10, 7, 6, 5, 4, 2, 1, 3)
Cycle Type: (1, 2, 2, 2, 2, 2)
seed: 81164080

Error code = 10005
Var::get
Time (s): 60000
Nodes Processed: 275619
---------------------------------
n = 11
Fixing: (0, 9, 8, 5, 10, 3, 7, 6, 2, 1, 4)
Cycle Type: (1, 2, 2, 2, 2, 2)
seed: 128174908

Error code = 10005
Var::get
Time (s): 60000
Nodes Processed: 285915
---------------------------------
n = 11
Fixing: (0, 5, 7, 8, 1, 3, 9, 2, 4, 10, 6)
Cycle Type: (1, 2, 3, 5)
seed: 66151911

Error code = 10005
Var::get
Time (s): 60000
Nodes Processed: 292728
---------------------------------
n = 11
Fixing: (0, 4, 5, 9, 10, 2, 7, 1, 3, 8, 6)
Cycle Type: (1, 2, 3, 5)
seed: 126096490

Error code = 10005
Var::get
Time (s): 60000
Nodes Processed: 303883
---------------------------------
n = 11
Fixing: (0, 7, 4, 6, 5, 8, 9, 1, 10, 3, 2)
Cycle Type: (1, 2, 3, 5)
seed: 92667952

Error code = 10005
Var::get
Time (s): 60000
Nodes Processed: 292710
---------------------------------
n = 11
Fixing: (0, 6, 1, 5, 10, 3, 8, 2, 9, 7, 4)
Cycle Type: (1, 2, 2, 6)
seed: 232950576

Error code = 10005
Var::get
Time (s): 60000
Nodes Processed: 296629
---------------------------------
n = 11
Fixing: (0, 5, 3, 2, 9, 10, 8, 4, 6, 1, 7)
Cycle Type: (1, 2, 2, 6)
seed: 357447094

Error code = 10005
Var::get
Time (s): 60000
Nodes Processed: 284633
---------------------------------
n = 11
Fixing: (0, 9, 8, 4, 7, 6, 5, 1, 2, 10, 3)
Cycle Type: (1, 2, 2, 6)
seed: 299280324

Error code = 10005
Var::get
Time (s): 60000
Nodes Processed: 281261
---------------------------------
n = 11
Fixing: (0, 4, 8, 6, 10, 9, 5, 3, 7, 2, 1)
Cycle Type: (1, 3, 7)
seed: 391724592

Error code = 10005
Var::get
Time (s): 60000
Nodes Processed: 286690
---------------------------------
n = 11
Fixing: (0, 3, 1, 2, 5, 7, 8, 9, 4, 10, 6)
Cycle Type: (1, 3, 7)
seed: 37830311

Error code = 10005
Var::get
Time (s): 60000
Nodes Processed: 254718
---------------------------------
n = 11
Fixing: (0, 6, 8, 4, 7, 2, 10, 5, 9, 3, 1)
Cycle Type: (1, 3, 7)
seed: 31940730

Error code = 10005
Var::get
Time (s): 60000
Nodes Processed: 272973
---------------------------------
n = 11
Fixing: (0, 6, 4, 5, 2, 7, 1, 10, 9, 8, 3)
Cycle Type: (1, 2, 2, 2, 4)
seed: 687152

Error code = 10005
Var::get
Time (s): 60000
Nodes Processed: 282307
---------------------------------
n = 11
Fixing: (0, 7, 4, 10, 2, 1, 8, 9, 6, 5, 3)
Cycle Type: (1, 2, 2, 2, 4)
seed: 21979632

Error code = 10005
Var::get
Time (s): 60000
Nodes Processed: 270757
---------------------------------
n = 11
Fixing: (0, 8, 10, 1, 6, 3, 4, 9, 5, 7, 2)
Cycle Type: (1, 2, 2, 2, 4)
seed: 76261122

Error code = 10005
Var::get
Time (s): 60000
Nodes Processed: 293615
---------------------------------
n = 11
Fixing: (0, 8, 4, 6, 5, 2, 3, 10, 1, 7, 9)
Cycle Type: (1, 2, 2, 3, 3)
seed: 44137253

Error code = 10005
Var::get
Time (s): 60000
Nodes Processed: 269723
---------------------------------
n = 11
Fixing: (0, 9, 3, 2, 6, 4, 5, 8, 10, 1, 7)
Cycle Type: (1, 2, 2, 3, 3)
seed: 3564400

Error code = 10005
Var::get
Time (s): 60000
Nodes Processed: 284773
---------------------------------
n = 11
Fixing: (0, 8, 9, 7, 5, 4, 1, 10, 6, 2, 3)
Cycle Type: (1, 2, 2, 3, 3)
seed: 27993945

Error code = 10005
Var::get
Time (s): 60000
Nodes Processed: 282761
---------------------------------
n = 11
Fixing: (0, 9, 8, 7, 6, 1, 10, 2, 3, 5, 4)
Cycle Type: (1, 3, 3, 4)
seed: 61897548

Error code = 10005
Var::get
Time (s): 60000
Nodes Processed: 290980
---------------------------------
n = 11
Fixing: (0, 8, 3, 6, 5, 7, 2, 9, 10, 4, 1)
Cycle Type: (1, 3, 3, 4)
seed: 63837550

Error code = 10005
Var::get
Time (s): 60000
Nodes Processed: 260235
---------------------------------
n = 11
Fixing: (0, 7, 5, 8, 9, 3, 1, 6, 2, 10, 4)
Cycle Type: (1, 3, 3, 4)
seed: 535248

Error code = 10005
Var::get
Time (s): 60000
Nodes Processed: 270336
---------------------------------
n = 11
Fixing: (0, 9, 10, 8, 3, 4, 7, 6, 5, 2, 1)
Cycle Type: (1, 2, 4, 4)
seed: 17602039

Error code = 10005
Var::get
Time (s): 60000
Nodes Processed: 260128
---------------------------------
n = 11
Fixing: (0, 10, 7, 1, 3, 6, 2, 5, 9, 8, 4)
Cycle Type: (1, 2, 4, 4)
seed: 130852488

Error code = 10005
Var::get
Time (s): 60000
Nodes Processed: 273084
---------------------------------
n = 11
Fixing: (0, 3, 1, 7, 8, 6, 10, 2, 4, 5, 9)
Cycle Type: (1, 2, 4, 4)
seed: 130852488

Error code = 10005
Var::get
Time (s): 60000
Nodes Processed: 292036
---------------------------------