n = 5
Symmetry Breaking: N
2 0 3 4 1 
4 3 1 0 2 
1 4 0 2 3 
3 2 4 1 0 
0 1 2 3 4 
4 0 2 3 1 
2 4 3 1 0 
0 1 4 2 3 
1 3 0 4 2 
3 2 1 0 4 
Solution found
Time elapsed: 28
Number of branches explored: 1115
Number of conflicts: 31
---------------------------------
n = 5
Symmetry Breaking: R
0 1 2 3 4 
4 0 3 1 2 
1 3 4 2 0 
3 2 0 4 1 
2 4 1 0 3 
0 1 2 3 4 
2 4 1 0 3 
3 2 0 4 1 
4 0 3 1 2 
1 3 4 2 0 
Solution found
Time elapsed: 17
Number of branches explored: 642
Number of conflicts: 25
---------------------------------
n = 5
Symmetry Breaking: D
0 1 2 3 4 
1 2 4 0 3 
2 4 3 1 0 
3 0 1 4 2 
4 3 0 2 1 
0 1 2 3 4 
2 4 3 1 0 
3 0 1 4 2 
4 3 0 2 1 
1 2 4 0 3 
Solution found
Time elapsed: 14
Number of branches explored: 338
Number of conflicts: 11
---------------------------------
n = 5
Symmetry Breaking: N
2 0 3 4 1 
4 3 1 0 2 
1 4 0 2 3 
3 2 4 1 0 
0 1 2 3 4 
4 0 2 3 1 
2 4 3 1 0 
0 1 4 2 3 
1 3 0 4 2 
3 2 1 0 4 
Solution found
Time elapsed: 28
Number of branches explored: 1115
Number of conflicts: 31
---------------------------------
n = 5
Symmetry Breaking: R
0 1 2 3 4 
4 0 3 1 2 
1 3 4 2 0 
3 2 0 4 1 
2 4 1 0 3 
0 1 2 3 4 
2 4 1 0 3 
3 2 0 4 1 
4 0 3 1 2 
1 3 4 2 0 
Solution found
Time elapsed: 25
Number of branches explored: 642
Number of conflicts: 25
---------------------------------
n = 5
Symmetry Breaking: D
0 1 2 3 4 
1 2 4 0 3 
2 4 3 1 0 
3 0 1 4 2 
4 3 0 2 1 
0 1 2 3 4 
2 4 3 1 0 
3 0 1 4 2 
4 3 0 2 1 
1 2 4 0 3 
Solution found
Time elapsed: 14
Number of branches explored: 338
Number of conflicts: 11
---------------------------------
n = 6
Symmetry Breaking: N
Time elapsed: 50000000
Number of branches explored: 236045732
Number of conflicts: 178648614
---------------------------------
n = 6
Symmetry Breaking: R
Time elapsed: 2121012
Number of branches explored: 6255829
Number of conflicts: 5404040
---------------------------------
n = 6
Symmetry Breaking: D
Time elapsed: 287
Number of branches explored: 7700
Number of conflicts: 5385
---------------------------------
n = 7
Symmetry Breaking: N
0 3 4 1 5 6 2 
4 6 0 2 3 5 1 
2 5 3 6 1 4 0 
5 1 2 0 4 3 6 
1 4 6 5 0 2 3 
3 2 1 4 6 0 5 
6 0 5 3 2 1 4 
0 6 4 2 5 1 3 
1 2 5 6 0 3 4 
4 1 3 0 6 5 2 
6 3 0 1 2 4 5 
5 0 6 4 3 2 1 
2 5 1 3 4 6 0 
3 4 2 5 1 0 6 
Solution found
Time elapsed: 3477
Number of branches explored: 115297
Number of conflicts: 65673
---------------------------------
n = 7
Symmetry Breaking: R
0 1 2 3 4 5 6 
2 6 3 4 1 0 5 
4 5 1 0 6 3 2 
6 4 0 5 3 2 1 
3 2 4 6 5 1 0 
1 3 5 2 0 6 4 
5 0 6 1 2 4 3 
0 1 2 3 4 5 6 
5 2 4 1 6 3 0 
2 6 5 4 0 1 3 
1 3 6 2 5 0 4 
6 4 0 5 3 2 1 
3 0 1 6 2 4 5 
4 5 3 0 1 6 2 
Solution found
Time elapsed: 188
Number of branches explored: 5447
Number of conflicts: 1997
---------------------------------
n = 7
Symmetry Breaking: D
0 1 2 3 4 5 6 
1 0 6 2 5 4 3 
2 4 5 6 3 0 1 
3 2 1 5 0 6 4 
4 3 0 1 6 2 5 
5 6 4 0 1 3 2 
6 5 3 4 2 1 0 
0 1 2 3 4 5 6 
2 6 4 5 3 0 1 
3 2 1 0 6 4 5 
4 0 6 2 5 1 3 
1 5 3 4 2 6 0 
6 3 5 1 0 2 4 
5 4 0 6 1 3 2 
Solution found
Time elapsed: 554
Number of branches explored: 13536
Number of conflicts: 8743
---------------------------------
n = 8
Symmetry Breaking: N
4 5 3 7 1 0 2 6 
7 6 2 4 0 1 5 3 
6 0 5 2 4 3 7 1 
0 3 6 1 7 5 4 2 
2 1 7 3 5 4 6 0 
1 2 4 0 6 7 3 5 
5 7 1 6 3 2 0 4 
3 4 0 5 2 6 1 7 
2 6 3 4 1 7 0 5 
3 2 7 5 0 6 4 1 
7 4 1 6 3 2 5 0 
6 5 0 2 7 3 1 4 
1 7 2 0 5 4 6 3 
5 3 6 1 4 0 7 2 
0 1 4 3 6 5 2 7 
4 0 5 7 2 1 3 6 
Solution found
Time elapsed: 82385
Number of branches explored: 2116579
Number of conflicts: 1155998
---------------------------------
n = 8
Symmetry Breaking: R
0 1 2 3 4 5 6 7 
4 7 1 6 2 3 5 0 
7 6 0 1 3 4 2 5 
3 2 4 5 6 0 7 1 
6 4 5 2 7 1 0 3 
1 3 7 0 5 2 4 6 
2 5 3 7 0 6 1 4 
5 0 6 4 1 7 3 2 
0 1 2 3 4 5 6 7 
1 5 0 4 3 2 7 6 
3 0 7 2 5 6 1 4 
6 4 5 0 7 1 2 3 
5 2 3 6 0 7 4 1 
4 7 6 5 1 0 3 2 
7 6 4 1 2 3 5 0 
2 3 1 7 6 4 0 5 
Solution found
Time elapsed: 16110
Number of branches explored: 419780
Number of conflicts: 262080
---------------------------------
n = 8
Symmetry Breaking: D
0 1 2 3 4 5 6 7 
1 3 4 6 5 7 0 2 
2 4 5 0 7 6 3 1 
3 7 1 5 6 0 2 4 
4 5 6 7 0 2 1 3 
5 0 7 2 1 3 4 6 
6 2 0 4 3 1 7 5 
7 6 3 1 2 4 5 0 
0 1 2 3 4 5 6 7 
2 5 6 4 3 0 7 1 
3 7 0 5 6 1 2 4 
1 3 5 7 2 6 4 0 
5 4 3 2 1 7 0 6 
6 2 1 0 7 4 3 5 
7 6 4 1 0 3 5 2 
4 0 7 6 5 2 1 3 
Solution found
Time elapsed: 7032
Number of branches explored: 158903
Number of conflicts: 90664
---------------------------------
n = 9
Symmetry Breaking: N
6 3 0 5 4 1 8 7 2 
1 0 3 8 5 7 2 4 6 
0 7 8 6 2 3 4 5 1 
3 4 2 7 1 8 5 6 0 
2 1 5 4 7 6 0 3 8 
8 5 7 1 6 2 3 0 4 
7 6 4 3 8 0 1 2 5 
4 8 6 2 0 5 7 1 3 
5 2 1 0 3 4 6 8 7 
1 8 6 0 2 5 7 4 3 
3 4 7 6 5 0 1 8 2 
8 6 1 5 7 3 4 2 0 
5 0 4 2 6 8 3 7 1 
2 7 8 3 1 4 0 6 5 
0 1 3 4 8 6 2 5 7 
7 3 5 1 4 2 8 0 6 
6 2 0 8 3 7 5 1 4 
4 5 2 7 0 1 6 3 8 
Solution found
Time elapsed: 1552096
Number of branches explored: 28560381
Number of conflicts: 16148172
---------------------------------
n = 9
Symmetry Breaking: R
0 1 2 3 4 5 6 7 8 
8 0 6 5 7 2 4 3 1 
6 4 7 1 5 8 3 0 2 
1 2 3 6 8 7 0 4 5 
3 7 4 2 1 6 5 8 0 
4 8 5 0 6 1 7 2 3 
7 5 0 8 3 4 2 1 6 
2 6 8 4 0 3 1 5 7 
5 3 1 7 2 0 8 6 4 
0 1 2 3 4 5 6 7 8 
7 8 1 2 0 4 5 6 3 
3 6 8 0 1 2 7 4 5 
5 7 0 8 6 3 1 2 4 
4 5 3 6 7 0 8 1 2 
8 0 7 5 2 6 4 3 1 
2 3 6 4 5 1 0 8 7 
1 4 5 7 3 8 2 0 6 
6 2 4 1 8 7 3 5 0 
Solution found
Time elapsed: 934450
Number of branches explored: 18437835
Number of conflicts: 10761199
---------------------------------
n = 9
Symmetry Breaking: D
0 1 2 3 4 5 6 7 8 
1 7 3 2 6 4 8 5 0 
2 3 8 7 5 6 1 0 4 
3 0 1 8 2 7 4 6 5 
4 8 7 6 0 1 5 3 2 
5 4 6 0 1 3 2 8 7 
6 2 5 1 7 8 0 4 3 
7 5 0 4 8 2 3 1 6 
8 6 4 5 3 0 7 2 1 
0 1 2 3 4 5 6 7 8 
2 4 5 7 3 8 0 6 1 
3 0 4 6 7 1 8 5 2 
1 3 6 5 8 2 7 4 0 
5 7 1 2 6 0 3 8 4 
4 6 0 8 5 7 1 2 3 
7 5 8 4 0 3 2 1 6 
8 2 7 0 1 6 4 3 5 
6 8 3 1 2 4 5 0 7 
Solution found
Time elapsed: 296033
Number of branches explored: 5040769
Number of conflicts: 2975042
---------------------------------
n = 10
Symmetry Breaking: N
7 8 6 1 0 5 2 4 9 3 
6 5 3 4 7 9 1 2 0 8 
5 3 1 8 9 7 6 0 4 2 
3 1 9 7 6 4 0 8 2 5 
4 2 0 3 8 1 5 6 7 9 
9 7 2 0 5 8 4 3 6 1 
2 6 8 9 4 0 3 1 5 7 
0 4 7 5 3 2 8 9 1 6 
1 9 4 6 2 3 7 5 8 0 
8 0 5 2 1 6 9 7 3 4 
2 6 0 1 3 5 8 9 7 4 
8 2 1 3 5 6 9 4 0 7 
1 5 7 2 0 8 3 6 4 9 
9 0 5 6 4 7 1 3 2 8 
5 7 8 0 9 4 6 2 1 3 
4 3 6 9 7 1 0 8 5 2 
3 1 4 8 6 2 7 5 9 0 
7 8 9 4 2 0 5 1 3 6 
6 9 2 7 1 3 4 0 8 5 
0 4 3 5 8 9 2 7 6 1 
Solution found
Time elapsed: 11971324
Number of branches explored: 172151728
Number of conflicts: 80504361
---------------------------------
n = 10
Symmetry Breaking: R
0 1 2 3 4 5 6 7 8 9 
6 8 4 5 0 9 3 2 7 1 
3 6 0 8 1 2 7 4 9 5 
2 3 5 9 7 4 1 8 0 6 
5 0 8 2 6 3 4 9 1 7 
8 7 1 0 3 6 9 5 2 4 
4 9 7 6 2 0 5 1 3 8 
7 2 9 4 5 1 8 0 6 3 
1 4 6 7 9 8 2 3 5 0 
9 5 3 1 8 7 0 6 4 2 
0 1 2 3 4 5 6 7 8 9 
1 4 5 8 9 0 7 3 2 6 
9 0 1 7 3 6 4 8 5 2 
8 2 6 1 0 3 5 9 4 7 
7 5 3 0 2 4 1 6 9 8 
5 3 7 6 8 9 2 4 1 0 
2 8 9 4 5 7 3 0 6 1 
6 7 4 9 1 8 0 2 3 5 
4 6 8 5 7 2 9 1 0 3 
3 9 0 2 6 1 8 5 7 4 
Solution found
Time elapsed: 917919
Number of branches explored: 15782543
Number of conflicts: 7639790
---------------------------------
n = 6
Symmetry Breaking: N
Time elapsed: 50000000
Number of branches explored: 226115411
Number of conflicts: 170330478
---------------------------------
n = 6
Symmetry Breaking: R
Time elapsed: 1971005
Number of branches explored: 6255829
Number of conflicts: 5404040
---------------------------------
n = 6
Symmetry Breaking: D
Time elapsed: 284
Number of branches explored: 7700
Number of conflicts: 5385
---------------------------------
n = 7
Symmetry Breaking: N
0 3 4 1 5 6 2 
4 6 0 2 3 5 1 
2 5 3 6 1 4 0 
5 1 2 0 4 3 6 
1 4 6 5 0 2 3 
3 2 1 4 6 0 5 
6 0 5 3 2 1 4 
0 6 4 2 5 1 3 
1 2 5 6 0 3 4 
4 1 3 0 6 5 2 
6 3 0 1 2 4 5 
5 0 6 4 3 2 1 
2 5 1 3 4 6 0 
3 4 2 5 1 0 6 
Solution found
Time elapsed: 3423
Number of branches explored: 115297
Number of conflicts: 65673
---------------------------------
n = 7
Symmetry Breaking: R
0 1 2 3 4 5 6 
2 6 3 4 1 0 5 
4 5 1 0 6 3 2 
6 4 0 5 3 2 1 
3 2 4 6 5 1 0 
1 3 5 2 0 6 4 
5 0 6 1 2 4 3 
0 1 2 3 4 5 6 
5 2 4 1 6 3 0 
2 6 5 4 0 1 3 
1 3 6 2 5 0 4 
6 4 0 5 3 2 1 
3 0 1 6 2 4 5 
4 5 3 0 1 6 2 
Solution found
Time elapsed: 186
Number of branches explored: 5447
Number of conflicts: 1997
---------------------------------
n = 7
Symmetry Breaking: D
0 1 2 3 4 5 6 
1 0 6 2 5 4 3 
2 4 5 6 3 0 1 
3 2 1 5 0 6 4 
4 3 0 1 6 2 5 
5 6 4 0 1 3 2 
6 5 3 4 2 1 0 
0 1 2 3 4 5 6 
2 6 4 5 3 0 1 
3 2 1 0 6 4 5 
4 0 6 2 5 1 3 
1 5 3 4 2 6 0 
6 3 5 1 0 2 4 
5 4 0 6 1 3 2 
Solution found
Time elapsed: 556
Number of branches explored: 13536
Number of conflicts: 8743
---------------------------------
n = 8
Symmetry Breaking: N
4 5 3 7 1 0 2 6 
7 6 2 4 0 1 5 3 
6 0 5 2 4 3 7 1 
0 3 6 1 7 5 4 2 
2 1 7 3 5 4 6 0 
1 2 4 0 6 7 3 5 
5 7 1 6 3 2 0 4 
3 4 0 5 2 6 1 7 
2 6 3 4 1 7 0 5 
3 2 7 5 0 6 4 1 
7 4 1 6 3 2 5 0 
6 5 0 2 7 3 1 4 
1 7 2 0 5 4 6 3 
5 3 6 1 4 0 7 2 
0 1 4 3 6 5 2 7 
4 0 5 7 2 1 3 6 
Solution found
Time elapsed: 81926
Number of branches explored: 2116579
Number of conflicts: 1155998
---------------------------------
n = 8
Symmetry Breaking: R
0 1 2 3 4 5 6 7 
4 7 1 6 2 3 5 0 
7 6 0 1 3 4 2 5 
3 2 4 5 6 0 7 1 
6 4 5 2 7 1 0 3 
1 3 7 0 5 2 4 6 
2 5 3 7 0 6 1 4 
5 0 6 4 1 7 3 2 
0 1 2 3 4 5 6 7 
1 5 0 4 3 2 7 6 
3 0 7 2 5 6 1 4 
6 4 5 0 7 1 2 3 
5 2 3 6 0 7 4 1 
4 7 6 5 1 0 3 2 
7 6 4 1 2 3 5 0 
2 3 1 7 6 4 0 5 
Solution found
Time elapsed: 15886
Number of branches explored: 419780
Number of conflicts: 262080
---------------------------------
n = 8
Symmetry Breaking: D
0 1 2 3 4 5 6 7 
1 3 4 6 5 7 0 2 
2 4 5 0 7 6 3 1 
3 7 1 5 6 0 2 4 
4 5 6 7 0 2 1 3 
5 0 7 2 1 3 4 6 
6 2 0 4 3 1 7 5 
7 6 3 1 2 4 5 0 
0 1 2 3 4 5 6 7 
2 5 6 4 3 0 7 1 
3 7 0 5 6 1 2 4 
1 3 5 7 2 6 4 0 
5 4 3 2 1 7 0 6 
6 2 1 0 7 4 3 5 
7 6 4 1 0 3 5 2 
4 0 7 6 5 2 1 3 
Solution found
Time elapsed: 6968
Number of branches explored: 158903
Number of conflicts: 90664
---------------------------------
n = 9
Symmetry Breaking: N
6 3 0 5 4 1 8 7 2 
1 0 3 8 5 7 2 4 6 
0 7 8 6 2 3 4 5 1 
3 4 2 7 1 8 5 6 0 
2 1 5 4 7 6 0 3 8 
8 5 7 1 6 2 3 0 4 
7 6 4 3 8 0 1 2 5 
4 8 6 2 0 5 7 1 3 
5 2 1 0 3 4 6 8 7 
1 8 6 0 2 5 7 4 3 
3 4 7 6 5 0 1 8 2 
8 6 1 5 7 3 4 2 0 
5 0 4 2 6 8 3 7 1 
2 7 8 3 1 4 0 6 5 
0 1 3 4 8 6 2 5 7 
7 3 5 1 4 2 8 0 6 
6 2 0 8 3 7 5 1 4 
4 5 2 7 0 1 6 3 8 
Solution found
Time elapsed: 1516980
Number of branches explored: 28560381
Number of conflicts: 16148172
---------------------------------
n = 9
Symmetry Breaking: R
0 1 2 3 4 5 6 7 8 
8 0 6 5 7 2 4 3 1 
6 4 7 1 5 8 3 0 2 
1 2 3 6 8 7 0 4 5 
3 7 4 2 1 6 5 8 0 
4 8 5 0 6 1 7 2 3 
7 5 0 8 3 4 2 1 6 
2 6 8 4 0 3 1 5 7 
5 3 1 7 2 0 8 6 4 
0 1 2 3 4 5 6 7 8 
7 8 1 2 0 4 5 6 3 
3 6 8 0 1 2 7 4 5 
5 7 0 8 6 3 1 2 4 
4 5 3 6 7 0 8 1 2 
8 0 7 5 2 6 4 3 1 
2 3 6 4 5 1 0 8 7 
1 4 5 7 3 8 2 0 6 
6 2 4 1 8 7 3 5 0 
Solution found
Time elapsed: 924831
Number of branches explored: 18437835
Number of conflicts: 10761199
---------------------------------
n = 9
Symmetry Breaking: D
0 1 2 3 4 5 6 7 8 
1 7 3 2 6 4 8 5 0 
2 3 8 7 5 6 1 0 4 
3 0 1 8 2 7 4 6 5 
4 8 7 6 0 1 5 3 2 
5 4 6 0 1 3 2 8 7 
6 2 5 1 7 8 0 4 3 
7 5 0 4 8 2 3 1 6 
8 6 4 5 3 0 7 2 1 
0 1 2 3 4 5 6 7 8 
2 4 5 7 3 8 0 6 1 
3 0 4 6 7 1 8 5 2 
1 3 6 5 8 2 7 4 0 
5 7 1 2 6 0 3 8 4 
4 6 0 8 5 7 1 2 3 
7 5 8 4 0 3 2 1 6 
8 2 7 0 1 6 4 3 5 
6 8 3 1 2 4 5 0 7 
Solution found
Time elapsed: 290992
Number of branches explored: 5040769
Number of conflicts: 2975042
---------------------------------
n = 10
Symmetry Breaking: D
Seed: 796380099
0 1 2 3 4 5 6 7 8 9 
1 4 6 2 8 3 9 5 7 0 
2 8 7 4 0 9 3 6 1 5 
3 9 5 0 7 4 8 1 6 2 
4 7 3 5 2 6 0 8 9 1 
5 0 9 7 6 1 4 3 2 8 
6 5 8 1 9 0 2 4 3 7 
7 2 1 6 3 8 5 9 0 4 
8 6 0 9 5 7 1 2 4 3 
9 3 4 8 1 2 7 0 5 6 
0 1 2 3 4 5 6 7 8 9 
2 5 7 9 3 8 1 0 4 6 
3 0 6 7 1 4 5 2 9 8 
4 8 9 2 5 6 7 3 0 1 
1 3 0 4 7 9 8 6 2 5 
6 9 3 0 8 7 2 1 5 4 
5 7 1 8 0 3 4 9 6 2 
8 6 4 1 9 2 3 5 7 0 
9 4 5 6 2 1 0 8 3 7 
7 2 8 5 6 0 9 4 1 3 
Solution found
Time elapsed: 1379327
Number of branches explored: 24843924
Number of conflicts: 13812142
---------------------------------
n = 11
Symmetry Breaking: N
Time elapsed: 70345795
Number of branches explored: 421801661
Number of conflicts: 183502769
---------------------------------
n = 11
Symmetry Breaking: R
0 1 2 3 4 5 6 7 8 9 10 
6 2 0 9 1 10 8 3 7 4 5 
1 10 5 8 7 6 4 9 0 3 2 
7 5 9 1 6 3 10 8 4 2 0 
2 0 6 4 3 1 5 10 9 8 7 
10 6 7 2 9 4 0 5 3 1 8 
9 7 8 5 2 0 1 4 6 10 3 
4 3 1 10 0 8 9 2 5 7 6 
8 4 3 0 10 2 7 6 1 5 9 
5 9 10 6 8 7 3 1 2 0 4 
3 8 4 7 5 9 2 0 10 6 1 
0 1 2 3 4 5 6 7 8 9 10 
1 3 5 4 8 6 2 0 9 10 7 
9 7 8 0 1 2 5 3 10 6 4 
5 0 1 10 9 8 3 4 6 7 2 
6 4 10 1 7 0 9 8 2 5 3 
4 8 6 9 0 3 7 10 5 2 1 
8 10 7 6 5 1 4 2 3 0 9 
7 2 3 5 6 9 10 1 4 8 0 
3 9 4 8 2 10 0 5 7 1 6 
2 5 9 7 10 4 1 6 0 3 8 
10 6 0 2 3 7 8 9 1 4 5 
Solution found
Time elapsed: 12916310
Number of branches explored: 148579658
Number of conflicts: 77069501
---------------------------------
n = 11
Symmetry Breaking: D
0 1 2 3 4 5 6 7 8 9 10 
1 7 3 4 8 0 5 10 9 2 6 
2 0 5 9 3 8 1 6 10 4 7 
3 5 10 8 0 4 7 2 1 6 9 
4 6 7 5 1 9 10 0 3 8 2 
5 8 6 10 2 1 9 3 4 7 0 
6 9 4 7 10 2 0 8 5 3 1 
7 3 1 0 5 6 8 9 2 10 4 
8 10 9 6 7 3 2 4 0 1 5 
9 4 0 2 6 10 3 1 7 5 8 
10 2 8 1 9 7 4 5 6 0 3 
0 1 2 3 4 5 6 7 8 9 10 
2 5 6 7 1 10 8 9 3 0 4 
3 8 7 1 9 4 0 2 5 10 6 
4 9 3 0 6 2 1 8 10 7 5 
5 10 9 2 7 8 4 3 0 6 1 
6 3 0 8 5 9 7 10 1 4 2 
1 6 8 10 0 7 9 5 4 2 3 
8 7 5 4 10 3 2 0 6 1 9 
9 2 4 5 3 1 10 6 7 8 0 
10 0 1 9 8 6 5 4 2 3 7 
7 4 10 6 2 0 3 1 9 5 8 
Solution found
Time elapsed: 29925144
Number of branches explored: 364035562
Number of conflicts: 199542430
---------------------------------
n = 12
Symmetry Breaking: N
Time elapsed: 60000003
Number of branches explored: 751466423
Number of conflicts: 314715254
---------------------------------
n = 12
Symmetry Breaking: R
Time elapsed: 60000004
Number of branches explored: 634956676
Number of conflicts: 304039498
---------------------------------
n = 12
Symmetry Breaking: D
Time elapsed: 60000002
Number of branches explored: 1255581898
Number of conflicts: 670865664
---------------------------------