LOGGING BEGIN 2021-03-08 16:34:12.343499
=================================
n = 5
Symmetry Breaking: N

1 2 3 4 0 
2 3 4 0 1 
3 4 0 1 2 
4 0 1 2 3 
0 1 2 3 4 


1 0 4 3 2 
4 3 2 1 0 
2 1 0 4 3 
0 4 3 2 1 
3 2 1 0 4 

Solution found
Time elapsed: 28
Number of branches explored: 1080
Number of conflicts: 0
---------------------------------
n = 5
Symmetry Breaking: R

0 1 2 3 4 
3 2 4 1 0 
4 3 1 0 2 
2 0 3 4 1 
1 4 0 2 3 


0 1 2 3 4 
1 4 0 2 3 
2 0 3 4 1 
3 2 4 1 0 
4 3 1 0 2 

Solution found
Time elapsed: 18
Number of branches explored: 624
Number of conflicts: 3
---------------------------------
n = 5
Symmetry Breaking: D

0 1 2 3 4 
1 3 0 4 2 
2 0 4 1 3 
3 4 1 2 0 
4 2 3 0 1 


0 1 2 3 4 
2 0 4 1 3 
1 3 0 4 2 
4 2 3 0 1 
3 4 1 2 0 

Solution found
Time elapsed: 14
Number of branches explored: 347
Number of conflicts: 8
---------------------------------
n = 6
Symmetry Breaking: N
Time elapsed: 49998382
Number of branches explored: 248719371
Number of conflicts: 188645211
---------------------------------
n = 6
Symmetry Breaking: R
Time elapsed: 1448757
Number of branches explored: 5798400
Number of conflicts: 5024890
---------------------------------
n = 6
Symmetry Breaking: D
Time elapsed: 178
Number of branches explored: 5048
Number of conflicts: 3517
---------------------------------
n = 7
Symmetry Breaking: N

5 4 2 0 1 6 3 
3 0 6 5 2 4 1 
6 1 3 4 5 2 0 
4 2 1 3 0 5 6 
0 6 5 1 4 3 2 
2 5 0 6 3 1 4 
1 3 4 2 6 0 5 


3 2 6 4 5 1 0 
1 3 4 2 0 5 6 
6 1 5 0 4 3 2 
4 5 2 6 1 0 3 
5 0 1 3 6 2 4 
2 6 0 5 3 4 1 
0 4 3 1 2 6 5 

Solution found
Time elapsed: 3300
Number of branches explored: 121155
Number of conflicts: 66340
---------------------------------
n = 7
Symmetry Breaking: R

0 1 2 3 4 5 6 
5 3 0 2 6 4 1 
1 5 6 0 2 3 4 
4 6 5 1 3 2 0 
2 4 3 6 0 1 5 
6 2 1 4 5 0 3 
3 0 4 5 1 6 2 


0 1 2 3 4 5 6 
6 0 4 5 3 1 2 
3 4 0 6 1 2 5 
2 5 3 4 6 0 1 
4 3 1 2 5 6 0 
1 6 5 0 2 3 4 
5 2 6 1 0 4 3 

Solution found
Time elapsed: 387
Number of branches explored: 12233
Number of conflicts: 6125
---------------------------------
n = 7
Symmetry Breaking: D

0 1 2 3 4 5 6 
1 0 5 6 2 3 4 
2 6 4 5 3 0 1 
3 4 6 2 5 1 0 
4 5 3 0 1 6 2 
5 2 0 1 6 4 3 
6 3 1 4 0 2 5 


0 1 2 3 4 5 6 
2 3 1 5 6 4 0 
3 0 6 2 5 1 4 
1 2 3 4 0 6 5 
5 4 0 6 3 2 1 
6 5 4 0 1 3 2 
4 6 5 1 2 0 3 

Solution found
Time elapsed: 165
Number of branches explored: 4981
Number of conflicts: 2211
---------------------------------
n = 8
Symmetry Breaking: N

5 6 7 4 1 3 0 2 
6 3 4 2 5 1 7 0 
0 5 2 1 6 4 3 7 
4 2 1 5 0 7 6 3 
2 7 5 3 4 0 1 6 
7 4 0 6 3 5 2 1 
1 0 3 7 2 6 4 5 
3 1 6 0 7 2 5 4 


7 3 2 5 6 4 0 1 
2 0 7 6 5 1 3 4 
5 4 3 2 0 6 1 7 
0 7 4 1 3 5 6 2 
4 6 0 3 1 2 7 5 
1 2 6 4 7 3 5 0 
3 1 5 0 2 7 4 6 
6 5 1 7 4 0 2 3 

Solution found
Time elapsed: 25566
Number of branches explored: 813007
Number of conflicts: 408098
---------------------------------
n = 8
Symmetry Breaking: R

0 1 2 3 4 5 6 7 
2 6 7 0 3 4 5 1 
5 7 4 6 2 3 1 0 
6 3 1 5 7 0 4 2 
7 4 5 2 1 6 0 3 
1 0 3 4 6 2 7 5 
3 5 6 7 0 1 2 4 
4 2 0 1 5 7 3 6 


0 1 2 3 4 5 6 7 
5 2 6 7 1 0 3 4 
1 3 7 4 6 2 0 5 
3 7 5 6 0 4 2 1 
2 5 4 0 3 7 1 6 
7 6 0 1 5 3 4 2 
4 0 1 5 2 6 7 3 
6 4 3 2 7 1 5 0 

Solution found
Time elapsed: 21794
Number of branches explored: 596472
Number of conflicts: 363496
---------------------------------
n = 8
Symmetry Breaking: D

0 1 2 3 4 5 6 7 
1 7 0 4 5 6 3 2 
2 4 6 5 0 7 1 3 
3 6 5 7 1 4 2 0 
4 3 7 2 6 0 5 1 
5 0 1 6 3 2 7 4 
6 2 3 0 7 1 4 5 
7 5 4 1 2 3 0 6 


0 1 2 3 4 5 6 7 
2 3 5 1 0 4 7 6 
3 2 1 4 7 6 5 0 
1 0 3 5 6 7 4 2 
5 6 0 7 3 1 2 4 
6 4 7 2 5 0 1 3 
7 5 4 6 2 3 0 1 
4 7 6 0 1 2 3 5 

Solution found
Time elapsed: 12037
Number of branches explored: 291275
Number of conflicts: 158384
---------------------------------
n = 9
Symmetry Breaking: N

7 4 0 3 5 1 6 8 2 
2 8 3 1 7 4 5 6 0 
3 1 2 7 0 6 8 4 5 
8 6 1 5 3 0 4 2 7 
0 7 4 6 2 3 1 5 8 
4 5 6 8 1 7 2 0 3 
1 2 8 0 6 5 7 3 4 
6 3 5 4 8 2 0 7 1 
5 0 7 2 4 8 3 1 6 


2 3 8 6 5 4 0 7 1 
3 4 2 1 0 7 8 5 6 
7 0 5 4 2 1 6 8 3 
0 2 6 7 8 3 1 4 5 
1 8 4 3 7 0 5 6 2 
5 1 7 8 3 6 2 0 4 
8 6 3 5 4 2 7 1 0 
6 5 0 2 1 8 4 3 7 
4 7 1 0 6 5 3 2 8 

Solution found
Time elapsed: 276658
Number of branches explored: 7144316
Number of conflicts: 3154903
---------------------------------
n = 9
Symmetry Breaking: R

0 1 2 3 4 5 6 7 8 
2 3 4 5 6 7 8 0 1 
4 5 1 0 2 8 7 3 6 
1 7 5 4 8 0 2 6 3 
5 6 7 2 1 4 3 8 0 
6 2 8 7 0 3 1 5 4 
7 4 0 8 3 6 5 1 2 
3 8 6 1 7 2 0 4 5 
8 0 3 6 5 1 4 2 7 


0 1 2 3 4 5 6 7 8 
6 5 3 7 1 0 2 8 4 
2 6 7 4 0 3 8 1 5 
8 4 0 5 7 2 1 3 6 
3 2 6 8 5 1 0 4 7 
4 7 5 1 6 8 3 2 0 
5 8 1 6 2 7 4 0 3 
7 0 8 2 3 4 5 6 1 
1 3 4 0 8 6 7 5 2 

Solution found
Time elapsed: 45272
Number of branches explored: 1215804
Number of conflicts: 568284
---------------------------------
n = 9
Symmetry Breaking: D

0 1 2 3 4 5 6 7 8 
1 5 4 6 7 8 2 3 0 
2 7 1 5 0 6 8 4 3 
3 6 8 7 5 1 4 0 2 
4 3 7 8 6 0 5 2 1 
5 8 0 1 3 2 7 6 4 
6 4 5 2 1 3 0 8 7 
7 2 3 0 8 4 1 5 6 
8 0 6 4 2 7 3 1 5 


0 1 2 3 4 5 6 7 8 
2 8 7 0 3 1 4 5 6 
3 5 6 4 1 2 0 8 7 
1 7 3 6 0 8 2 4 5 
5 6 0 2 8 3 7 1 4 
6 4 8 5 2 7 1 3 0 
4 3 1 8 7 0 5 6 2 
8 0 4 7 5 6 3 2 1 
7 2 5 1 6 4 8 0 3 

Solution found
Time elapsed: 106129
Number of branches explored: 2336846
Number of conflicts: 1270318
---------------------------------
n = 10
Symmetry Breaking: N

7 2 0 6 5 3 4 9 8 1 
6 1 8 0 2 7 3 4 5 9 
1 9 4 2 3 6 8 7 0 5 
4 0 7 3 8 1 9 5 2 6 
8 4 5 9 7 2 6 0 1 3 
0 5 3 4 9 8 1 2 6 7 
3 6 2 7 1 9 5 8 4 0 
2 7 1 5 6 4 0 3 9 8 
9 3 6 8 0 5 2 1 7 4 
5 8 9 1 4 0 7 6 3 2 


9 5 6 2 7 3 1 0 8 4 
5 8 4 3 0 6 9 7 1 2 
3 1 0 8 2 9 5 4 7 6 
6 4 5 7 9 1 3 8 2 0 
7 2 3 6 1 4 8 9 0 5 
2 9 1 4 5 0 7 3 6 8 
8 3 9 0 6 7 4 2 5 1 
1 7 2 5 4 8 0 6 9 3 
4 0 7 1 8 2 6 5 3 9 
0 6 8 9 3 5 2 1 4 7 

Solution found
Time elapsed: 157884
Number of branches explored: 3980173
Number of conflicts: 1785934
---------------------------------
n = 10
Symmetry Breaking: R

0 1 2 3 4 5 6 7 8 9 
2 5 4 6 9 7 8 1 0 3 
3 4 9 5 8 6 7 0 1 2 
9 0 6 7 2 1 5 8 3 4 
7 9 3 8 6 0 2 4 5 1 
1 7 8 2 5 4 3 9 6 0 
5 8 0 1 3 9 4 2 7 6 
8 3 5 4 0 2 1 6 9 7 
4 6 1 0 7 8 9 3 2 5 
6 2 7 9 1 3 0 5 4 8 


0 1 2 3 4 5 6 7 8 9 
7 0 6 9 1 8 3 5 4 2 
6 7 0 8 5 4 9 1 2 3 
5 6 7 2 9 3 1 4 0 8 
1 8 5 6 3 9 0 2 7 4 
9 3 1 4 2 0 8 6 5 7 
4 9 3 0 7 2 5 8 6 1 
2 4 9 1 8 6 7 0 3 5 
3 2 8 5 0 7 4 9 1 6 
8 5 4 7 6 1 2 3 9 0 

Solution found
Time elapsed: 8382318
Number of branches explored: 125401754
Number of conflicts: 71100213
---------------------------------
n = 10
Symmetry Breaking: D

0 1 2 3 4 5 6 7 8 9 
1 4 6 2 8 3 9 5 7 0 
2 8 7 4 0 9 3 6 1 5 
3 9 5 0 7 4 8 1 6 2 
4 7 3 5 2 6 0 8 9 1 
5 0 9 7 6 1 4 3 2 8 
6 5 8 1 9 0 2 4 3 7 
7 2 1 6 3 8 5 9 0 4 
8 6 0 9 5 7 1 2 4 3 
9 3 4 8 1 2 7 0 5 6 


0 1 2 3 4 5 6 7 8 9 
2 5 7 9 3 8 1 0 4 6 
3 0 6 7 1 4 5 2 9 8 
4 8 9 2 5 6 7 3 0 1 
1 3 0 4 7 9 8 6 2 5 
6 9 3 0 8 7 2 1 5 4 
5 7 1 8 0 3 4 9 6 2 
8 6 4 1 9 2 3 5 7 0 
9 4 5 6 2 1 0 8 3 7 
7 2 8 5 6 0 9 4 1 3 

Solution found
Time elapsed: 1434650
Number of branches explored: 24843924
Number of conflicts: 13812142
---------------------------------
LOGGING END 2021-03-09 09:46:08.103089
=================================
LOGGING BEGIN 2021-03-09 11:46:03.645477
=================================
n = 7
Symmetry Breaking: N

5 4 2 0 1 6 3 
3 0 6 5 2 4 1 
6 1 3 4 5 2 0 
4 2 1 3 0 5 6 
0 6 5 1 4 3 2 
2 5 0 6 3 1 4 
1 3 4 2 6 0 5 


3 2 6 4 5 1 0 
1 3 4 2 0 5 6 
6 1 5 0 4 3 2 
4 5 2 6 1 0 3 
5 0 1 3 6 2 4 
2 6 0 5 3 4 1 
0 4 3 1 2 6 5 

Solution found
Time elapsed: 3363
Number of branches explored: 121155
Number of conflicts: 66340
---------------------------------
n = 7
Symmetry Breaking: R

0 1 2 3 4 5 6 
5 3 0 2 6 4 1 
1 5 6 0 2 3 4 
4 6 5 1 3 2 0 
2 4 3 6 0 1 5 
6 2 1 4 5 0 3 
3 0 4 5 1 6 2 


0 1 2 3 4 5 6 
6 0 4 5 3 1 2 
3 4 0 6 1 2 5 
2 5 3 4 6 0 1 
4 3 1 2 5 6 0 
1 6 5 0 2 3 4 
5 2 6 1 0 4 3 

Solution found
Time elapsed: 388
Number of branches explored: 12233
Number of conflicts: 6125
---------------------------------
n = 7
Symmetry Breaking: D

0 1 2 3 4 5 6 
1 0 5 6 2 3 4 
2 6 4 5 3 0 1 
3 4 6 2 5 1 0 
4 5 3 0 1 6 2 
5 2 0 1 6 4 3 
6 3 1 4 0 2 5 


0 1 2 3 4 5 6 
2 3 1 5 6 4 0 
3 0 6 2 5 1 4 
1 2 3 4 0 6 5 
5 4 0 6 3 2 1 
6 5 4 0 1 3 2 
4 6 5 1 2 0 3 

Solution found
Time elapsed: 166
Number of branches explored: 4981
Number of conflicts: 2211
---------------------------------
LOGGING BEGIN 2021-03-09 11:46:29.985711
=================================
LOGGING BEGIN 2021-03-09 11:46:32.137789
=================================
n = 7
Symmetry Breaking: N

5 4 2 0 1 6 3 
3 0 6 5 2 4 1 
6 1 3 4 5 2 0 
4 2 1 3 0 5 6 
0 6 5 1 4 3 2 
2 5 0 6 3 1 4 
1 3 4 2 6 0 5 


3 2 6 4 5 1 0 
1 3 4 2 0 5 6 
6 1 5 0 4 3 2 
4 5 2 6 1 0 3 
5 0 1 3 6 2 4 
2 6 0 5 3 4 1 
0 4 3 1 2 6 5 

Solution found
Time elapsed: 3414
Number of branches explored: 121155
Number of conflicts: 66340
---------------------------------
n = 8
Symmetry Breaking: N

5 6 7 4 1 3 0 2 
6 3 4 2 5 1 7 0 
0 5 2 1 6 4 3 7 
4 2 1 5 0 7 6 3 
2 7 5 3 4 0 1 6 
7 4 0 6 3 5 2 1 
1 0 3 7 2 6 4 5 
3 1 6 0 7 2 5 4 


7 3 2 5 6 4 0 1 
2 0 7 6 5 1 3 4 
5 4 3 2 0 6 1 7 
0 7 4 1 3 5 6 2 
4 6 0 3 1 2 7 5 
1 2 6 4 7 3 5 0 
3 1 5 0 2 7 4 6 
6 5 1 7 4 0 2 3 

Solution found
Time elapsed: 25843
Number of branches explored: 813007
Number of conflicts: 408098
---------------------------------
n = 7
Symmetry Breaking: R

0 1 2 3 4 5 6 
5 3 0 2 6 4 1 
1 5 6 0 2 3 4 
4 6 5 1 3 2 0 
2 4 3 6 0 1 5 
6 2 1 4 5 0 3 
3 0 4 5 1 6 2 


0 1 2 3 4 5 6 
6 0 4 5 3 1 2 
3 4 0 6 1 2 5 
2 5 3 4 6 0 1 
4 3 1 2 5 6 0 
1 6 5 0 2 3 4 
5 2 6 1 0 4 3 

Solution found
Time elapsed: 392
Number of branches explored: 12233
Number of conflicts: 6125
---------------------------------
n = 7
Symmetry Breaking: D

0 1 2 3 4 5 6 
1 0 5 6 2 3 4 
2 6 4 5 3 0 1 
3 4 6 2 5 1 0 
4 5 3 0 1 6 2 
5 2 0 1 6 4 3 
6 3 1 4 0 2 5 


0 1 2 3 4 5 6 
2 3 1 5 6 4 0 
3 0 6 2 5 1 4 
1 2 3 4 0 6 5 
5 4 0 6 3 2 1 
6 5 4 0 1 3 2 
4 6 5 1 2 0 3 

Solution found
Time elapsed: 166
Number of branches explored: 4981
Number of conflicts: 2211
---------------------------------
n = 7
Symmetry Breaking: N

5 4 2 0 1 6 3 
3 0 6 5 2 4 1 
6 1 3 4 5 2 0 
4 2 1 3 0 5 6 
0 6 5 1 4 3 2 
2 5 0 6 3 1 4 
1 3 4 2 6 0 5 


3 2 6 4 5 1 0 
1 3 4 2 0 5 6 
6 1 5 0 4 3 2 
4 5 2 6 1 0 3 
5 0 1 3 6 2 4 
2 6 0 5 3 4 1 
0 4 3 1 2 6 5 

Solution found
Time elapsed: 3366
Number of branches explored: 121155
Number of conflicts: 66340
---------------------------------
n = 7
Symmetry Breaking: R

0 1 2 3 4 5 6 
5 3 0 2 6 4 1 
1 5 6 0 2 3 4 
4 6 5 1 3 2 0 
2 4 3 6 0 1 5 
6 2 1 4 5 0 3 
3 0 4 5 1 6 2 


0 1 2 3 4 5 6 
6 0 4 5 3 1 2 
3 4 0 6 1 2 5 
2 5 3 4 6 0 1 
4 3 1 2 5 6 0 
1 6 5 0 2 3 4 
5 2 6 1 0 4 3 

Solution found
Time elapsed: 392
Number of branches explored: 12233
Number of conflicts: 6125
---------------------------------
n = 7
Symmetry Breaking: D

0 1 2 3 4 5 6 
1 0 5 6 2 3 4 
2 6 4 5 3 0 1 
3 4 6 2 5 1 0 
4 5 3 0 1 6 2 
5 2 0 1 6 4 3 
6 3 1 4 0 2 5 


0 1 2 3 4 5 6 
2 3 1 5 6 4 0 
3 0 6 2 5 1 4 
1 2 3 4 0 6 5 
5 4 0 6 3 2 1 
6 5 4 0 1 3 2 
4 6 5 1 2 0 3 

Solution found
Time elapsed: 166
Number of branches explored: 4981
Number of conflicts: 2211
---------------------------------
n = 8
Symmetry Breaking: R

0 1 2 3 4 5 6 7 
2 6 7 0 3 4 5 1 
5 7 4 6 2 3 1 0 
6 3 1 5 7 0 4 2 
7 4 5 2 1 6 0 3 
1 0 3 4 6 2 7 5 
3 5 6 7 0 1 2 4 
4 2 0 1 5 7 3 6 


0 1 2 3 4 5 6 7 
5 2 6 7 1 0 3 4 
1 3 7 4 6 2 0 5 
3 7 5 6 0 4 2 1 
2 5 4 0 3 7 1 6 
7 6 0 1 5 3 4 2 
4 0 1 5 2 6 7 3 
6 4 3 2 7 1 5 0 

Solution found
Time elapsed: 22459
Number of branches explored: 596472
Number of conflicts: 363496
---------------------------------
n = 8
Symmetry Breaking: N

5 6 7 4 1 3 0 2 
6 3 4 2 5 1 7 0 
0 5 2 1 6 4 3 7 
4 2 1 5 0 7 6 3 
2 7 5 3 4 0 1 6 
7 4 0 6 3 5 2 1 
1 0 3 7 2 6 4 5 
3 1 6 0 7 2 5 4 


7 3 2 5 6 4 0 1 
2 0 7 6 5 1 3 4 
5 4 3 2 0 6 1 7 
0 7 4 1 3 5 6 2 
4 6 0 3 1 2 7 5 
1 2 6 4 7 3 5 0 
3 1 5 0 2 7 4 6 
6 5 1 7 4 0 2 3 

Solution found
Time elapsed: 26514
Number of branches explored: 813007
Number of conflicts: 408098
---------------------------------
n = 8
Symmetry Breaking: N

5 6 7 4 1 3 0 2 
6 3 4 2 5 1 7 0 
0 5 2 1 6 4 3 7 
4 2 1 5 0 7 6 3 
2 7 5 3 4 0 1 6 
7 4 0 6 3 5 2 1 
1 0 3 7 2 6 4 5 
3 1 6 0 7 2 5 4 


7 3 2 5 6 4 0 1 
2 0 7 6 5 1 3 4 
5 4 3 2 0 6 1 7 
0 7 4 1 3 5 6 2 
4 6 0 3 1 2 7 5 
1 2 6 4 7 3 5 0 
3 1 5 0 2 7 4 6 
6 5 1 7 4 0 2 3 

Solution found
Time elapsed: 26920
Number of branches explored: 813007
Number of conflicts: 408098
---------------------------------
n = 8
Symmetry Breaking: D

0 1 2 3 4 5 6 7 
1 7 0 4 5 6 3 2 
2 4 6 5 0 7 1 3 
3 6 5 7 1 4 2 0 
4 3 7 2 6 0 5 1 
5 0 1 6 3 2 7 4 
6 2 3 0 7 1 4 5 
7 5 4 1 2 3 0 6 


0 1 2 3 4 5 6 7 
2 3 5 1 0 4 7 6 
3 2 1 4 7 6 5 0 
1 0 3 5 6 7 4 2 
5 6 0 7 3 1 2 4 
6 4 7 2 5 0 1 3 
7 5 4 6 2 3 0 1 
4 7 6 0 1 2 3 5 

Solution found
Time elapsed: 12455
Number of branches explored: 291275
Number of conflicts: 158384
---------------------------------
n = 8
Symmetry Breaking: R

0 1 2 3 4 5 6 7 
2 6 7 0 3 4 5 1 
5 7 4 6 2 3 1 0 
6 3 1 5 7 0 4 2 
7 4 5 2 1 6 0 3 
1 0 3 4 6 2 7 5 
3 5 6 7 0 1 2 4 
4 2 0 1 5 7 3 6 


0 1 2 3 4 5 6 7 
5 2 6 7 1 0 3 4 
1 3 7 4 6 2 0 5 
3 7 5 6 0 4 2 1 
2 5 4 0 3 7 1 6 
7 6 0 1 5 3 4 2 
4 0 1 5 2 6 7 3 
6 4 3 2 7 1 5 0 

Solution found
Time elapsed: 22410
Number of branches explored: 596472
Number of conflicts: 363496
---------------------------------
n = 8
Symmetry Breaking: R

0 1 2 3 4 5 6 7 
2 6 7 0 3 4 5 1 
5 7 4 6 2 3 1 0 
6 3 1 5 7 0 4 2 
7 4 5 2 1 6 0 3 
1 0 3 4 6 2 7 5 
3 5 6 7 0 1 2 4 
4 2 0 1 5 7 3 6 


0 1 2 3 4 5 6 7 
5 2 6 7 1 0 3 4 
1 3 7 4 6 2 0 5 
3 7 5 6 0 4 2 1 
2 5 4 0 3 7 1 6 
7 6 0 1 5 3 4 2 
4 0 1 5 2 6 7 3 
6 4 3 2 7 1 5 0 

Solution found
Time elapsed: 22412
Number of branches explored: 596472
Number of conflicts: 363496
---------------------------------
n = 8
Symmetry Breaking: D

0 1 2 3 4 5 6 7 
1 7 0 4 5 6 3 2 
2 4 6 5 0 7 1 3 
3 6 5 7 1 4 2 0 
4 3 7 2 6 0 5 1 
5 0 1 6 3 2 7 4 
6 2 3 0 7 1 4 5 
7 5 4 1 2 3 0 6 


0 1 2 3 4 5 6 7 
2 3 5 1 0 4 7 6 
3 2 1 4 7 6 5 0 
1 0 3 5 6 7 4 2 
5 6 0 7 3 1 2 4 
6 4 7 2 5 0 1 3 
7 5 4 6 2 3 0 1 
4 7 6 0 1 2 3 5 

Solution found
Time elapsed: 12623
Number of branches explored: 291275
Number of conflicts: 158384
---------------------------------
n = 8
Symmetry Breaking: D

0 1 2 3 4 5 6 7 
1 7 0 4 5 6 3 2 
2 4 6 5 0 7 1 3 
3 6 5 7 1 4 2 0 
4 3 7 2 6 0 5 1 
5 0 1 6 3 2 7 4 
6 2 3 0 7 1 4 5 
7 5 4 1 2 3 0 6 


0 1 2 3 4 5 6 7 
2 3 5 1 0 4 7 6 
3 2 1 4 7 6 5 0 
1 0 3 5 6 7 4 2 
5 6 0 7 3 1 2 4 
6 4 7 2 5 0 1 3 
7 5 4 6 2 3 0 1 
4 7 6 0 1 2 3 5 

Solution found
Time elapsed: 12575
Number of branches explored: 291275
Number of conflicts: 158384
---------------------------------
n = 9
Symmetry Breaking: N

7 4 0 3 5 1 6 8 2 
2 8 3 1 7 4 5 6 0 
3 1 2 7 0 6 8 4 5 
8 6 1 5 3 0 4 2 7 
0 7 4 6 2 3 1 5 8 
4 5 6 8 1 7 2 0 3 
1 2 8 0 6 5 7 3 4 
6 3 5 4 8 2 0 7 1 
5 0 7 2 4 8 3 1 6 


2 3 8 6 5 4 0 7 1 
3 4 2 1 0 7 8 5 6 
7 0 5 4 2 1 6 8 3 
0 2 6 7 8 3 1 4 5 
1 8 4 3 7 0 5 6 2 
5 1 7 8 3 6 2 0 4 
8 6 3 5 4 2 7 1 0 
6 5 0 2 1 8 4 3 7 
4 7 1 0 6 5 3 2 8 

Solution found
Time elapsed: 299435
Number of branches explored: 7144316
Number of conflicts: 3154903
---------------------------------
n = 9
Symmetry Breaking: N

7 4 0 3 5 1 6 8 2 
2 8 3 1 7 4 5 6 0 
3 1 2 7 0 6 8 4 5 
8 6 1 5 3 0 4 2 7 
0 7 4 6 2 3 1 5 8 
4 5 6 8 1 7 2 0 3 
1 2 8 0 6 5 7 3 4 
6 3 5 4 8 2 0 7 1 
5 0 7 2 4 8 3 1 6 


2 3 8 6 5 4 0 7 1 
3 4 2 1 0 7 8 5 6 
7 0 5 4 2 1 6 8 3 
0 2 6 7 8 3 1 4 5 
1 8 4 3 7 0 5 6 2 
5 1 7 8 3 6 2 0 4 
8 6 3 5 4 2 7 1 0 
6 5 0 2 1 8 4 3 7 
4 7 1 0 6 5 3 2 8 

Solution found
Time elapsed: 295720
Number of branches explored: 7144316
Number of conflicts: 3154903
---------------------------------
n = 9
Symmetry Breaking: N

7 4 0 3 5 1 6 8 2 
2 8 3 1 7 4 5 6 0 
3 1 2 7 0 6 8 4 5 
8 6 1 5 3 0 4 2 7 
0 7 4 6 2 3 1 5 8 
4 5 6 8 1 7 2 0 3 
1 2 8 0 6 5 7 3 4 
6 3 5 4 8 2 0 7 1 
5 0 7 2 4 8 3 1 6 


2 3 8 6 5 4 0 7 1 
3 4 2 1 0 7 8 5 6 
7 0 5 4 2 1 6 8 3 
0 2 6 7 8 3 1 4 5 
1 8 4 3 7 0 5 6 2 
5 1 7 8 3 6 2 0 4 
8 6 3 5 4 2 7 1 0 
6 5 0 2 1 8 4 3 7 
4 7 1 0 6 5 3 2 8 

Solution found
Time elapsed: 295438
Number of branches explored: 7144316
Number of conflicts: 3154903
---------------------------------
n = 9
Symmetry Breaking: R

0 1 2 3 4 5 6 7 8 
2 3 4 5 6 7 8 0 1 
4 5 1 0 2 8 7 3 6 
1 7 5 4 8 0 2 6 3 
5 6 7 2 1 4 3 8 0 
6 2 8 7 0 3 1 5 4 
7 4 0 8 3 6 5 1 2 
3 8 6 1 7 2 0 4 5 
8 0 3 6 5 1 4 2 7 


0 1 2 3 4 5 6 7 8 
6 5 3 7 1 0 2 8 4 
2 6 7 4 0 3 8 1 5 
8 4 0 5 7 2 1 3 6 
3 2 6 8 5 1 0 4 7 
4 7 5 1 6 8 3 2 0 
5 8 1 6 2 7 4 0 3 
7 0 8 2 3 4 5 6 1 
1 3 4 0 8 6 7 5 2 

Solution found
Time elapsed: 47304
Number of branches explored: 1215804
Number of conflicts: 568284
---------------------------------
n = 9
Symmetry Breaking: R

0 1 2 3 4 5 6 7 8 
2 3 4 5 6 7 8 0 1 
4 5 1 0 2 8 7 3 6 
1 7 5 4 8 0 2 6 3 
5 6 7 2 1 4 3 8 0 
6 2 8 7 0 3 1 5 4 
7 4 0 8 3 6 5 1 2 
3 8 6 1 7 2 0 4 5 
8 0 3 6 5 1 4 2 7 


0 1 2 3 4 5 6 7 8 
6 5 3 7 1 0 2 8 4 
2 6 7 4 0 3 8 1 5 
8 4 0 5 7 2 1 3 6 
3 2 6 8 5 1 0 4 7 
4 7 5 1 6 8 3 2 0 
5 8 1 6 2 7 4 0 3 
7 0 8 2 3 4 5 6 1 
1 3 4 0 8 6 7 5 2 

Solution found
Time elapsed: 47433
Number of branches explored: 1215804
Number of conflicts: 568284
---------------------------------
n = 9
Symmetry Breaking: R

0 1 2 3 4 5 6 7 8 
2 3 4 5 6 7 8 0 1 
4 5 1 0 2 8 7 3 6 
1 7 5 4 8 0 2 6 3 
5 6 7 2 1 4 3 8 0 
6 2 8 7 0 3 1 5 4 
7 4 0 8 3 6 5 1 2 
3 8 6 1 7 2 0 4 5 
8 0 3 6 5 1 4 2 7 


0 1 2 3 4 5 6 7 8 
6 5 3 7 1 0 2 8 4 
2 6 7 4 0 3 8 1 5 
8 4 0 5 7 2 1 3 6 
3 2 6 8 5 1 0 4 7 
4 7 5 1 6 8 3 2 0 
5 8 1 6 2 7 4 0 3 
7 0 8 2 3 4 5 6 1 
1 3 4 0 8 6 7 5 2 

Solution found
Time elapsed: 47580
Number of branches explored: 1215804
Number of conflicts: 568284
---------------------------------
n = 9
Symmetry Breaking: D

0 1 2 3 4 5 6 7 8 
1 5 4 6 7 8 2 3 0 
2 7 1 5 0 6 8 4 3 
3 6 8 7 5 1 4 0 2 
4 3 7 8 6 0 5 2 1 
5 8 0 1 3 2 7 6 4 
6 4 5 2 1 3 0 8 7 
7 2 3 0 8 4 1 5 6 
8 0 6 4 2 7 3 1 5 


0 1 2 3 4 5 6 7 8 
2 8 7 0 3 1 4 5 6 
3 5 6 4 1 2 0 8 7 
1 7 3 6 0 8 2 4 5 
5 6 0 2 8 3 7 1 4 
6 4 8 5 2 7 1 3 0 
4 3 1 8 7 0 5 6 2 
8 0 4 7 5 6 3 2 1 
7 2 5 1 6 4 8 0 3 

Solution found
Time elapsed: 109906
Number of branches explored: 2336846
Number of conflicts: 1270318
---------------------------------
n = 9
Symmetry Breaking: D

0 1 2 3 4 5 6 7 8 
1 5 4 6 7 8 2 3 0 
2 7 1 5 0 6 8 4 3 
3 6 8 7 5 1 4 0 2 
4 3 7 8 6 0 5 2 1 
5 8 0 1 3 2 7 6 4 
6 4 5 2 1 3 0 8 7 
7 2 3 0 8 4 1 5 6 
8 0 6 4 2 7 3 1 5 


0 1 2 3 4 5 6 7 8 
2 8 7 0 3 1 4 5 6 
3 5 6 4 1 2 0 8 7 
1 7 3 6 0 8 2 4 5 
5 6 0 2 8 3 7 1 4 
6 4 8 5 2 7 1 3 0 
4 3 1 8 7 0 5 6 2 
8 0 4 7 5 6 3 2 1 
7 2 5 1 6 4 8 0 3 

Solution found
Time elapsed: 109248
Number of branches explored: 2336846
Number of conflicts: 1270318
---------------------------------
n = 9
Symmetry Breaking: D

0 1 2 3 4 5 6 7 8 
1 5 4 6 7 8 2 3 0 
2 7 1 5 0 6 8 4 3 
3 6 8 7 5 1 4 0 2 
4 3 7 8 6 0 5 2 1 
5 8 0 1 3 2 7 6 4 
6 4 5 2 1 3 0 8 7 
7 2 3 0 8 4 1 5 6 
8 0 6 4 2 7 3 1 5 


0 1 2 3 4 5 6 7 8 
2 8 7 0 3 1 4 5 6 
3 5 6 4 1 2 0 8 7 
1 7 3 6 0 8 2 4 5 
5 6 0 2 8 3 7 1 4 
6 4 8 5 2 7 1 3 0 
4 3 1 8 7 0 5 6 2 
8 0 4 7 5 6 3 2 1 
7 2 5 1 6 4 8 0 3 

Solution found
Time elapsed: 110620
Number of branches explored: 2336846
Number of conflicts: 1270318
---------------------------------
n = 10
Symmetry Breaking: N

7 2 0 6 5 3 4 9 8 1 
6 1 8 0 2 7 3 4 5 9 
1 9 4 2 3 6 8 7 0 5 
4 0 7 3 8 1 9 5 2 6 
8 4 5 9 7 2 6 0 1 3 
0 5 3 4 9 8 1 2 6 7 
3 6 2 7 1 9 5 8 4 0 
2 7 1 5 6 4 0 3 9 8 
9 3 6 8 0 5 2 1 7 4 
5 8 9 1 4 0 7 6 3 2 


9 5 6 2 7 3 1 0 8 4 
5 8 4 3 0 6 9 7 1 2 
3 1 0 8 2 9 5 4 7 6 
6 4 5 7 9 1 3 8 2 0 
7 2 3 6 1 4 8 9 0 5 
2 9 1 4 5 0 7 3 6 8 
8 3 9 0 6 7 4 2 5 1 
1 7 2 5 4 8 0 6 9 3 
4 0 7 1 8 2 6 5 3 9 
0 6 8 9 3 5 2 1 4 7 

Solution found
Time elapsed: 168175
Number of branches explored: 3980173
Number of conflicts: 1785934
---------------------------------
n = 10
Symmetry Breaking: N

7 2 0 6 5 3 4 9 8 1 
6 1 8 0 2 7 3 4 5 9 
1 9 4 2 3 6 8 7 0 5 
4 0 7 3 8 1 9 5 2 6 
8 4 5 9 7 2 6 0 1 3 
0 5 3 4 9 8 1 2 6 7 
3 6 2 7 1 9 5 8 4 0 
2 7 1 5 6 4 0 3 9 8 
9 3 6 8 0 5 2 1 7 4 
5 8 9 1 4 0 7 6 3 2 


9 5 6 2 7 3 1 0 8 4 
5 8 4 3 0 6 9 7 1 2 
3 1 0 8 2 9 5 4 7 6 
6 4 5 7 9 1 3 8 2 0 
7 2 3 6 1 4 8 9 0 5 
2 9 1 4 5 0 7 3 6 8 
8 3 9 0 6 7 4 2 5 1 
1 7 2 5 4 8 0 6 9 3 
4 0 7 1 8 2 6 5 3 9 
0 6 8 9 3 5 2 1 4 7 

Solution found
Time elapsed: 169499
Number of branches explored: 3980173
Number of conflicts: 1785934
---------------------------------
n = 10
Symmetry Breaking: N

7 2 0 6 5 3 4 9 8 1 
6 1 8 0 2 7 3 4 5 9 
1 9 4 2 3 6 8 7 0 5 
4 0 7 3 8 1 9 5 2 6 
8 4 5 9 7 2 6 0 1 3 
0 5 3 4 9 8 1 2 6 7 
3 6 2 7 1 9 5 8 4 0 
2 7 1 5 6 4 0 3 9 8 
9 3 6 8 0 5 2 1 7 4 
5 8 9 1 4 0 7 6 3 2 


9 5 6 2 7 3 1 0 8 4 
5 8 4 3 0 6 9 7 1 2 
3 1 0 8 2 9 5 4 7 6 
6 4 5 7 9 1 3 8 2 0 
7 2 3 6 1 4 8 9 0 5 
2 9 1 4 5 0 7 3 6 8 
8 3 9 0 6 7 4 2 5 1 
1 7 2 5 4 8 0 6 9 3 
4 0 7 1 8 2 6 5 3 9 
0 6 8 9 3 5 2 1 4 7 

Solution found
Time elapsed: 167080
Number of branches explored: 3980173
Number of conflicts: 1785934
---------------------------------
n = 10
Symmetry Breaking: R

0 1 2 3 4 5 6 7 8 9 
2 5 4 6 9 7 8 1 0 3 
3 4 9 5 8 6 7 0 1 2 
9 0 6 7 2 1 5 8 3 4 
7 9 3 8 6 0 2 4 5 1 
1 7 8 2 5 4 3 9 6 0 
5 8 0 1 3 9 4 2 7 6 
8 3 5 4 0 2 1 6 9 7 
4 6 1 0 7 8 9 3 2 5 
6 2 7 9 1 3 0 5 4 8 


0 1 2 3 4 5 6 7 8 9 
7 0 6 9 1 8 3 5 4 2 
6 7 0 8 5 4 9 1 2 3 
5 6 7 2 9 3 1 4 0 8 
1 8 5 6 3 9 0 2 7 4 
9 3 1 4 2 0 8 6 5 7 
4 9 3 0 7 2 5 8 6 1 
2 4 9 1 8 6 7 0 3 5 
3 2 8 5 0 7 4 9 1 6 
8 5 4 7 6 1 2 3 9 0 

Solution found
Time elapsed: 9086440
Number of branches explored: 125401754
Number of conflicts: 71100213
---------------------------------
n = 10
Symmetry Breaking: R

0 1 2 3 4 5 6 7 8 9 
2 5 4 6 9 7 8 1 0 3 
3 4 9 5 8 6 7 0 1 2 
9 0 6 7 2 1 5 8 3 4 
7 9 3 8 6 0 2 4 5 1 
1 7 8 2 5 4 3 9 6 0 
5 8 0 1 3 9 4 2 7 6 
8 3 5 4 0 2 1 6 9 7 
4 6 1 0 7 8 9 3 2 5 
6 2 7 9 1 3 0 5 4 8 


0 1 2 3 4 5 6 7 8 9 
7 0 6 9 1 8 3 5 4 2 
6 7 0 8 5 4 9 1 2 3 
5 6 7 2 9 3 1 4 0 8 
1 8 5 6 3 9 0 2 7 4 
9 3 1 4 2 0 8 6 5 7 
4 9 3 0 7 2 5 8 6 1 
2 4 9 1 8 6 7 0 3 5 
3 2 8 5 0 7 4 9 1 6 
8 5 4 7 6 1 2 3 9 0 

Solution found
Time elapsed: 9108275
Number of branches explored: 125401754
Number of conflicts: 71100213
---------------------------------
n = 10
Symmetry Breaking: R

0 1 2 3 4 5 6 7 8 9 
2 5 4 6 9 7 8 1 0 3 
3 4 9 5 8 6 7 0 1 2 
9 0 6 7 2 1 5 8 3 4 
7 9 3 8 6 0 2 4 5 1 
1 7 8 2 5 4 3 9 6 0 
5 8 0 1 3 9 4 2 7 6 
8 3 5 4 0 2 1 6 9 7 
4 6 1 0 7 8 9 3 2 5 
6 2 7 9 1 3 0 5 4 8 


0 1 2 3 4 5 6 7 8 9 
7 0 6 9 1 8 3 5 4 2 
6 7 0 8 5 4 9 1 2 3 
5 6 7 2 9 3 1 4 0 8 
1 8 5 6 3 9 0 2 7 4 
9 3 1 4 2 0 8 6 5 7 
4 9 3 0 7 2 5 8 6 1 
2 4 9 1 8 6 7 0 3 5 
3 2 8 5 0 7 4 9 1 6 
8 5 4 7 6 1 2 3 9 0 

Solution found
Time elapsed: 9122374
Number of branches explored: 125401754
Number of conflicts: 71100213
---------------------------------
n = 10
Symmetry Breaking: D

0 1 2 3 4 5 6 7 8 9 
1 4 6 2 8 3 9 5 7 0 
2 8 7 4 0 9 3 6 1 5 
3 9 5 0 7 4 8 1 6 2 
4 7 3 5 2 6 0 8 9 1 
5 0 9 7 6 1 4 3 2 8 
6 5 8 1 9 0 2 4 3 7 
7 2 1 6 3 8 5 9 0 4 
8 6 0 9 5 7 1 2 4 3 
9 3 4 8 1 2 7 0 5 6 


0 1 2 3 4 5 6 7 8 9 
2 5 7 9 3 8 1 0 4 6 
3 0 6 7 1 4 5 2 9 8 
4 8 9 2 5 6 7 3 0 1 
1 3 0 4 7 9 8 6 2 5 
6 9 3 0 8 7 2 1 5 4 
5 7 1 8 0 3 4 9 6 2 
8 6 4 1 9 2 3 5 7 0 
9 4 5 6 2 1 0 8 3 7 
7 2 8 5 6 0 9 4 1 3 

Solution found
Time elapsed: 1499230
Number of branches explored: 24843924
Number of conflicts: 13812142
---------------------------------
LOGGING END 2021-03-09 14:53:59.189097
=================================
n = 10
Symmetry Breaking: D

0 1 2 3 4 5 6 7 8 9 
1 4 6 2 8 3 9 5 7 0 
2 8 7 4 0 9 3 6 1 5 
3 9 5 0 7 4 8 1 6 2 
4 7 3 5 2 6 0 8 9 1 
5 0 9 7 6 1 4 3 2 8 
6 5 8 1 9 0 2 4 3 7 
7 2 1 6 3 8 5 9 0 4 
8 6 0 9 5 7 1 2 4 3 
9 3 4 8 1 2 7 0 5 6 


0 1 2 3 4 5 6 7 8 9 
2 5 7 9 3 8 1 0 4 6 
3 0 6 7 1 4 5 2 9 8 
4 8 9 2 5 6 7 3 0 1 
1 3 0 4 7 9 8 6 2 5 
6 9 3 0 8 7 2 1 5 4 
5 7 1 8 0 3 4 9 6 2 
8 6 4 1 9 2 3 5 7 0 
9 4 5 6 2 1 0 8 3 7 
7 2 8 5 6 0 9 4 1 3 

Solution found
Time elapsed: 1500282
Number of branches explored: 24843924
Number of conflicts: 13812142
---------------------------------
LOGGING END 2021-03-09 14:54:47.614255
=================================
n = 10
Symmetry Breaking: D

0 1 2 3 4 5 6 7 8 9 
1 4 6 2 8 3 9 5 7 0 
2 8 7 4 0 9 3 6 1 5 
3 9 5 0 7 4 8 1 6 2 
4 7 3 5 2 6 0 8 9 1 
5 0 9 7 6 1 4 3 2 8 
6 5 8 1 9 0 2 4 3 7 
7 2 1 6 3 8 5 9 0 4 
8 6 0 9 5 7 1 2 4 3 
9 3 4 8 1 2 7 0 5 6 


0 1 2 3 4 5 6 7 8 9 
2 5 7 9 3 8 1 0 4 6 
3 0 6 7 1 4 5 2 9 8 
4 8 9 2 5 6 7 3 0 1 
1 3 0 4 7 9 8 6 2 5 
6 9 3 0 8 7 2 1 5 4 
5 7 1 8 0 3 4 9 6 2 
8 6 4 1 9 2 3 5 7 0 
9 4 5 6 2 1 0 8 3 7 
7 2 8 5 6 0 9 4 1 3 

Solution found
Time elapsed: 1506310
Number of branches explored: 24843924
Number of conflicts: 13812142
---------------------------------
LOGGING END 2021-03-09 14:55:06.453960
=================================
LOGGING BEGIN 2021-03-09 20:31:27.070274
=================================
LOGGING BEGIN 2021-03-09 20:31:30.477913
=================================
n = 7
Symmetry Breaking: N

5 4 2 0 1 6 3 
3 0 6 5 2 4 1 
6 1 3 4 5 2 0 
4 2 1 3 0 5 6 
0 6 5 1 4 3 2 
2 5 0 6 3 1 4 
1 3 4 2 6 0 5 


3 2 6 4 5 1 0 
1 3 4 2 0 5 6 
6 1 5 0 4 3 2 
4 5 2 6 1 0 3 
5 0 1 3 6 2 4 
2 6 0 5 3 4 1 
0 4 3 1 2 6 5 

Solution found
Time elapsed: 3884
Number of branches explored: 121155
Number of conflicts: 66340
---------------------------------
n = 7
Symmetry Breaking: R

0 1 2 3 4 5 6 
5 3 0 2 6 4 1 
1 5 6 0 2 3 4 
4 6 5 1 3 2 0 
2 4 3 6 0 1 5 
6 2 1 4 5 0 3 
3 0 4 5 1 6 2 


0 1 2 3 4 5 6 
6 0 4 5 3 1 2 
3 4 0 6 1 2 5 
2 5 3 4 6 0 1 
4 3 1 2 5 6 0 
1 6 5 0 2 3 4 
5 2 6 1 0 4 3 

Solution found
Time elapsed: 436
Number of branches explored: 12233
Number of conflicts: 6125
---------------------------------
n = 7
Symmetry Breaking: D

0 1 2 3 4 5 6 
1 0 5 6 2 3 4 
2 6 4 5 3 0 1 
3 4 6 2 5 1 0 
4 5 3 0 1 6 2 
5 2 0 1 6 4 3 
6 3 1 4 0 2 5 


0 1 2 3 4 5 6 
2 3 1 5 6 4 0 
3 0 6 2 5 1 4 
1 2 3 4 0 6 5 
5 4 0 6 3 2 1 
6 5 4 0 1 3 2 
4 6 5 1 2 0 3 

Solution found
Time elapsed: 209
Number of branches explored: 4981
Number of conflicts: 2211
---------------------------------
n = 7
Symmetry Breaking: N

5 4 2 0 1 6 3 
3 0 6 5 2 4 1 
6 1 3 4 5 2 0 
4 2 1 3 0 5 6 
0 6 5 1 4 3 2 
2 5 0 6 3 1 4 
1 3 4 2 6 0 5 


3 2 6 4 5 1 0 
1 3 4 2 0 5 6 
6 1 5 0 4 3 2 
4 5 2 6 1 0 3 
5 0 1 3 6 2 4 
2 6 0 5 3 4 1 
0 4 3 1 2 6 5 

Solution found
Time elapsed: 4166
Number of branches explored: 121155
Number of conflicts: 66340
---------------------------------
n = 7
Symmetry Breaking: R

0 1 2 3 4 5 6 
5 3 0 2 6 4 1 
1 5 6 0 2 3 4 
4 6 5 1 3 2 0 
2 4 3 6 0 1 5 
6 2 1 4 5 0 3 
3 0 4 5 1 6 2 


0 1 2 3 4 5 6 
6 0 4 5 3 1 2 
3 4 0 6 1 2 5 
2 5 3 4 6 0 1 
4 3 1 2 5 6 0 
1 6 5 0 2 3 4 
5 2 6 1 0 4 3 

Solution found
Time elapsed: 477
Number of branches explored: 12233
Number of conflicts: 6125
---------------------------------
n = 7
Symmetry Breaking: D

0 1 2 3 4 5 6 
1 0 5 6 2 3 4 
2 6 4 5 3 0 1 
3 4 6 2 5 1 0 
4 5 3 0 1 6 2 
5 2 0 1 6 4 3 
6 3 1 4 0 2 5 


0 1 2 3 4 5 6 
2 3 1 5 6 4 0 
3 0 6 2 5 1 4 
1 2 3 4 0 6 5 
5 4 0 6 3 2 1 
6 5 4 0 1 3 2 
4 6 5 1 2 0 3 

Solution found
Time elapsed: 180
Number of branches explored: 4981
Number of conflicts: 2211
---------------------------------
n = 8
Symmetry Breaking: N

5 6 7 4 1 3 0 2 
6 3 4 2 5 1 7 0 
0 5 2 1 6 4 3 7 
4 2 1 5 0 7 6 3 
2 7 5 3 4 0 1 6 
7 4 0 6 3 5 2 1 
1 0 3 7 2 6 4 5 
3 1 6 0 7 2 5 4 


7 3 2 5 6 4 0 1 
2 0 7 6 5 1 3 4 
5 4 3 2 0 6 1 7 
0 7 4 1 3 5 6 2 
4 6 0 3 1 2 7 5 
1 2 6 4 7 3 5 0 
3 1 5 0 2 7 4 6 
6 5 1 7 4 0 2 3 

Solution found
Time elapsed: 32277
Number of branches explored: 813007
Number of conflicts: 408098
---------------------------------
n = 8
Symmetry Breaking: N

5 6 7 4 1 3 0 2 
6 3 4 2 5 1 7 0 
0 5 2 1 6 4 3 7 
4 2 1 5 0 7 6 3 
2 7 5 3 4 0 1 6 
7 4 0 6 3 5 2 1 
1 0 3 7 2 6 4 5 
3 1 6 0 7 2 5 4 


7 3 2 5 6 4 0 1 
2 0 7 6 5 1 3 4 
5 4 3 2 0 6 1 7 
0 7 4 1 3 5 6 2 
4 6 0 3 1 2 7 5 
1 2 6 4 7 3 5 0 
3 1 5 0 2 7 4 6 
6 5 1 7 4 0 2 3 

Solution found
Time elapsed: 31958
Number of branches explored: 813007
Number of conflicts: 408098
---------------------------------
n = 8
Symmetry Breaking: R

0 1 2 3 4 5 6 7 
2 6 7 0 3 4 5 1 
5 7 4 6 2 3 1 0 
6 3 1 5 7 0 4 2 
7 4 5 2 1 6 0 3 
1 0 3 4 6 2 7 5 
3 5 6 7 0 1 2 4 
4 2 0 1 5 7 3 6 


0 1 2 3 4 5 6 7 
5 2 6 7 1 0 3 4 
1 3 7 4 6 2 0 5 
3 7 5 6 0 4 2 1 
2 5 4 0 3 7 1 6 
7 6 0 1 5 3 4 2 
4 0 1 5 2 6 7 3 
6 4 3 2 7 1 5 0 

Solution found
Time elapsed: 26286
Number of branches explored: 596472
Number of conflicts: 363496
---------------------------------
n = 8
Symmetry Breaking: R

0 1 2 3 4 5 6 7 
2 6 7 0 3 4 5 1 
5 7 4 6 2 3 1 0 
6 3 1 5 7 0 4 2 
7 4 5 2 1 6 0 3 
1 0 3 4 6 2 7 5 
3 5 6 7 0 1 2 4 
4 2 0 1 5 7 3 6 


0 1 2 3 4 5 6 7 
5 2 6 7 1 0 3 4 
1 3 7 4 6 2 0 5 
3 7 5 6 0 4 2 1 
2 5 4 0 3 7 1 6 
7 6 0 1 5 3 4 2 
4 0 1 5 2 6 7 3 
6 4 3 2 7 1 5 0 

Solution found
Time elapsed: 26376
Number of branches explored: 596472
Number of conflicts: 363496
---------------------------------
n = 8
Symmetry Breaking: D

0 1 2 3 4 5 6 7 
1 7 0 4 5 6 3 2 
2 4 6 5 0 7 1 3 
3 6 5 7 1 4 2 0 
4 3 7 2 6 0 5 1 
5 0 1 6 3 2 7 4 
6 2 3 0 7 1 4 5 
7 5 4 1 2 3 0 6 


0 1 2 3 4 5 6 7 
2 3 5 1 0 4 7 6 
3 2 1 4 7 6 5 0 
1 0 3 5 6 7 4 2 
5 6 0 7 3 1 2 4 
6 4 7 2 5 0 1 3 
7 5 4 6 2 3 0 1 
4 7 6 0 1 2 3 5 

Solution found
Time elapsed: 15343
Number of branches explored: 291275
Number of conflicts: 158384
---------------------------------
n = 8
Symmetry Breaking: D

0 1 2 3 4 5 6 7 
1 7 0 4 5 6 3 2 
2 4 6 5 0 7 1 3 
3 6 5 7 1 4 2 0 
4 3 7 2 6 0 5 1 
5 0 1 6 3 2 7 4 
6 2 3 0 7 1 4 5 
7 5 4 1 2 3 0 6 


0 1 2 3 4 5 6 7 
2 3 5 1 0 4 7 6 
3 2 1 4 7 6 5 0 
1 0 3 5 6 7 4 2 
5 6 0 7 3 1 2 4 
6 4 7 2 5 0 1 3 
7 5 4 6 2 3 0 1 
4 7 6 0 1 2 3 5 

Solution found
Time elapsed: 15385
Number of branches explored: 291275
Number of conflicts: 158384
---------------------------------
n = 9
Symmetry Breaking: N

7 4 0 3 5 1 6 8 2 
2 8 3 1 7 4 5 6 0 
3 1 2 7 0 6 8 4 5 
8 6 1 5 3 0 4 2 7 
0 7 4 6 2 3 1 5 8 
4 5 6 8 1 7 2 0 3 
1 2 8 0 6 5 7 3 4 
6 3 5 4 8 2 0 7 1 
5 0 7 2 4 8 3 1 6 


2 3 8 6 5 4 0 7 1 
3 4 2 1 0 7 8 5 6 
7 0 5 4 2 1 6 8 3 
0 2 6 7 8 3 1 4 5 
1 8 4 3 7 0 5 6 2 
5 1 7 8 3 6 2 0 4 
8 6 3 5 4 2 7 1 0 
6 5 0 2 1 8 4 3 7 
4 7 1 0 6 5 3 2 8 

Solution found
Time elapsed: 401598
Number of branches explored: 7144316
Number of conflicts: 3154903
---------------------------------
n = 9
Symmetry Breaking: N

7 4 0 3 5 1 6 8 2 
2 8 3 1 7 4 5 6 0 
3 1 2 7 0 6 8 4 5 
8 6 1 5 3 0 4 2 7 
0 7 4 6 2 3 1 5 8 
4 5 6 8 1 7 2 0 3 
1 2 8 0 6 5 7 3 4 
6 3 5 4 8 2 0 7 1 
5 0 7 2 4 8 3 1 6 


2 3 8 6 5 4 0 7 1 
3 4 2 1 0 7 8 5 6 
7 0 5 4 2 1 6 8 3 
0 2 6 7 8 3 1 4 5 
1 8 4 3 7 0 5 6 2 
5 1 7 8 3 6 2 0 4 
8 6 3 5 4 2 7 1 0 
6 5 0 2 1 8 4 3 7 
4 7 1 0 6 5 3 2 8 

Solution found
Time elapsed: 401480
Number of branches explored: 7144316
Number of conflicts: 3154903
---------------------------------
n = 9
Symmetry Breaking: R

0 1 2 3 4 5 6 7 8 
2 3 4 5 6 7 8 0 1 
4 5 1 0 2 8 7 3 6 
1 7 5 4 8 0 2 6 3 
5 6 7 2 1 4 3 8 0 
6 2 8 7 0 3 1 5 4 
7 4 0 8 3 6 5 1 2 
3 8 6 1 7 2 0 4 5 
8 0 3 6 5 1 4 2 7 


0 1 2 3 4 5 6 7 8 
6 5 3 7 1 0 2 8 4 
2 6 7 4 0 3 8 1 5 
8 4 0 5 7 2 1 3 6 
3 2 6 8 5 1 0 4 7 
4 7 5 1 6 8 3 2 0 
5 8 1 6 2 7 4 0 3 
7 0 8 2 3 4 5 6 1 
1 3 4 0 8 6 7 5 2 

Solution found
Time elapsed: 65676
Number of branches explored: 1215804
Number of conflicts: 568284
---------------------------------
n = 9
Symmetry Breaking: R

0 1 2 3 4 5 6 7 8 
2 3 4 5 6 7 8 0 1 
4 5 1 0 2 8 7 3 6 
1 7 5 4 8 0 2 6 3 
5 6 7 2 1 4 3 8 0 
6 2 8 7 0 3 1 5 4 
7 4 0 8 3 6 5 1 2 
3 8 6 1 7 2 0 4 5 
8 0 3 6 5 1 4 2 7 


0 1 2 3 4 5 6 7 8 
6 5 3 7 1 0 2 8 4 
2 6 7 4 0 3 8 1 5 
8 4 0 5 7 2 1 3 6 
3 2 6 8 5 1 0 4 7 
4 7 5 1 6 8 3 2 0 
5 8 1 6 2 7 4 0 3 
7 0 8 2 3 4 5 6 1 
1 3 4 0 8 6 7 5 2 

Solution found
Time elapsed: 66045
Number of branches explored: 1215804
Number of conflicts: 568284
---------------------------------
n = 9
Symmetry Breaking: D

0 1 2 3 4 5 6 7 8 
1 5 4 6 7 8 2 3 0 
2 7 1 5 0 6 8 4 3 
3 6 8 7 5 1 4 0 2 
4 3 7 8 6 0 5 2 1 
5 8 0 1 3 2 7 6 4 
6 4 5 2 1 3 0 8 7 
7 2 3 0 8 4 1 5 6 
8 0 6 4 2 7 3 1 5 


0 1 2 3 4 5 6 7 8 
2 8 7 0 3 1 4 5 6 
3 5 6 4 1 2 0 8 7 
1 7 3 6 0 8 2 4 5 
5 6 0 2 8 3 7 1 4 
6 4 8 5 2 7 1 3 0 
4 3 1 8 7 0 5 6 2 
8 0 4 7 5 6 3 2 1 
7 2 5 1 6 4 8 0 3 

Solution found
Time elapsed: 156985
Number of branches explored: 2336846
Number of conflicts: 1270318
---------------------------------
n = 9
Symmetry Breaking: D

0 1 2 3 4 5 6 7 8 
1 5 4 6 7 8 2 3 0 
2 7 1 5 0 6 8 4 3 
3 6 8 7 5 1 4 0 2 
4 3 7 8 6 0 5 2 1 
5 8 0 1 3 2 7 6 4 
6 4 5 2 1 3 0 8 7 
7 2 3 0 8 4 1 5 6 
8 0 6 4 2 7 3 1 5 


0 1 2 3 4 5 6 7 8 
2 8 7 0 3 1 4 5 6 
3 5 6 4 1 2 0 8 7 
1 7 3 6 0 8 2 4 5 
5 6 0 2 8 3 7 1 4 
6 4 8 5 2 7 1 3 0 
4 3 1 8 7 0 5 6 2 
8 0 4 7 5 6 3 2 1 
7 2 5 1 6 4 8 0 3 

Solution found
Time elapsed: 156392
Number of branches explored: 2336846
Number of conflicts: 1270318
---------------------------------
n = 10
Symmetry Breaking: N

7 2 0 6 5 3 4 9 8 1 
6 1 8 0 2 7 3 4 5 9 
1 9 4 2 3 6 8 7 0 5 
4 0 7 3 8 1 9 5 2 6 
8 4 5 9 7 2 6 0 1 3 
0 5 3 4 9 8 1 2 6 7 
3 6 2 7 1 9 5 8 4 0 
2 7 1 5 6 4 0 3 9 8 
9 3 6 8 0 5 2 1 7 4 
5 8 9 1 4 0 7 6 3 2 


9 5 6 2 7 3 1 0 8 4 
5 8 4 3 0 6 9 7 1 2 
3 1 0 8 2 9 5 4 7 6 
6 4 5 7 9 1 3 8 2 0 
7 2 3 6 1 4 8 9 0 5 
2 9 1 4 5 0 7 3 6 8 
8 3 9 0 6 7 4 2 5 1 
1 7 2 5 4 8 0 6 9 3 
4 0 7 1 8 2 6 5 3 9 
0 6 8 9 3 5 2 1 4 7 

Solution found
Time elapsed: 236995
Number of branches explored: 3980173
Number of conflicts: 1785934
---------------------------------
n = 10
Symmetry Breaking: N

7 2 0 6 5 3 4 9 8 1 
6 1 8 0 2 7 3 4 5 9 
1 9 4 2 3 6 8 7 0 5 
4 0 7 3 8 1 9 5 2 6 
8 4 5 9 7 2 6 0 1 3 
0 5 3 4 9 8 1 2 6 7 
3 6 2 7 1 9 5 8 4 0 
2 7 1 5 6 4 0 3 9 8 
9 3 6 8 0 5 2 1 7 4 
5 8 9 1 4 0 7 6 3 2 


9 5 6 2 7 3 1 0 8 4 
5 8 4 3 0 6 9 7 1 2 
3 1 0 8 2 9 5 4 7 6 
6 4 5 7 9 1 3 8 2 0 
7 2 3 6 1 4 8 9 0 5 
2 9 1 4 5 0 7 3 6 8 
8 3 9 0 6 7 4 2 5 1 
1 7 2 5 4 8 0 6 9 3 
4 0 7 1 8 2 6 5 3 9 
0 6 8 9 3 5 2 1 4 7 

Solution found
Time elapsed: 237664
Number of branches explored: 3980173
Number of conflicts: 1785934
---------------------------------
n = 10
Symmetry Breaking: R

0 1 2 3 4 5 6 7 8 9 
2 5 4 6 9 7 8 1 0 3 
3 4 9 5 8 6 7 0 1 2 
9 0 6 7 2 1 5 8 3 4 
7 9 3 8 6 0 2 4 5 1 
1 7 8 2 5 4 3 9 6 0 
5 8 0 1 3 9 4 2 7 6 
8 3 5 4 0 2 1 6 9 7 
4 6 1 0 7 8 9 3 2 5 
6 2 7 9 1 3 0 5 4 8 


0 1 2 3 4 5 6 7 8 9 
7 0 6 9 1 8 3 5 4 2 
6 7 0 8 5 4 9 1 2 3 
5 6 7 2 9 3 1 4 0 8 
1 8 5 6 3 9 0 2 7 4 
9 3 1 4 2 0 8 6 5 7 
4 9 3 0 7 2 5 8 6 1 
2 4 9 1 8 6 7 0 3 5 
3 2 8 5 0 7 4 9 1 6 
8 5 4 7 6 1 2 3 9 0 

Solution found
Time elapsed: 9622328
Number of branches explored: 125401754
Number of conflicts: 71100213
---------------------------------
n = 10
Symmetry Breaking: R

0 1 2 3 4 5 6 7 8 9 
2 5 4 6 9 7 8 1 0 3 
3 4 9 5 8 6 7 0 1 2 
9 0 6 7 2 1 5 8 3 4 
7 9 3 8 6 0 2 4 5 1 
1 7 8 2 5 4 3 9 6 0 
5 8 0 1 3 9 4 2 7 6 
8 3 5 4 0 2 1 6 9 7 
4 6 1 0 7 8 9 3 2 5 
6 2 7 9 1 3 0 5 4 8 


0 1 2 3 4 5 6 7 8 9 
7 0 6 9 1 8 3 5 4 2 
6 7 0 8 5 4 9 1 2 3 
5 6 7 2 9 3 1 4 0 8 
1 8 5 6 3 9 0 2 7 4 
9 3 1 4 2 0 8 6 5 7 
4 9 3 0 7 2 5 8 6 1 
2 4 9 1 8 6 7 0 3 5 
3 2 8 5 0 7 4 9 1 6 
8 5 4 7 6 1 2 3 9 0 

Solution found
Time elapsed: 9626789
Number of branches explored: 125401754
Number of conflicts: 71100213
---------------------------------
n = 10
Symmetry Breaking: D

0 1 2 3 4 5 6 7 8 9 
1 4 6 2 8 3 9 5 7 0 
2 8 7 4 0 9 3 6 1 5 
3 9 5 0 7 4 8 1 6 2 
4 7 3 5 2 6 0 8 9 1 
5 0 9 7 6 1 4 3 2 8 
6 5 8 1 9 0 2 4 3 7 
7 2 1 6 3 8 5 9 0 4 
8 6 0 9 5 7 1 2 4 3 
9 3 4 8 1 2 7 0 5 6 


0 1 2 3 4 5 6 7 8 9 
2 5 7 9 3 8 1 0 4 6 
3 0 6 7 1 4 5 2 9 8 
4 8 9 2 5 6 7 3 0 1 
1 3 0 4 7 9 8 6 2 5 
6 9 3 0 8 7 2 1 5 4 
5 7 1 8 0 3 4 9 6 2 
8 6 4 1 9 2 3 5 7 0 
9 4 5 6 2 1 0 8 3 7 
7 2 8 5 6 0 9 4 1 3 

Solution found
Time elapsed: 1470376
Number of branches explored: 24843924
Number of conflicts: 13812142
---------------------------------
LOGGING END 2021-03-09 23:52:03.787197
=================================
n = 10
Symmetry Breaking: D

0 1 2 3 4 5 6 7 8 9 
1 4 6 2 8 3 9 5 7 0 
2 8 7 4 0 9 3 6 1 5 
3 9 5 0 7 4 8 1 6 2 
4 7 3 5 2 6 0 8 9 1 
5 0 9 7 6 1 4 3 2 8 
6 5 8 1 9 0 2 4 3 7 
7 2 1 6 3 8 5 9 0 4 
8 6 0 9 5 7 1 2 4 3 
9 3 4 8 1 2 7 0 5 6 


0 1 2 3 4 5 6 7 8 9 
2 5 7 9 3 8 1 0 4 6 
3 0 6 7 1 4 5 2 9 8 
4 8 9 2 5 6 7 3 0 1 
1 3 0 4 7 9 8 6 2 5 
6 9 3 0 8 7 2 1 5 4 
5 7 1 8 0 3 4 9 6 2 
8 6 4 1 9 2 3 5 7 0 
9 4 5 6 2 1 0 8 3 7 
7 2 8 5 6 0 9 4 1 3 

Solution found
Time elapsed: 1472959
Number of branches explored: 24843924
Number of conflicts: 13812142
---------------------------------
LOGGING END 2021-03-09 23:52:07.050937
=================================
