LOGGING BEGIN 2021-03-08 16:32:13.309473
=================================
n = 5
Symmetry Breaking: N

0 1 4 2 3 
1 2 0 3 4 
2 3 1 4 0 
3 4 2 0 1 
4 0 3 1 2 

0 2 3 4 1 
1 3 4 0 2 
2 4 0 1 3 
3 0 1 2 4 
4 1 2 3 0 
Time (s): 0.0888157
Nodes Processed: 1
---------------------------------
n = 5
Symmetry Breaking: R

0 1 2 3 4 
1 4 3 0 2 
4 2 0 1 3 
3 0 4 2 1 
2 3 1 4 0 

0 1 2 3 4 
2 3 1 4 0 
1 4 3 0 2 
4 2 0 1 3 
3 0 4 2 1 
Time (s): 0.0322075
Nodes Processed: 1
---------------------------------
n = 5
Symmetry Breaking: D

0 1 2 3 4 
1 4 0 2 3 
2 0 3 4 1 
3 2 4 1 0 
4 3 1 0 2 

0 1 2 3 4 
2 0 3 4 1 
1 4 0 2 3 
4 3 1 0 2 
3 2 4 1 0 
Time (s): 0.00395393
Nodes Processed: 0
---------------------------------
n = 6
Symmetry Breaking: N

Error code = 10005
Var::get
Time (s): 2.35804
Nodes Processed: 1178
---------------------------------
n = 6
Symmetry Breaking: R

Error code = 10005
Var::get
Time (s): 2.19984
Nodes Processed: 2003
---------------------------------
n = 6
Symmetry Breaking: D

Error code = 10005
Var::get
Time (s): 2.39163
Nodes Processed: 1551
---------------------------------
n = 7
Symmetry Breaking: N

0 1 2 3 4 5 6 
1 4 6 0 2 3 5 
5 2 3 6 1 4 0 
2 0 4 5 3 6 1 
3 6 0 4 5 1 2 
4 5 1 2 6 0 3 
6 3 5 1 0 2 4 

0 1 2 3 4 5 6 
2 6 5 4 3 0 1 
4 0 6 1 5 2 3 
6 5 3 2 1 4 0 
5 2 1 0 6 3 4 
1 3 4 5 0 6 2 
3 4 0 6 2 1 5 
Time (s): 1.33377
Nodes Processed: 102
---------------------------------
n = 7
Symmetry Breaking: R

0 1 2 3 4 5 6 
1 4 6 0 2 3 5 
5 2 3 6 1 4 0 
2 0 4 5 3 6 1 
3 6 0 4 5 1 2 
4 5 1 2 6 0 3 
6 3 5 1 0 2 4 

0 1 2 3 4 5 6 
2 6 5 4 3 0 1 
4 0 6 1 5 2 3 
6 5 3 2 1 4 0 
5 2 1 0 6 3 4 
1 3 4 5 0 6 2 
3 4 0 6 2 1 5 
Time (s): 0.984598
Nodes Processed: 101
---------------------------------
n = 7
Symmetry Breaking: D

0 1 2 3 4 5 6 
1 5 4 6 3 2 0 
2 4 6 1 0 3 5 
3 6 1 2 5 0 4 
4 3 0 5 1 6 2 
5 2 3 0 6 4 1 
6 0 5 4 2 1 3 

0 1 2 3 4 5 6 
2 3 6 1 5 0 4 
3 2 5 6 1 4 0 
1 0 4 5 2 6 3 
5 6 3 4 0 2 1 
6 4 0 2 3 1 5 
4 5 1 0 6 3 2 
Time (s): 6.17904
Nodes Processed: 2557
---------------------------------
n = 8
Symmetry Breaking: N

0 1 2 3 4 5 6 7 
1 6 0 7 5 3 2 4 
5 0 6 2 7 4 1 3 
2 7 4 5 0 6 3 1 
3 2 7 0 6 1 4 5 
4 3 1 6 2 7 5 0 
6 4 5 1 3 0 7 2 
7 5 3 4 1 2 0 6 

0 1 2 3 4 5 6 7 
2 4 1 5 0 7 3 6 
6 7 5 4 3 2 0 1 
7 2 3 1 6 0 4 5 
5 6 0 2 1 3 7 4 
1 0 4 7 5 6 2 3 
3 5 7 6 2 4 1 0 
4 3 6 0 7 1 5 2 
Time (s): 5.96415
Nodes Processed: 106
---------------------------------
n = 8
Symmetry Breaking: R

0 1 2 3 4 5 6 7 
1 0 6 5 7 3 2 4 
6 4 5 7 3 1 0 2 
7 3 4 2 6 0 1 5 
2 5 7 4 0 6 3 1 
3 7 1 0 5 2 4 6 
4 6 0 1 2 7 5 3 
5 2 3 6 1 4 7 0 

0 1 2 3 4 5 6 7 
2 5 4 0 3 7 1 6 
5 7 1 2 0 6 3 4 
6 2 0 5 1 4 7 3 
7 6 5 1 2 3 4 0 
1 4 3 6 7 0 5 2 
3 0 7 4 6 1 2 5 
4 3 6 7 5 2 0 1 
Time (s): 5.49317
Nodes Processed: 182
---------------------------------
n = 8
Symmetry Breaking: D

0 1 2 3 4 5 6 7 
1 4 3 5 2 6 7 0 
2 5 6 1 0 7 4 3 
3 2 0 6 7 4 5 1 
4 3 5 7 6 0 1 2 
5 6 7 2 1 3 0 4 
6 7 4 0 3 1 2 5 
7 0 1 4 5 2 3 6 

0 1 2 3 4 5 6 7 
2 3 0 6 7 1 5 4 
3 7 5 0 2 4 1 6 
1 6 7 4 3 2 0 5 
5 4 3 2 0 6 7 1 
4 2 1 5 6 7 3 0 
7 0 6 1 5 3 4 2 
6 5 4 7 1 0 2 3 
Time (s): 23729
Nodes Processed: 3.15937e+06
---------------------------------
n = 9
Symmetry Breaking: N

0 1 2 3 4 5 6 7 8 
1 7 0 4 2 6 3 8 5 
8 0 5 2 3 1 4 6 7 
6 8 3 7 5 0 2 1 4 
2 5 4 8 6 3 7 0 1 
3 6 8 5 7 4 1 2 0 
4 2 1 6 8 7 0 5 3 
5 3 7 1 0 2 8 4 6 
7 4 6 0 1 8 5 3 2 

0 1 2 3 4 5 6 7 8 
2 3 7 8 6 1 5 4 0 
5 4 6 7 0 8 2 3 1 
7 6 1 2 8 3 4 0 5 
8 7 3 1 2 4 0 5 6 
6 8 0 4 5 7 3 1 2 
1 5 4 0 3 6 8 2 7 
3 2 8 5 1 0 7 6 4 
4 0 5 6 7 2 1 8 3 
Time (s): 284.481
Nodes Processed: 6286
---------------------------------
n = 9
Symmetry Breaking: R

0 1 2 3 4 5 6 7 8 
1 7 0 4 2 6 3 8 5 
8 0 5 2 3 1 4 6 7 
6 8 3 7 5 0 2 1 4 
2 5 4 8 6 3 7 0 1 
3 6 8 5 7 4 1 2 0 
4 2 1 6 8 7 0 5 3 
5 3 7 1 0 2 8 4 6 
7 4 6 0 1 8 5 3 2 

0 1 2 3 4 5 6 7 8 
2 3 7 8 6 1 5 4 0 
5 4 6 7 0 8 2 3 1 
7 6 1 2 8 3 4 0 5 
8 7 3 1 2 4 0 5 6 
6 8 0 4 5 7 3 1 2 
1 5 4 0 3 6 8 2 7 
3 2 8 5 1 0 7 6 4 
4 0 5 6 7 2 1 8 3 
Time (s): 276.136
Nodes Processed: 6415
---------------------------------
n = 9
Symmetry Breaking: D

Error code = 10005
Var::get
Time (s): 60000
Nodes Processed: 4.93221e+06
---------------------------------
n = 10
Symmetry Breaking: N

0 1 2 3 4 5 6 7 8 9 
1 5 9 2 0 3 4 8 6 7 
7 2 8 9 6 4 1 3 0 5 
8 0 4 6 9 7 5 1 3 2 
9 4 5 0 7 8 3 2 1 6 
2 6 7 8 3 9 0 5 4 1 
3 7 1 5 8 6 9 4 2 0 
4 8 6 1 5 0 2 9 7 3 
5 3 0 4 1 2 7 6 9 8 
6 9 3 7 2 1 8 0 5 4 

0 1 2 3 4 5 6 7 8 9 
2 6 7 1 3 9 0 5 4 8 
6 8 4 5 9 2 7 0 1 3 
7 2 6 0 1 3 9 8 5 4 
8 5 0 6 2 1 4 3 9 7 
9 3 5 2 6 4 8 1 7 0 
1 4 3 7 0 8 2 9 6 5 
3 9 1 4 8 7 5 6 0 2 
4 7 9 8 5 0 1 2 3 6 
5 0 8 9 7 6 3 4 2 1 
Time (s): 9502.92
Nodes Processed: 58856
---------------------------------
n = 10
Symmetry Breaking: R

0 1 2 3 4 5 6 7 8 9 
1 5 9 2 0 3 4 8 6 7 
7 2 8 9 6 4 1 3 0 5 
8 0 4 6 9 7 5 1 3 2 
9 4 5 0 7 8 3 2 1 6 
2 6 7 8 3 9 0 5 4 1 
3 7 1 5 8 6 9 4 2 0 
4 8 6 1 5 0 2 9 7 3 
5 3 0 4 1 2 7 6 9 8 
6 9 3 7 2 1 8 0 5 4 

0 1 2 3 4 5 6 7 8 9 
2 6 7 1 3 9 0 5 4 8 
6 8 4 5 9 2 7 0 1 3 
7 2 6 0 1 3 9 8 5 4 
8 5 0 6 2 1 4 3 9 7 
9 3 5 2 6 4 8 1 7 0 
1 4 3 7 0 8 2 9 6 5 
3 9 1 4 8 7 5 6 0 2 
4 7 9 8 5 0 1 2 3 6 
5 0 8 9 7 6 3 4 2 1 
Time (s): 10016
Nodes Processed: 56528
---------------------------------
n = 10
Symmetry Breaking: D

Error code = 10005
Var::get
Time (s): 60000
Nodes Processed: 3.3024e+06