LOGGING BEGIN 2021-06-03 09:37:07.656852
=================================
n = 7
Symmetry Breaking: N
Seed: 1858702853
5 4 2 0 1 6 3 
3 0 6 5 2 4 1 
6 1 3 4 5 2 0 
4 2 1 3 0 5 6 
0 6 5 1 4 3 2 
2 5 0 6 3 1 4 
1 3 4 2 6 0 5 


3 2 6 4 5 1 0 
1 3 4 2 0 5 6 
6 1 5 0 4 3 2 
4 5 2 6 1 0 3 
5 0 1 3 6 2 4 
2 6 0 5 3 4 1 
0 4 3 1 2 6 5 

Solution found
Time elapsed: 3304
Number of branches explored: 121155
Number of conflicts: 66340
---------------------------------
n = 7
Symmetry Breaking: N
Seed: 1365759161
5 4 2 0 1 6 3 
3 0 6 5 2 4 1 
6 1 3 4 5 2 0 
4 2 1 3 0 5 6 
0 6 5 1 4 3 2 
2 5 0 6 3 1 4 
1 3 4 2 6 0 5 


3 2 6 4 5 1 0 
1 3 4 2 0 5 6 
6 1 5 0 4 3 2 
4 5 2 6 1 0 3 
5 0 1 3 6 2 4 
2 6 0 5 3 4 1 
0 4 3 1 2 6 5 

Solution found
Time elapsed: 3298
Number of branches explored: 121155
Number of conflicts: 66340
---------------------------------
n = 7
Symmetry Breaking: N
Seed: 261347898
5 4 2 0 1 6 3 
3 0 6 5 2 4 1 
6 1 3 4 5 2 0 
4 2 1 3 0 5 6 
0 6 5 1 4 3 2 
2 5 0 6 3 1 4 
1 3 4 2 6 0 5 


3 2 6 4 5 1 0 
1 3 4 2 0 5 6 
6 1 5 0 4 3 2 
4 5 2 6 1 0 3 
5 0 1 3 6 2 4 
2 6 0 5 3 4 1 
0 4 3 1 2 6 5 

Solution found
Time elapsed: 3309
Number of branches explored: 121155
Number of conflicts: 66340
---------------------------------
n = 7
Symmetry Breaking: R
Seed: 1586977563
0 1 2 3 4 5 6 
5 3 0 2 6 4 1 
1 5 6 0 2 3 4 
4 6 5 1 3 2 0 
2 4 3 6 0 1 5 
6 2 1 4 5 0 3 
3 0 4 5 1 6 2 


0 1 2 3 4 5 6 
6 0 4 5 3 1 2 
3 4 0 6 1 2 5 
2 5 3 4 6 0 1 
4 3 1 2 5 6 0 
1 6 5 0 2 3 4 
5 2 6 1 0 4 3 

Solution found
Time elapsed: 385
Number of branches explored: 12233
Number of conflicts: 6125
---------------------------------
n = 7
Symmetry Breaking: R
Seed: 34031329
0 1 2 3 4 5 6 
5 3 0 2 6 4 1 
1 5 6 0 2 3 4 
4 6 5 1 3 2 0 
2 4 3 6 0 1 5 
6 2 1 4 5 0 3 
3 0 4 5 1 6 2 


0 1 2 3 4 5 6 
6 0 4 5 3 1 2 
3 4 0 6 1 2 5 
2 5 3 4 6 0 1 
4 3 1 2 5 6 0 
1 6 5 0 2 3 4 
5 2 6 1 0 4 3 

Solution found
Time elapsed: 393
Number of branches explored: 12233
Number of conflicts: 6125
---------------------------------
n = 7
Symmetry Breaking: R
Seed: 340942856
0 1 2 3 4 5 6 
5 3 0 2 6 4 1 
1 5 6 0 2 3 4 
4 6 5 1 3 2 0 
2 4 3 6 0 1 5 
6 2 1 4 5 0 3 
3 0 4 5 1 6 2 


0 1 2 3 4 5 6 
6 0 4 5 3 1 2 
3 4 0 6 1 2 5 
2 5 3 4 6 0 1 
4 3 1 2 5 6 0 
1 6 5 0 2 3 4 
5 2 6 1 0 4 3 

Solution found
Time elapsed: 426
Number of branches explored: 12233
Number of conflicts: 6125
---------------------------------
n = 7
Symmetry Breaking: D
Seed: 227354215
0 1 2 3 4 5 6 
1 0 5 6 2 3 4 
2 6 4 5 3 0 1 
3 4 6 2 5 1 0 
4 5 3 0 1 6 2 
5 2 0 1 6 4 3 
6 3 1 4 0 2 5 


0 1 2 3 4 5 6 
2 3 1 5 6 4 0 
3 0 6 2 5 1 4 
1 2 3 4 0 6 5 
5 4 0 6 3 2 1 
6 5 4 0 1 3 2 
4 6 5 1 2 0 3 

Solution found
Time elapsed: 169
Number of branches explored: 4981
Number of conflicts: 2211
---------------------------------
n = 7
Symmetry Breaking: D
Seed: 1528534794
0 1 2 3 4 5 6 
1 0 5 6 2 3 4 
2 6 4 5 3 0 1 
3 4 6 2 5 1 0 
4 5 3 0 1 6 2 
5 2 0 1 6 4 3 
6 3 1 4 0 2 5 


0 1 2 3 4 5 6 
2 3 1 5 6 4 0 
3 0 6 2 5 1 4 
1 2 3 4 0 6 5 
5 4 0 6 3 2 1 
6 5 4 0 1 3 2 
4 6 5 1 2 0 3 

Solution found
Time elapsed: 167
Number of branches explored: 4981
Number of conflicts: 2211
---------------------------------
n = 7
Symmetry Breaking: D
Seed: 354383983
0 1 2 3 4 5 6 
1 0 5 6 2 3 4 
2 6 4 5 3 0 1 
3 4 6 2 5 1 0 
4 5 3 0 1 6 2 
5 2 0 1 6 4 3 
6 3 1 4 0 2 5 


0 1 2 3 4 5 6 
2 3 1 5 6 4 0 
3 0 6 2 5 1 4 
1 2 3 4 0 6 5 
5 4 0 6 3 2 1 
6 5 4 0 1 3 2 
4 6 5 1 2 0 3 

Solution found
Time elapsed: 172
Number of branches explored: 4981
Number of conflicts: 2211
---------------------------------
n = 8
Symmetry Breaking: N
Seed: 299209357
5 6 7 4 1 3 0 2 
6 3 4 2 5 1 7 0 
0 5 2 1 6 4 3 7 
4 2 1 5 0 7 6 3 
2 7 5 3 4 0 1 6 
7 4 0 6 3 5 2 1 
1 0 3 7 2 6 4 5 
3 1 6 0 7 2 5 4 


7 3 2 5 6 4 0 1 
2 0 7 6 5 1 3 4 
5 4 3 2 0 6 1 7 
0 7 4 1 3 5 6 2 
4 6 0 3 1 2 7 5 
1 2 6 4 7 3 5 0 
3 1 5 0 2 7 4 6 
6 5 1 7 4 0 2 3 

Solution found
Time elapsed: 26057
Number of branches explored: 813007
Number of conflicts: 408098
---------------------------------
n = 8
Symmetry Breaking: N
Seed: 364933407
5 6 7 4 1 3 0 2 
6 3 4 2 5 1 7 0 
0 5 2 1 6 4 3 7 
4 2 1 5 0 7 6 3 
2 7 5 3 4 0 1 6 
7 4 0 6 3 5 2 1 
1 0 3 7 2 6 4 5 
3 1 6 0 7 2 5 4 


7 3 2 5 6 4 0 1 
2 0 7 6 5 1 3 4 
5 4 3 2 0 6 1 7 
0 7 4 1 3 5 6 2 
4 6 0 3 1 2 7 5 
1 2 6 4 7 3 5 0 
3 1 5 0 2 7 4 6 
6 5 1 7 4 0 2 3 

Solution found
Time elapsed: 25704
Number of branches explored: 813007
Number of conflicts: 408098
---------------------------------
n = 8
Symmetry Breaking: N
Seed: 315325633
5 6 7 4 1 3 0 2 
6 3 4 2 5 1 7 0 
0 5 2 1 6 4 3 7 
4 2 1 5 0 7 6 3 
2 7 5 3 4 0 1 6 
7 4 0 6 3 5 2 1 
1 0 3 7 2 6 4 5 
3 1 6 0 7 2 5 4 


7 3 2 5 6 4 0 1 
2 0 7 6 5 1 3 4 
5 4 3 2 0 6 1 7 
0 7 4 1 3 5 6 2 
4 6 0 3 1 2 7 5 
1 2 6 4 7 3 5 0 
3 1 5 0 2 7 4 6 
6 5 1 7 4 0 2 3 

Solution found
Time elapsed: 25491
Number of branches explored: 813007
Number of conflicts: 408098
---------------------------------
n = 8
Symmetry Breaking: R
Seed: 1660062776
0 1 2 3 4 5 6 7 
2 6 7 0 3 4 5 1 
5 7 4 6 2 3 1 0 
6 3 1 5 7 0 4 2 
7 4 5 2 1 6 0 3 
1 0 3 4 6 2 7 5 
3 5 6 7 0 1 2 4 
4 2 0 1 5 7 3 6 


0 1 2 3 4 5 6 7 
5 2 6 7 1 0 3 4 
1 3 7 4 6 2 0 5 
3 7 5 6 0 4 2 1 
2 5 4 0 3 7 1 6 
7 6 0 1 5 3 4 2 
4 0 1 5 2 6 7 3 
6 4 3 2 7 1 5 0 

Solution found
Time elapsed: 21790
Number of branches explored: 596472
Number of conflicts: 363496
---------------------------------
n = 8
Symmetry Breaking: R
Seed: 1896098898
0 1 2 3 4 5 6 7 
2 6 7 0 3 4 5 1 
5 7 4 6 2 3 1 0 
6 3 1 5 7 0 4 2 
7 4 5 2 1 6 0 3 
1 0 3 4 6 2 7 5 
3 5 6 7 0 1 2 4 
4 2 0 1 5 7 3 6 


0 1 2 3 4 5 6 7 
5 2 6 7 1 0 3 4 
1 3 7 4 6 2 0 5 
3 7 5 6 0 4 2 1 
2 5 4 0 3 7 1 6 
7 6 0 1 5 3 4 2 
4 0 1 5 2 6 7 3 
6 4 3 2 7 1 5 0 

Solution found
Time elapsed: 21635
Number of branches explored: 596472
Number of conflicts: 363496
---------------------------------
n = 8
Symmetry Breaking: R
Seed: 143419423
0 1 2 3 4 5 6 7 
2 6 7 0 3 4 5 1 
5 7 4 6 2 3 1 0 
6 3 1 5 7 0 4 2 
7 4 5 2 1 6 0 3 
1 0 3 4 6 2 7 5 
3 5 6 7 0 1 2 4 
4 2 0 1 5 7 3 6 


0 1 2 3 4 5 6 7 
5 2 6 7 1 0 3 4 
1 3 7 4 6 2 0 5 
3 7 5 6 0 4 2 1 
2 5 4 0 3 7 1 6 
7 6 0 1 5 3 4 2 
4 0 1 5 2 6 7 3 
6 4 3 2 7 1 5 0 

Solution found
Time elapsed: 21716
Number of branches explored: 596472
Number of conflicts: 363496
---------------------------------
n = 8
Symmetry Breaking: D
Seed: 1435630643
0 1 2 3 4 5 6 7 
1 7 0 4 5 6 3 2 
2 4 6 5 0 7 1 3 
3 6 5 7 1 4 2 0 
4 3 7 2 6 0 5 1 
5 0 1 6 3 2 7 4 
6 2 3 0 7 1 4 5 
7 5 4 1 2 3 0 6 


0 1 2 3 4 5 6 7 
2 3 5 1 0 4 7 6 
3 2 1 4 7 6 5 0 
1 0 3 5 6 7 4 2 
5 6 0 7 3 1 2 4 
6 4 7 2 5 0 1 3 
7 5 4 6 2 3 0 1 
4 7 6 0 1 2 3 5 

Solution found
Time elapsed: 11981
Number of branches explored: 291275
Number of conflicts: 158384
---------------------------------
n = 8
Symmetry Breaking: D
Seed: 122203923
0 1 2 3 4 5 6 7 
1 7 0 4 5 6 3 2 
2 4 6 5 0 7 1 3 
3 6 5 7 1 4 2 0 
4 3 7 2 6 0 5 1 
5 0 1 6 3 2 7 4 
6 2 3 0 7 1 4 5 
7 5 4 1 2 3 0 6 


0 1 2 3 4 5 6 7 
2 3 5 1 0 4 7 6 
3 2 1 4 7 6 5 0 
1 0 3 5 6 7 4 2 
5 6 0 7 3 1 2 4 
6 4 7 2 5 0 1 3 
7 5 4 6 2 3 0 1 
4 7 6 0 1 2 3 5 

Solution found
Time elapsed: 11993
Number of branches explored: 291275
Number of conflicts: 158384
---------------------------------
n = 8
Symmetry Breaking: D
Seed: 995461007
0 1 2 3 4 5 6 7 
1 7 0 4 5 6 3 2 
2 4 6 5 0 7 1 3 
3 6 5 7 1 4 2 0 
4 3 7 2 6 0 5 1 
5 0 1 6 3 2 7 4 
6 2 3 0 7 1 4 5 
7 5 4 1 2 3 0 6 


0 1 2 3 4 5 6 7 
2 3 5 1 0 4 7 6 
3 2 1 4 7 6 5 0 
1 0 3 5 6 7 4 2 
5 6 0 7 3 1 2 4 
6 4 7 2 5 0 1 3 
7 5 4 6 2 3 0 1 
4 7 6 0 1 2 3 5 

Solution found
Time elapsed: 11886
Number of branches explored: 291275
Number of conflicts: 158384
---------------------------------
n = 9
Symmetry Breaking: N
Seed: 1865557316
7 4 0 3 5 1 6 8 2 
2 8 3 1 7 4 5 6 0 
3 1 2 7 0 6 8 4 5 
8 6 1 5 3 0 4 2 7 
0 7 4 6 2 3 1 5 8 
4 5 6 8 1 7 2 0 3 
1 2 8 0 6 5 7 3 4 
6 3 5 4 8 2 0 7 1 
5 0 7 2 4 8 3 1 6 


2 3 8 6 5 4 0 7 1 
3 4 2 1 0 7 8 5 6 
7 0 5 4 2 1 6 8 3 
0 2 6 7 8 3 1 4 5 
1 8 4 3 7 0 5 6 2 
5 1 7 8 3 6 2 0 4 
8 6 3 5 4 2 7 1 0 
6 5 0 2 1 8 4 3 7 
4 7 1 0 6 5 3 2 8 

Solution found
Time elapsed: 273882
Number of branches explored: 7144316
Number of conflicts: 3154903
---------------------------------
n = 9
Symmetry Breaking: N
Seed: 1853321400
7 4 0 3 5 1 6 8 2 
2 8 3 1 7 4 5 6 0 
3 1 2 7 0 6 8 4 5 
8 6 1 5 3 0 4 2 7 
0 7 4 6 2 3 1 5 8 
4 5 6 8 1 7 2 0 3 
1 2 8 0 6 5 7 3 4 
6 3 5 4 8 2 0 7 1 
5 0 7 2 4 8 3 1 6 


2 3 8 6 5 4 0 7 1 
3 4 2 1 0 7 8 5 6 
7 0 5 4 2 1 6 8 3 
0 2 6 7 8 3 1 4 5 
1 8 4 3 7 0 5 6 2 
5 1 7 8 3 6 2 0 4 
8 6 3 5 4 2 7 1 0 
6 5 0 2 1 8 4 3 7 
4 7 1 0 6 5 3 2 8 

Solution found
Time elapsed: 275118
Number of branches explored: 7144316
Number of conflicts: 3154903
---------------------------------
n = 9
Symmetry Breaking: N
Seed: 653582862
7 4 0 3 5 1 6 8 2 
2 8 3 1 7 4 5 6 0 
3 1 2 7 0 6 8 4 5 
8 6 1 5 3 0 4 2 7 
0 7 4 6 2 3 1 5 8 
4 5 6 8 1 7 2 0 3 
1 2 8 0 6 5 7 3 4 
6 3 5 4 8 2 0 7 1 
5 0 7 2 4 8 3 1 6 


2 3 8 6 5 4 0 7 1 
3 4 2 1 0 7 8 5 6 
7 0 5 4 2 1 6 8 3 
0 2 6 7 8 3 1 4 5 
1 8 4 3 7 0 5 6 2 
5 1 7 8 3 6 2 0 4 
8 6 3 5 4 2 7 1 0 
6 5 0 2 1 8 4 3 7 
4 7 1 0 6 5 3 2 8 

Solution found
Time elapsed: 277332
Number of branches explored: 7144316
Number of conflicts: 3154903
---------------------------------
n = 9
Symmetry Breaking: R
Seed: 399135709
0 1 2 3 4 5 6 7 8 
2 3 4 5 6 7 8 0 1 
4 5 1 0 2 8 7 3 6 
1 7 5 4 8 0 2 6 3 
5 6 7 2 1 4 3 8 0 
6 2 8 7 0 3 1 5 4 
7 4 0 8 3 6 5 1 2 
3 8 6 1 7 2 0 4 5 
8 0 3 6 5 1 4 2 7 


0 1 2 3 4 5 6 7 8 
6 5 3 7 1 0 2 8 4 
2 6 7 4 0 3 8 1 5 
8 4 0 5 7 2 1 3 6 
3 2 6 8 5 1 0 4 7 
4 7 5 1 6 8 3 2 0 
5 8 1 6 2 7 4 0 3 
7 0 8 2 3 4 5 6 1 
1 3 4 0 8 6 7 5 2 

Solution found
Time elapsed: 45564
Number of branches explored: 1215804
Number of conflicts: 568284
---------------------------------
n = 9
Symmetry Breaking: R
Seed: 956535724
0 1 2 3 4 5 6 7 8 
2 3 4 5 6 7 8 0 1 
4 5 1 0 2 8 7 3 6 
1 7 5 4 8 0 2 6 3 
5 6 7 2 1 4 3 8 0 
6 2 8 7 0 3 1 5 4 
7 4 0 8 3 6 5 1 2 
3 8 6 1 7 2 0 4 5 
8 0 3 6 5 1 4 2 7 


0 1 2 3 4 5 6 7 8 
6 5 3 7 1 0 2 8 4 
2 6 7 4 0 3 8 1 5 
8 4 0 5 7 2 1 3 6 
3 2 6 8 5 1 0 4 7 
4 7 5 1 6 8 3 2 0 
5 8 1 6 2 7 4 0 3 
7 0 8 2 3 4 5 6 1 
1 3 4 0 8 6 7 5 2 

Solution found
Time elapsed: 45150
Number of branches explored: 1215804
Number of conflicts: 568284
---------------------------------
n = 9
Symmetry Breaking: R
Seed: 1348378133
0 1 2 3 4 5 6 7 8 
2 3 4 5 6 7 8 0 1 
4 5 1 0 2 8 7 3 6 
1 7 5 4 8 0 2 6 3 
5 6 7 2 1 4 3 8 0 
6 2 8 7 0 3 1 5 4 
7 4 0 8 3 6 5 1 2 
3 8 6 1 7 2 0 4 5 
8 0 3 6 5 1 4 2 7 


0 1 2 3 4 5 6 7 8 
6 5 3 7 1 0 2 8 4 
2 6 7 4 0 3 8 1 5 
8 4 0 5 7 2 1 3 6 
3 2 6 8 5 1 0 4 7 
4 7 5 1 6 8 3 2 0 
5 8 1 6 2 7 4 0 3 
7 0 8 2 3 4 5 6 1 
1 3 4 0 8 6 7 5 2 

Solution found
Time elapsed: 45019
Number of branches explored: 1215804
Number of conflicts: 568284
---------------------------------
n = 9
Symmetry Breaking: D
Seed: 147039384
0 1 2 3 4 5 6 7 8 
1 5 4 6 7 8 2 3 0 
2 7 1 5 0 6 8 4 3 
3 6 8 7 5 1 4 0 2 
4 3 7 8 6 0 5 2 1 
5 8 0 1 3 2 7 6 4 
6 4 5 2 1 3 0 8 7 
7 2 3 0 8 4 1 5 6 
8 0 6 4 2 7 3 1 5 


0 1 2 3 4 5 6 7 8 
2 8 7 0 3 1 4 5 6 
3 5 6 4 1 2 0 8 7 
1 7 3 6 0 8 2 4 5 
5 6 0 2 8 3 7 1 4 
6 4 8 5 2 7 1 3 0 
4 3 1 8 7 0 5 6 2 
8 0 4 7 5 6 3 2 1 
7 2 5 1 6 4 8 0 3 

Solution found
Time elapsed: 103346
Number of branches explored: 2336846
Number of conflicts: 1270318
---------------------------------
n = 9
Symmetry Breaking: D
Seed: 722227971
0 1 2 3 4 5 6 7 8 
1 5 4 6 7 8 2 3 0 
2 7 1 5 0 6 8 4 3 
3 6 8 7 5 1 4 0 2 
4 3 7 8 6 0 5 2 1 
5 8 0 1 3 2 7 6 4 
6 4 5 2 1 3 0 8 7 
7 2 3 0 8 4 1 5 6 
8 0 6 4 2 7 3 1 5 


0 1 2 3 4 5 6 7 8 
2 8 7 0 3 1 4 5 6 
3 5 6 4 1 2 0 8 7 
1 7 3 6 0 8 2 4 5 
5 6 0 2 8 3 7 1 4 
6 4 8 5 2 7 1 3 0 
4 3 1 8 7 0 5 6 2 
8 0 4 7 5 6 3 2 1 
7 2 5 1 6 4 8 0 3 

Solution found
Time elapsed: 103765
Number of branches explored: 2336846
Number of conflicts: 1270318
---------------------------------
n = 9
Symmetry Breaking: D
Seed: 1462730345
0 1 2 3 4 5 6 7 8 
1 5 4 6 7 8 2 3 0 
2 7 1 5 0 6 8 4 3 
3 6 8 7 5 1 4 0 2 
4 3 7 8 6 0 5 2 1 
5 8 0 1 3 2 7 6 4 
6 4 5 2 1 3 0 8 7 
7 2 3 0 8 4 1 5 6 
8 0 6 4 2 7 3 1 5 


0 1 2 3 4 5 6 7 8 
2 8 7 0 3 1 4 5 6 
3 5 6 4 1 2 0 8 7 
1 7 3 6 0 8 2 4 5 
5 6 0 2 8 3 7 1 4 
6 4 8 5 2 7 1 3 0 
4 3 1 8 7 0 5 6 2 
8 0 4 7 5 6 3 2 1 
7 2 5 1 6 4 8 0 3 

Solution found
Time elapsed: 103859
Number of branches explored: 2336846
Number of conflicts: 1270318
---------------------------------
n = 10
Symmetry Breaking: N
Seed: 1994987319
7 2 0 6 5 3 4 9 8 1 
6 1 8 0 2 7 3 4 5 9 
1 9 4 2 3 6 8 7 0 5 
4 0 7 3 8 1 9 5 2 6 
8 4 5 9 7 2 6 0 1 3 
0 5 3 4 9 8 1 2 6 7 
3 6 2 7 1 9 5 8 4 0 
2 7 1 5 6 4 0 3 9 8 
9 3 6 8 0 5 2 1 7 4 
5 8 9 1 4 0 7 6 3 2 


9 5 6 2 7 3 1 0 8 4 
5 8 4 3 0 6 9 7 1 2 
3 1 0 8 2 9 5 4 7 6 
6 4 5 7 9 1 3 8 2 0 
7 2 3 6 1 4 8 9 0 5 
2 9 1 4 5 0 7 3 6 8 
8 3 9 0 6 7 4 2 5 1 
1 7 2 5 4 8 0 6 9 3 
4 0 7 1 8 2 6 5 3 9 
0 6 8 9 3 5 2 1 4 7 

Solution found
Time elapsed: 158938
Number of branches explored: 3980173
Number of conflicts: 1785934
---------------------------------
n = 10
Symmetry Breaking: N
Seed: 1258789478
7 2 0 6 5 3 4 9 8 1 
6 1 8 0 2 7 3 4 5 9 
1 9 4 2 3 6 8 7 0 5 
4 0 7 3 8 1 9 5 2 6 
8 4 5 9 7 2 6 0 1 3 
0 5 3 4 9 8 1 2 6 7 
3 6 2 7 1 9 5 8 4 0 
2 7 1 5 6 4 0 3 9 8 
9 3 6 8 0 5 2 1 7 4 
5 8 9 1 4 0 7 6 3 2 


9 5 6 2 7 3 1 0 8 4 
5 8 4 3 0 6 9 7 1 2 
3 1 0 8 2 9 5 4 7 6 
6 4 5 7 9 1 3 8 2 0 
7 2 3 6 1 4 8 9 0 5 
2 9 1 4 5 0 7 3 6 8 
8 3 9 0 6 7 4 2 5 1 
1 7 2 5 4 8 0 6 9 3 
4 0 7 1 8 2 6 5 3 9 
0 6 8 9 3 5 2 1 4 7 

Solution found
Time elapsed: 159131
Number of branches explored: 3980173
Number of conflicts: 1785934
---------------------------------
n = 10
Symmetry Breaking: N
Seed: 396676809
7 2 0 6 5 3 4 9 8 1 
6 1 8 0 2 7 3 4 5 9 
1 9 4 2 3 6 8 7 0 5 
4 0 7 3 8 1 9 5 2 6 
8 4 5 9 7 2 6 0 1 3 
0 5 3 4 9 8 1 2 6 7 
3 6 2 7 1 9 5 8 4 0 
2 7 1 5 6 4 0 3 9 8 
9 3 6 8 0 5 2 1 7 4 
5 8 9 1 4 0 7 6 3 2 


9 5 6 2 7 3 1 0 8 4 
5 8 4 3 0 6 9 7 1 2 
3 1 0 8 2 9 5 4 7 6 
6 4 5 7 9 1 3 8 2 0 
7 2 3 6 1 4 8 9 0 5 
2 9 1 4 5 0 7 3 6 8 
8 3 9 0 6 7 4 2 5 1 
1 7 2 5 4 8 0 6 9 3 
4 0 7 1 8 2 6 5 3 9 
0 6 8 9 3 5 2 1 4 7 

Solution found
Time elapsed: 156738
Number of branches explored: 3980173
Number of conflicts: 1785934
---------------------------------
n = 10
Symmetry Breaking: R
Seed: 809064022
0 1 2 3 4 5 6 7 8 9 
2 5 4 6 9 7 8 1 0 3 
3 4 9 5 8 6 7 0 1 2 
9 0 6 7 2 1 5 8 3 4 
7 9 3 8 6 0 2 4 5 1 
1 7 8 2 5 4 3 9 6 0 
5 8 0 1 3 9 4 2 7 6 
8 3 5 4 0 2 1 6 9 7 
4 6 1 0 7 8 9 3 2 5 
6 2 7 9 1 3 0 5 4 8 


0 1 2 3 4 5 6 7 8 9 
7 0 6 9 1 8 3 5 4 2 
6 7 0 8 5 4 9 1 2 3 
5 6 7 2 9 3 1 4 0 8 
1 8 5 6 3 9 0 2 7 4 
9 3 1 4 2 0 8 6 5 7 
4 9 3 0 7 2 5 8 6 1 
2 4 9 1 8 6 7 0 3 5 
3 2 8 5 0 7 4 9 1 6 
8 5 4 7 6 1 2 3 9 0 

Solution found
Time elapsed: 8724203
Number of branches explored: 125401754
Number of conflicts: 71100213
---------------------------------
n = 10
Symmetry Breaking: R
Seed: 2131538827
0 1 2 3 4 5 6 7 8 9 
2 5 4 6 9 7 8 1 0 3 
3 4 9 5 8 6 7 0 1 2 
9 0 6 7 2 1 5 8 3 4 
7 9 3 8 6 0 2 4 5 1 
1 7 8 2 5 4 3 9 6 0 
5 8 0 1 3 9 4 2 7 6 
8 3 5 4 0 2 1 6 9 7 
4 6 1 0 7 8 9 3 2 5 
6 2 7 9 1 3 0 5 4 8 


0 1 2 3 4 5 6 7 8 9 
7 0 6 9 1 8 3 5 4 2 
6 7 0 8 5 4 9 1 2 3 
5 6 7 2 9 3 1 4 0 8 
1 8 5 6 3 9 0 2 7 4 
9 3 1 4 2 0 8 6 5 7 
4 9 3 0 7 2 5 8 6 1 
2 4 9 1 8 6 7 0 3 5 
3 2 8 5 0 7 4 9 1 6 
8 5 4 7 6 1 2 3 9 0 

Solution found
Time elapsed: 8239465
Number of branches explored: 125401754
Number of conflicts: 71100213
---------------------------------
n = 10
Symmetry Breaking: R
Seed: 1858497463
0 1 2 3 4 5 6 7 8 9 
2 5 4 6 9 7 8 1 0 3 
3 4 9 5 8 6 7 0 1 2 
9 0 6 7 2 1 5 8 3 4 
7 9 3 8 6 0 2 4 5 1 
1 7 8 2 5 4 3 9 6 0 
5 8 0 1 3 9 4 2 7 6 
8 3 5 4 0 2 1 6 9 7 
4 6 1 0 7 8 9 3 2 5 
6 2 7 9 1 3 0 5 4 8 


0 1 2 3 4 5 6 7 8 9 
7 0 6 9 1 8 3 5 4 2 
6 7 0 8 5 4 9 1 2 3 
5 6 7 2 9 3 1 4 0 8 
1 8 5 6 3 9 0 2 7 4 
9 3 1 4 2 0 8 6 5 7 
4 9 3 0 7 2 5 8 6 1 
2 4 9 1 8 6 7 0 3 5 
3 2 8 5 0 7 4 9 1 6 
8 5 4 7 6 1 2 3 9 0 

Solution found
Time elapsed: 8234876
Number of branches explored: 125401754
Number of conflicts: 71100213
---------------------------------
n = 10
Symmetry Breaking: D
Seed: 1982081613
0 1 2 3 4 5 6 7 8 9 
1 4 6 2 8 3 9 5 7 0 
2 8 7 4 0 9 3 6 1 5 
3 9 5 0 7 4 8 1 6 2 
4 7 3 5 2 6 0 8 9 1 
5 0 9 7 6 1 4 3 2 8 
6 5 8 1 9 0 2 4 3 7 
7 2 1 6 3 8 5 9 0 4 
8 6 0 9 5 7 1 2 4 3 
9 3 4 8 1 2 7 0 5 6 


0 1 2 3 4 5 6 7 8 9 
2 5 7 9 3 8 1 0 4 6 
3 0 6 7 1 4 5 2 9 8 
4 8 9 2 5 6 7 3 0 1 
1 3 0 4 7 9 8 6 2 5 
6 9 3 0 8 7 2 1 5 4 
5 7 1 8 0 3 4 9 6 2 
8 6 4 1 9 2 3 5 7 0 
9 4 5 6 2 1 0 8 3 7 
7 2 8 5 6 0 9 4 1 3 

Solution found
Time elapsed: 1385781
Number of branches explored: 24843924
Number of conflicts: 13812142
---------------------------------
n = 10
Symmetry Breaking: D
Seed: 796380099
0 1 2 3 4 5 6 7 8 9 
1 4 6 2 8 3 9 5 7 0 
2 8 7 4 0 9 3 6 1 5 
3 9 5 0 7 4 8 1 6 2 
4 7 3 5 2 6 0 8 9 1 
5 0 9 7 6 1 4 3 2 8 
6 5 8 1 9 0 2 4 3 7 
7 2 1 6 3 8 5 9 0 4 
8 6 0 9 5 7 1 2 4 3 
9 3 4 8 1 2 7 0 5 6 


0 1 2 3 4 5 6 7 8 9 
2 5 7 9 3 8 1 0 4 6 
3 0 6 7 1 4 5 2 9 8 
4 8 9 2 5 6 7 3 0 1 
1 3 0 4 7 9 8 6 2 5 
6 9 3 0 8 7 2 1 5 4 
5 7 1 8 0 3 4 9 6 2 
8 6 4 1 9 2 3 5 7 0 
9 4 5 6 2 1 0 8 3 7 
7 2 8 5 6 0 9 4 1 3 

Solution found
Time elapsed: 1379327
Number of branches explored: 24843924
Number of conflicts: 13812142
---------------------------------
n = 10
Symmetry Breaking: D
Seed: 1684482503
0 1 2 3 4 5 6 7 8 9 
1 4 6 2 8 3 9 5 7 0 
2 8 7 4 0 9 3 6 1 5 
3 9 5 0 7 4 8 1 6 2 
4 7 3 5 2 6 0 8 9 1 
5 0 9 7 6 1 4 3 2 8 
6 5 8 1 9 0 2 4 3 7 
7 2 1 6 3 8 5 9 0 4 
8 6 0 9 5 7 1 2 4 3 
9 3 4 8 1 2 7 0 5 6 


0 1 2 3 4 5 6 7 8 9 
2 5 7 9 3 8 1 0 4 6 
3 0 6 7 1 4 5 2 9 8 
4 8 9 2 5 6 7 3 0 1 
1 3 0 4 7 9 8 6 2 5 
6 9 3 0 8 7 2 1 5 4 
5 7 1 8 0 3 4 9 6 2 
8 6 4 1 9 2 3 5 7 0 
9 4 5 6 2 1 0 8 3 7 
7 2 8 5 6 0 9 4 1 3 

Solution found
Time elapsed: 1378864
Number of branches explored: 24843924
Number of conflicts: 13812142
---------------------------------
LOGGING END 2021-06-03 18:18:27.900854
=================================
