LOGGING BEGIN 2021-05-24 19:18:44.285467
=================================
n = 5
Symmetry Breaking: N

2 3 0 1 4 
3 4 1 2 0 
0 1 3 4 2 
1 2 4 0 3 
4 0 2 3 1 

3 1 4 2 0 
2 3 0 4 1 
0 4 3 1 2 
1 0 2 3 4 
4 2 1 0 3 
Time (s): 0.0658245
Nodes Processed: 0
---------------------------------
n = 5
Symmetry Breaking: R

0 1 2 3 4 
4 2 3 0 1 
1 3 0 4 2 
3 4 1 2 0 
2 0 4 1 3 

0 1 2 3 4 
1 3 0 4 2 
3 4 1 2 0 
2 0 4 1 3 
4 2 3 0 1 
Time (s): 0.0489025
Nodes Processed: 1
---------------------------------
n = 5
Symmetry Breaking: D

0 1 2 3 4 
1 4 3 0 2 
2 3 1 4 0 
3 0 4 2 1 
4 2 0 1 3 

0 1 2 3 4 
2 3 1 4 0 
3 0 4 2 1 
4 2 0 1 3 
1 4 3 0 2 
Time (s): 0.00498772
Nodes Processed: 0
---------------------------------
n = 6
Symmetry Breaking: N

Error code = 10005
Var::get
Time (s): 60000
Nodes Processed: 2.16912e+06
---------------------------------
n = 6
Symmetry Breaking: R

Error code = 10005
Var::get
Time (s): 60.9744
Nodes Processed: 6731
---------------------------------
n = 6
Symmetry Breaking: D

Error code = 10005
Var::get
Time (s): 2.619
Nodes Processed: 1883
---------------------------------
n = 7
Symmetry Breaking: N

3 4 5 6 0 1 2 
4 5 1 0 2 3 6 
5 1 6 2 3 0 4 
0 3 4 1 6 2 5 
2 0 3 4 5 6 1 
6 2 0 5 1 4 3 
1 6 2 3 4 5 0 

3 0 1 2 4 5 6 
1 3 2 6 5 4 0 
2 4 6 3 0 1 5 
5 6 3 0 1 2 4 
0 2 5 4 6 3 1 
4 1 0 5 3 6 2 
6 5 4 1 2 0 3 
Time (s): 3.23834
Nodes Processed: 103
---------------------------------
n = 7
Symmetry Breaking: R

0 1 2 3 4 5 6 
4 5 3 6 0 1 2 
1 2 6 4 5 0 3 
3 0 4 5 2 6 1 
2 3 0 1 6 4 5 
5 6 1 0 3 2 4 
6 4 5 2 1 3 0 

0 1 2 3 4 5 6 
1 6 5 0 2 3 4 
5 0 1 6 3 4 2 
6 5 3 4 1 2 0 
3 4 6 2 5 0 1 
2 3 4 1 0 6 5 
4 2 0 5 6 1 3 
Time (s): 1.58679
Nodes Processed: 102
---------------------------------
n = 7
Symmetry Breaking: D

0 1 2 3 4 5 6 
1 6 5 2 3 0 4 
2 5 4 6 1 3 0 
3 2 6 1 0 4 5 
4 3 1 0 5 6 2 
5 0 3 4 6 2 1 
6 4 0 5 2 1 3 

0 1 2 3 4 5 6 
2 0 4 6 1 3 5 
1 3 0 4 5 6 2 
4 5 3 0 6 2 1 
3 2 6 5 0 1 4 
6 4 5 1 2 0 3 
5 6 1 2 3 4 0 
Time (s): 12.1919
Nodes Processed: 5022
---------------------------------
n = 8
Symmetry Breaking: N

4 5 6 7 0 1 2 3 
5 1 3 4 2 0 7 6 
6 4 1 3 5 7 0 2 
7 3 2 6 1 4 5 0 
0 7 4 5 3 2 6 1 
1 0 7 2 6 5 3 4 
2 6 0 1 7 3 4 5 
3 2 5 0 4 6 1 7 

0 1 2 3 4 5 6 7 
2 6 0 5 3 7 4 1 
6 3 4 2 7 1 0 5 
7 4 1 0 2 6 5 3 
1 5 7 4 6 2 3 0 
3 2 6 7 5 0 1 4 
4 7 5 1 0 3 2 6 
5 0 3 6 1 4 7 2 
Time (s): 6.35002
Nodes Processed: 101
---------------------------------
n = 8
Symmetry Breaking: R

0 1 2 3 4 5 6 7 
4 3 6 0 7 1 2 5 
5 2 7 4 0 3 1 6 
6 7 3 2 5 4 0 1 
1 6 4 7 3 0 5 2 
2 5 0 1 6 7 3 4 
3 4 1 5 2 6 7 0 
7 0 5 6 1 2 4 3 

0 1 2 3 4 5 6 7 
5 4 1 6 2 7 3 0 
4 7 5 1 3 6 0 2 
7 6 0 5 1 2 4 3 
6 5 3 0 7 1 2 4 
1 3 7 2 0 4 5 6 
2 0 4 7 6 3 1 5 
3 2 6 4 5 0 7 1 
Time (s): 6.24231
Nodes Processed: 107
---------------------------------
n = 8
Symmetry Breaking: D

0 1 2 3 4 5 6 7 
1 0 5 4 7 6 2 3 
2 6 0 7 5 3 4 1 
3 5 6 2 1 0 7 4 
4 7 3 1 6 2 5 0 
5 3 7 6 0 4 1 2 
6 4 1 0 2 7 3 5 
7 2 4 5 3 1 0 6 

0 1 2 3 4 5 6 7 
2 6 3 0 1 4 7 5 
1 3 5 6 0 7 2 4 
4 7 1 5 3 2 0 6 
3 2 6 7 5 0 4 1 
6 0 4 2 7 1 5 3 
7 5 0 4 6 3 1 2 
5 4 7 1 2 6 3 0 
Time (s): 457.248
Nodes Processed: 64052
---------------------------------
n = 9
Symmetry Breaking: N

4 5 6 7 8 0 1 2 3 
5 3 7 2 0 4 8 1 6 
6 8 2 1 4 7 0 3 5 
7 4 1 8 6 5 3 0 2 
0 7 5 6 3 2 4 8 1 
2 0 8 5 1 3 7 6 4 
3 1 0 4 7 6 2 5 8 
8 6 3 0 2 1 5 4 7 
1 2 4 3 5 8 6 7 0 

4 0 1 2 3 5 6 7 8 
1 5 3 6 8 7 4 0 2 
3 2 8 5 0 6 1 4 7 
7 6 4 1 5 8 0 2 3 
6 4 5 0 7 2 3 8 1 
0 3 7 4 2 1 8 6 5 
2 7 0 8 1 4 5 3 6 
5 8 6 7 4 3 2 1 0 
8 1 2 3 6 0 7 5 4 
Time (s): 344.519
Nodes Processed: 5609
---------------------------------
n = 9
Symmetry Breaking: R

0 1 2 3 4 5 6 7 8 
5 2 0 6 7 3 1 8 4 
8 4 6 7 3 2 5 1 0 
1 8 5 4 0 7 3 6 2 
3 6 8 2 5 4 7 0 1 
2 5 7 1 8 6 0 4 3 
4 7 1 8 6 0 2 3 5 
6 0 3 5 1 8 4 2 7 
7 3 4 0 2 1 8 5 6 

0 1 2 3 4 5 6 7 8 
1 7 6 0 2 4 8 3 5 
6 8 5 4 7 1 3 0 2 
7 5 0 6 1 3 2 8 4 
8 2 7 5 6 0 1 4 3 
3 4 8 2 0 7 5 1 6 
2 6 4 1 3 8 0 5 7 
4 3 1 8 5 2 7 6 0 
5 0 3 7 8 6 4 2 1 
Time (s): 1938.79
Nodes Processed: 19413
---------------------------------
n = 9
Symmetry Breaking: D

Error code = 10005
Var::get
Time (s): 60000
Nodes Processed: 3.96686e+06
---------------------------------
n = 10
Symmetry Breaking: N

5 6 7 8 9 0 1 2 3 4 
6 7 5 3 2 8 0 1 4 9 
7 4 2 1 6 3 9 0 5 8 
8 1 4 9 3 6 5 7 0 2 
9 3 8 5 1 4 7 6 2 0 
0 5 6 4 7 1 2 8 9 3 
1 0 9 6 5 2 4 3 8 7 
2 9 1 0 8 7 3 4 6 5 
3 8 0 2 4 5 6 9 7 1 
4 2 3 7 0 9 8 5 1 6 

0 1 2 3 4 5 6 7 8 9 
2 6 9 7 3 4 8 0 1 5 
7 8 0 5 6 1 3 9 4 2 
8 4 5 2 9 3 7 1 0 6 
9 0 6 8 1 7 5 4 2 3 
1 3 7 0 8 2 9 5 6 4 
3 2 1 9 5 8 4 6 7 0 
4 7 8 6 0 9 2 3 5 1 
5 9 4 1 2 6 0 8 3 7 
6 5 3 4 7 0 1 2 9 8 
Time (s): 3046.44
Nodes Processed: 17143
---------------------------------
n = 10
Symmetry Breaking: R

0 1 2 3 4 5 6 7 8 9 
5 6 7 2 8 9 1 3 4 0 
9 7 3 6 2 0 8 1 5 4 
6 5 4 0 7 3 9 8 1 2 
7 8 9 4 5 2 0 6 3 1 
1 4 5 8 0 7 3 9 2 6 
2 9 6 1 3 8 5 4 0 7 
3 2 1 5 9 4 7 0 6 8 
4 0 8 7 1 6 2 5 9 3 
8 3 0 9 6 1 4 2 7 5 

0 1 2 3 4 5 6 7 8 9 
6 3 5 9 1 4 8 0 7 2 
5 4 6 7 3 1 0 9 2 8 
8 9 1 4 2 7 3 6 0 5 
9 2 8 6 7 0 5 4 1 3 
7 0 3 5 6 8 9 2 4 1 
1 7 0 2 8 3 4 5 9 6 
2 6 4 8 0 9 1 3 5 7 
3 8 9 0 5 2 7 1 6 4 
4 5 7 1 9 6 2 8 3 0 
Time (s): 29301.9
Nodes Processed: 171039
---------------------------------
n = 10
Symmetry Breaking: D

Error code = 10005
Var::get
Time (s): 60000
Nodes Processed: 3.34733e+06
---------------------------------
n = 11
Symmetry Breaking: N

Error code = 10005
Var::get
Time (s): 60000
Nodes Processed: 142388
---------------------------------